This is pdfTeX, Version 3.1415926-2.5-1.40.14 (TeX Live 2013/Debian) (format=pdflatex 2015.10.18)  20 MAR 2017 15:03
entering extended mode
 restricted \write18 enabled.
 %&-line parsing enabled.
**slides.tex
(./slides.tex
LaTeX2e <2011/06/27>
Babel <3.9h> and hyphenation patterns for 2 languages loaded.
(/usr/share/texmf/tex/latex/beamer/base/beamer.cls
(/usr/share/texmf/tex/latex/beamer/base/beamerbasercs.sty
Package: beamerbasercs 2012/11/13 (rcs-revision cb16a617839f)
)
Document Class: beamer 2012/10/15 development version 3.24 A class for typesett
ing presentations (rcs-revision 24853e6b98cf)
(/usr/share/texmf/tex/latex/beamer/base/beamerbasemodes.sty
Package: beamerbasemodes 2012/04/15 (rcs-revision cc6557182d97)
\beamer@tempbox=\box26
\beamer@tempcount=\count79
\c@beamerpauses=\count80

(/usr/share/texmf/tex/latex/beamer/base/beamerbasedecode.sty
Package: beamerbasedecode 2010/05/01 (rcs-revision efa082c6111d)
\beamer@slideinframe=\count81
\beamer@minimum=\count82
)
\beamer@commentbox=\box27
\beamer@modecount=\count83
)
(/usr/share/texlive/texmf-dist/tex/generic/oberdiek/ifpdf.sty
Package: ifpdf 2011/01/30 v2.3 Provides the ifpdf switch (HO)
Package ifpdf Info: pdfTeX in PDF mode is detected.
)
\headheight=\dimen102
\headdp=\dimen103
\footheight=\dimen104
\sidebarheight=\dimen105
\beamer@tempdim=\dimen106
\beamer@finalheight=\dimen107
\beamer@animht=\dimen108
\beamer@animdp=\dimen109
\beamer@animwd=\dimen110
\beamer@leftmargin=\dimen111
\beamer@rightmargin=\dimen112
\beamer@leftsidebar=\dimen113
\beamer@rightsidebar=\dimen114
\beamer@boxsize=\dimen115
\beamer@vboxoffset=\dimen116
\beamer@descdefault=\dimen117
\beamer@descriptionwidth=\dimen118
\beamer@lastskip=\skip41
\beamer@areabox=\box28
\beamer@animcurrent=\box29
\beamer@animshowbox=\box30
\beamer@sectionbox=\box31
\beamer@logobox=\box32
\beamer@linebox=\box33
\beamer@sectioncount=\count84
\beamer@subsubsectionmax=\count85
\beamer@subsectionmax=\count86
\beamer@sectionmax=\count87
\beamer@totalheads=\count88
\beamer@headcounter=\count89
\beamer@partstartpage=\count90
\beamer@sectionstartpage=\count91
\beamer@subsectionstartpage=\count92
\beamer@animationtempa=\count93
\beamer@animationtempb=\count94
\beamer@xpos=\count95
\beamer@ypos=\count96
\beamer@showpartnumber=\count97
\beamer@currentsubsection=\count98
\beamer@coveringdepth=\count99
\beamer@sectionadjust=\count100
\beamer@tocsectionnumber=\count101

(/usr/share/texmf/tex/latex/beamer/base/beamerbaseoptions.sty
Package: beamerbaseoptions 2010/04/27 (rcs-revision 982469101dd6)

(/usr/share/texlive/texmf-dist/tex/latex/graphics/keyval.sty
Package: keyval 1999/03/16 v1.13 key=value parser (DPC)
\KV@toks@=\toks14
))
\beamer@paperwidth=\skip42
\beamer@paperheight=\skip43

(/usr/share/texlive/texmf-dist/tex/latex/geometry/geometry.sty
Package: geometry 2010/09/12 v5.6 Page Geometry

(/usr/share/texlive/texmf-dist/tex/generic/oberdiek/ifvtex.sty
Package: ifvtex 2010/03/01 v1.5 Detect VTeX and its facilities (HO)
Package ifvtex Info: VTeX not detected.
)
(/usr/share/texlive/texmf-dist/tex/generic/ifxetex/ifxetex.sty
Package: ifxetex 2010/09/12 v0.6 Provides ifxetex conditional
)
\Gm@cnth=\count102
\Gm@cntv=\count103
\c@Gm@tempcnt=\count104
\Gm@bindingoffset=\dimen119
\Gm@wd@mp=\dimen120
\Gm@odd@mp=\dimen121
\Gm@even@mp=\dimen122
\Gm@layoutwidth=\dimen123
\Gm@layoutheight=\dimen124
\Gm@layouthoffset=\dimen125
\Gm@layoutvoffset=\dimen126
\Gm@dimlist=\toks15
)
(/usr/share/texlive/texmf-dist/tex/latex/base/size11.clo
File: size11.clo 2007/10/19 v1.4h Standard LaTeX file (size option)
)
(/usr/share/texmf/tex/latex/pgf/basiclayer/pgfcore.sty
(/usr/share/texlive/texmf-dist/tex/latex/graphics/graphicx.sty
Package: graphicx 1999/02/16 v1.0f Enhanced LaTeX Graphics (DPC,SPQR)

(/usr/share/texlive/texmf-dist/tex/latex/graphics/graphics.sty
Package: graphics 2009/02/05 v1.0o Standard LaTeX Graphics (DPC,SPQR)

(/usr/share/texlive/texmf-dist/tex/latex/graphics/trig.sty
Package: trig 1999/03/16 v1.09 sin cos tan (DPC)
)
(/usr/share/texlive/texmf-dist/tex/latex/latexconfig/graphics.cfg
File: graphics.cfg 2010/04/23 v1.9 graphics configuration of TeX Live
)
Package graphics Info: Driver file: pdftex.def on input line 91.

(/usr/share/texlive/texmf-dist/tex/latex/pdftex-def/pdftex.def
File: pdftex.def 2011/05/27 v0.06d Graphics/color for pdfTeX

(/usr/share/texlive/texmf-dist/tex/generic/oberdiek/infwarerr.sty
Package: infwarerr 2010/04/08 v1.3 Providing info/warning/error messages (HO)
)
(/usr/share/texlive/texmf-dist/tex/generic/oberdiek/ltxcmds.sty
Package: ltxcmds 2011/11/09 v1.22 LaTeX kernel commands for general use (HO)
)
\Gread@gobject=\count105
))
\Gin@req@height=\dimen127
\Gin@req@width=\dimen128
)
(/usr/share/texmf/tex/latex/pgf/systemlayer/pgfsys.sty
(/usr/share/texmf/tex/latex/pgf/utilities/pgfrcs.sty
(/usr/share/texmf/tex/generic/pgf/utilities/pgfutil-common.tex
\pgfutil@everybye=\toks16
)
(/usr/share/texmf/tex/generic/pgf/utilities/pgfutil-latex.def
\pgfutil@abb=\box34

(/usr/share/texlive/texmf-dist/tex/latex/ms/everyshi.sty
Package: everyshi 2001/05/15 v3.00 EveryShipout Package (MS)
))
(/usr/share/texmf/tex/generic/pgf/utilities/pgfrcs.code.tex
Package: pgfrcs 2010/10/25 v2.10 (rcs-revision 1.24)
))
(/usr/share/texmf/tex/generic/pgf/systemlayer/pgfsys.code.tex
Package: pgfsys 2010/06/30 v2.10 (rcs-revision 1.37)

(/usr/share/texmf/tex/generic/pgf/utilities/pgfkeys.code.tex
\pgfkeys@pathtoks=\toks17
\pgfkeys@temptoks=\toks18

(/usr/share/texmf/tex/generic/pgf/utilities/pgfkeysfiltered.code.tex
\pgfkeys@tmptoks=\toks19
))
\pgf@x=\dimen129
\pgf@y=\dimen130
\pgf@xa=\dimen131
\pgf@ya=\dimen132
\pgf@xb=\dimen133
\pgf@yb=\dimen134
\pgf@xc=\dimen135
\pgf@yc=\dimen136
\w@pgf@writea=\write3
\r@pgf@reada=\read1
\c@pgf@counta=\count106
\c@pgf@countb=\count107
\c@pgf@countc=\count108
\c@pgf@countd=\count109

(/usr/share/texmf/tex/generic/pgf/systemlayer/pgf.cfg
File: pgf.cfg 2008/05/14  (rcs-revision 1.7)
)
Package pgfsys Info: Driver file for pgf: pgfsys-pdftex.def on input line 900.

(/usr/share/texmf/tex/generic/pgf/systemlayer/pgfsys-pdftex.def
File: pgfsys-pdftex.def 2009/05/22  (rcs-revision 1.26)

(/usr/share/texmf/tex/generic/pgf/systemlayer/pgfsys-common-pdf.def
File: pgfsys-common-pdf.def 2008/05/19  (rcs-revision 1.10)
)))
(/usr/share/texmf/tex/generic/pgf/systemlayer/pgfsyssoftpath.code.tex
File: pgfsyssoftpath.code.tex 2008/07/18  (rcs-revision 1.7)
\pgfsyssoftpath@smallbuffer@items=\count110
\pgfsyssoftpath@bigbuffer@items=\count111
)
(/usr/share/texmf/tex/generic/pgf/systemlayer/pgfsysprotocol.code.tex
File: pgfsysprotocol.code.tex 2006/10/16  (rcs-revision 1.4)
))
(/usr/share/texmf/tex/latex/xcolor/xcolor.sty
Package: xcolor 2007/01/21 v2.11 LaTeX color extensions (UK)

(/usr/share/texlive/texmf-dist/tex/latex/latexconfig/color.cfg
File: color.cfg 2007/01/18 v1.5 color configuration of teTeX/TeXLive
)
Package xcolor Info: Driver file: pdftex.def on input line 225.
Package xcolor Info: Model `cmy' substituted by `cmy0' on input line 1337.
Package xcolor Info: Model `hsb' substituted by `rgb' on input line 1341.
Package xcolor Info: Model `RGB' extended on input line 1353.
Package xcolor Info: Model `HTML' substituted by `rgb' on input line 1355.
Package xcolor Info: Model `Hsb' substituted by `hsb' on input line 1356.
Package xcolor Info: Model `tHsb' substituted by `hsb' on input line 1357.
Package xcolor Info: Model `HSB' substituted by `hsb' on input line 1358.
Package xcolor Info: Model `Gray' substituted by `gray' on input line 1359.
Package xcolor Info: Model `wave' substituted by `hsb' on input line 1360.
)
(/usr/share/texmf/tex/generic/pgf/basiclayer/pgfcore.code.tex
Package: pgfcore 2010/04/11 v2.10 (rcs-revision 1.7)

(/usr/share/texmf/tex/generic/pgf/math/pgfmath.code.tex
(/usr/share/texmf/tex/generic/pgf/math/pgfmathcalc.code.tex
(/usr/share/texmf/tex/generic/pgf/math/pgfmathutil.code.tex)
(/usr/share/texmf/tex/generic/pgf/math/pgfmathparser.code.tex
\pgfmath@dimen=\dimen137
\pgfmath@count=\count112
\pgfmath@box=\box35
\pgfmath@toks=\toks20
\pgfmath@stack@operand=\toks21
\pgfmath@stack@operation=\toks22
)
(/usr/share/texmf/tex/generic/pgf/math/pgfmathfunctions.code.tex
(/usr/share/texmf/tex/generic/pgf/math/pgfmathfunctions.basic.code.tex)
(/usr/share/texmf/tex/generic/pgf/math/pgfmathfunctions.trigonometric.code.tex)
(/usr/share/texmf/tex/generic/pgf/math/pgfmathfunctions.random.code.tex)
(/usr/share/texmf/tex/generic/pgf/math/pgfmathfunctions.comparison.code.tex)
(/usr/share/texmf/tex/generic/pgf/math/pgfmathfunctions.base.code.tex)
(/usr/share/texmf/tex/generic/pgf/math/pgfmathfunctions.round.code.tex)
(/usr/share/texmf/tex/generic/pgf/math/pgfmathfunctions.misc.code.tex)))
(/usr/share/texmf/tex/generic/pgf/math/pgfmathfloat.code.tex
\c@pgfmathroundto@lastzeros=\count113
))
(/usr/share/texmf/tex/generic/pgf/basiclayer/pgfcorepoints.code.tex
File: pgfcorepoints.code.tex 2010/04/09  (rcs-revision 1.20)
\pgf@picminx=\dimen138
\pgf@picmaxx=\dimen139
\pgf@picminy=\dimen140
\pgf@picmaxy=\dimen141
\pgf@pathminx=\dimen142
\pgf@pathmaxx=\dimen143
\pgf@pathminy=\dimen144
\pgf@pathmaxy=\dimen145
\pgf@xx=\dimen146
\pgf@xy=\dimen147
\pgf@yx=\dimen148
\pgf@yy=\dimen149
\pgf@zx=\dimen150
\pgf@zy=\dimen151
)
(/usr/share/texmf/tex/generic/pgf/basiclayer/pgfcorepathconstruct.code.tex
File: pgfcorepathconstruct.code.tex 2010/08/03  (rcs-revision 1.24)
\pgf@path@lastx=\dimen152
\pgf@path@lasty=\dimen153
)
(/usr/share/texmf/tex/generic/pgf/basiclayer/pgfcorepathusage.code.tex
File: pgfcorepathusage.code.tex 2008/04/22  (rcs-revision 1.12)
\pgf@shorten@end@additional=\dimen154
\pgf@shorten@start@additional=\dimen155
)
(/usr/share/texmf/tex/generic/pgf/basiclayer/pgfcorescopes.code.tex
File: pgfcorescopes.code.tex 2010/09/08  (rcs-revision 1.34)
\pgfpic=\box36
\pgf@hbox=\box37
\pgf@layerbox@main=\box38
\pgf@picture@serial@count=\count114
)
(/usr/share/texmf/tex/generic/pgf/basiclayer/pgfcoregraphicstate.code.tex
File: pgfcoregraphicstate.code.tex 2008/04/22  (rcs-revision 1.9)
\pgflinewidth=\dimen156
)
(/usr/share/texmf/tex/generic/pgf/basiclayer/pgfcoretransformations.code.tex
File: pgfcoretransformations.code.tex 2009/06/10  (rcs-revision 1.11)
\pgf@pt@x=\dimen157
\pgf@pt@y=\dimen158
\pgf@pt@temp=\dimen159
)
(/usr/share/texmf/tex/generic/pgf/basiclayer/pgfcorequick.code.tex
File: pgfcorequick.code.tex 2008/10/09  (rcs-revision 1.3)
)
(/usr/share/texmf/tex/generic/pgf/basiclayer/pgfcoreobjects.code.tex
File: pgfcoreobjects.code.tex 2006/10/11  (rcs-revision 1.2)
)
(/usr/share/texmf/tex/generic/pgf/basiclayer/pgfcorepathprocessing.code.tex
File: pgfcorepathprocessing.code.tex 2008/10/09  (rcs-revision 1.8)
)
(/usr/share/texmf/tex/generic/pgf/basiclayer/pgfcorearrows.code.tex
File: pgfcorearrows.code.tex 2008/04/23  (rcs-revision 1.11)
)
(/usr/share/texmf/tex/generic/pgf/basiclayer/pgfcoreshade.code.tex
File: pgfcoreshade.code.tex 2008/11/23  (rcs-revision 1.13)
\pgf@max=\dimen160
\pgf@sys@shading@range@num=\count115
)
(/usr/share/texmf/tex/generic/pgf/basiclayer/pgfcoreimage.code.tex
File: pgfcoreimage.code.tex 2010/03/25  (rcs-revision 1.16)

(/usr/share/texmf/tex/generic/pgf/basiclayer/pgfcoreexternal.code.tex
File: pgfcoreexternal.code.tex 2010/09/01  (rcs-revision 1.17)
\pgfexternal@startupbox=\box39
))
(/usr/share/texmf/tex/generic/pgf/basiclayer/pgfcorelayers.code.tex
File: pgfcorelayers.code.tex 2010/08/27  (rcs-revision 1.2)
)
(/usr/share/texmf/tex/generic/pgf/basiclayer/pgfcoretransparency.code.tex
File: pgfcoretransparency.code.tex 2008/01/17  (rcs-revision 1.2)
)
(/usr/share/texmf/tex/generic/pgf/basiclayer/pgfcorepatterns.code.tex
File: pgfcorepatterns.code.tex 2009/07/02  (rcs-revision 1.3)
)))
(/usr/share/texmf/tex/latex/pgf/utilities/xxcolor.sty
Package: xxcolor 2003/10/24 ver 0.1
\XC@nummixins=\count116
\XC@countmixins=\count117
)
(/usr/share/texlive/texmf-dist/tex/latex/hyperref/hyperref.sty
Package: hyperref 2012/11/06 v6.83m Hypertext links for LaTeX

(/usr/share/texlive/texmf-dist/tex/generic/oberdiek/hobsub-hyperref.sty
Package: hobsub-hyperref 2012/05/28 v1.13 Bundle oberdiek, subset hyperref (HO)


(/usr/share/texlive/texmf-dist/tex/generic/oberdiek/hobsub-generic.sty
Package: hobsub-generic 2012/05/28 v1.13 Bundle oberdiek, subset generic (HO)
Package: hobsub 2012/05/28 v1.13 Construct package bundles (HO)
Package hobsub Info: Skipping package `infwarerr' (already loaded).
Package hobsub Info: Skipping package `ltxcmds' (already loaded).
Package: ifluatex 2010/03/01 v1.3 Provides the ifluatex switch (HO)
Package ifluatex Info: LuaTeX not detected.
Package hobsub Info: Skipping package `ifvtex' (already loaded).
Package: intcalc 2007/09/27 v1.1 Expandable calculations with integers (HO)
Package hobsub Info: Skipping package `ifpdf' (already loaded).
Package: etexcmds 2011/02/16 v1.5 Avoid name clashes with e-TeX commands (HO)
Package etexcmds Info: Could not find \expanded.
(etexcmds)             That can mean that you are not using pdfTeX 1.50 or
(etexcmds)             that some package has redefined \expanded.
(etexcmds)             In the latter case, load this package earlier.
Package: kvsetkeys 2012/04/25 v1.16 Key value parser (HO)
Package: kvdefinekeys 2011/04/07 v1.3 Define keys (HO)
Package: pdftexcmds 2011/11/29 v0.20 Utility functions of pdfTeX for LuaTeX (HO
)
Package pdftexcmds Info: LuaTeX not detected.
Package pdftexcmds Info: \pdf@primitive is available.
Package pdftexcmds Info: \pdf@ifprimitive is available.
Package pdftexcmds Info: \pdfdraftmode found.
Package: pdfescape 2011/11/25 v1.13 Implements pdfTeX's escape features (HO)
Package: bigintcalc 2012/04/08 v1.3 Expandable calculations on big integers (HO
)
Package: bitset 2011/01/30 v1.1 Handle bit-vector datatype (HO)
Package: uniquecounter 2011/01/30 v1.2 Provide unlimited unique counter (HO)
)
Package hobsub Info: Skipping package `hobsub' (already loaded).
Package: letltxmacro 2010/09/02 v1.4 Let assignment for LaTeX macros (HO)
Package: hopatch 2012/05/28 v1.2 Wrapper for package hooks (HO)
Package: xcolor-patch 2011/01/30 xcolor patch
Package: atveryend 2011/06/30 v1.8 Hooks at the very end of document (HO)
Package atveryend Info: \enddocument detected (standard20110627).
Package: atbegshi 2011/10/05 v1.16 At begin shipout hook (HO)
Package: refcount 2011/10/16 v3.4 Data extraction from label references (HO)
Package: hycolor 2011/01/30 v1.7 Color options for hyperref/bookmark (HO)
)
(/usr/share/texlive/texmf-dist/tex/latex/oberdiek/auxhook.sty
Package: auxhook 2011/03/04 v1.3 Hooks for auxiliary files (HO)
)
(/usr/share/texlive/texmf-dist/tex/latex/oberdiek/kvoptions.sty
Package: kvoptions 2011/06/30 v3.11 Key value format for package options (HO)
)
\@linkdim=\dimen161
\Hy@linkcounter=\count118
\Hy@pagecounter=\count119

(/usr/share/texlive/texmf-dist/tex/latex/hyperref/pd1enc.def
File: pd1enc.def 2012/11/06 v6.83m Hyperref: PDFDocEncoding definition (HO)
)
\Hy@SavedSpaceFactor=\count120

(/usr/share/texlive/texmf-dist/tex/latex/latexconfig/hyperref.cfg
File: hyperref.cfg 2002/06/06 v1.2 hyperref configuration of TeXLive
)
Package hyperref Info: Option `bookmarks' set `true' on input line 4319.
Package hyperref Info: Option `bookmarksopen' set `true' on input line 4319.
Package hyperref Info: Option `implicit' set `false' on input line 4319.
Package hyperref Info: Hyper figures OFF on input line 4443.
Package hyperref Info: Link nesting OFF on input line 4448.
Package hyperref Info: Hyper index ON on input line 4451.
Package hyperref Info: Plain pages OFF on input line 4458.
Package hyperref Info: Backreferencing OFF on input line 4463.
Package hyperref Info: Implicit mode OFF; no redefinition of LaTeX internals.
Package hyperref Info: Bookmarks ON on input line 4688.
\c@Hy@tempcnt=\count121

(/usr/share/texlive/texmf-dist/tex/latex/url/url.sty
\Urlmuskip=\muskip10
Package: url 2013/09/16  ver 3.4  Verb mode for urls, etc.
)
LaTeX Info: Redefining \url on input line 5041.
\XeTeXLinkMargin=\dimen162
\Fld@menulength=\count122
\Field@Width=\dimen163
\Fld@charsize=\dimen164
Package hyperref Info: Hyper figures OFF on input line 6295.
Package hyperref Info: Link nesting OFF on input line 6300.
Package hyperref Info: Hyper index ON on input line 6303.
Package hyperref Info: backreferencing OFF on input line 6310.
Package hyperref Info: Link coloring OFF on input line 6315.
Package hyperref Info: Link coloring with OCG OFF on input line 6320.
Package hyperref Info: PDF/A mode OFF on input line 6325.
LaTeX Info: Redefining \ref on input line 6365.
LaTeX Info: Redefining \pageref on input line 6369.
\Hy@abspage=\count123


Package hyperref Message: Stopped early.

)

Package hyperref Message: Driver (autodetected): hpdftex.

(/usr/share/texlive/texmf-dist/tex/latex/hyperref/hpdftex.def
File: hpdftex.def 2012/11/06 v6.83m Hyperref driver for pdfTeX
\Fld@listcount=\count124
\c@bookmark@seq@number=\count125

(/usr/share/texlive/texmf-dist/tex/latex/oberdiek/rerunfilecheck.sty
Package: rerunfilecheck 2011/04/15 v1.7 Rerun checks for auxiliary files (HO)
Package uniquecounter Info: New unique counter `rerunfilecheck' on input line 2
82.
))
(/usr/share/texmf/tex/latex/beamer/base/beamerbaserequires.sty
Package: beamerbaserequires 2010/05/01  (rcs-revision efa082c6111d)

(/usr/share/texmf/tex/latex/beamer/base/beamerbasecompatibility.sty
Package: beamerbasecompatibility 2012/05/01  (rcs-revision 67c48b3b652d)
)
(/usr/share/texmf/tex/latex/beamer/base/beamerbasefont.sty
Package: beamerbasefont 2012/09/19  (rcs-revision 733629cd0c6c)

(/usr/share/texlive/texmf-dist/tex/latex/amsfonts/amssymb.sty
Package: amssymb 2013/01/14 v3.01 AMS font symbols

(/usr/share/texlive/texmf-dist/tex/latex/amsfonts/amsfonts.sty
Package: amsfonts 2013/01/14 v3.01 Basic AMSFonts support
\@emptytoks=\toks23
\symAMSa=\mathgroup4
\symAMSb=\mathgroup5
LaTeX Font Info:    Overwriting math alphabet `\mathfrak' in version `bold'
(Font)                  U/euf/m/n --> U/euf/b/n on input line 106.
)))
(/usr/share/texmf/tex/latex/beamer/base/beamerbasetranslator.sty
Package: beamerbasetranslator 2010/06/11  (rcs-revision 85fd1cc7fc42)

(/usr/share/texmf/tex/latex/beamer/base/translator/translator.sty
Package: translator 2010/06/12 ver 1.10

(/usr/share/texmf/tex/latex/beamer/base/translator/translator-language-mappings
.tex))) (/usr/share/texmf/tex/latex/beamer/base/beamerbasemisc.sty
Package: beamerbasemisc 2012/02/24  (rcs-revision 2ff5461be705)
)
(/usr/share/texmf/tex/latex/beamer/base/beamerbasetwoscreens.sty
Package: beamerbasetwoscreens 2010/05/01  (rcs-revision efa082c6111d)
)
(/usr/share/texmf/tex/latex/beamer/base/beamerbaseoverlay.sty
Package: beamerbaseoverlay 2012/11/11  (rcs-revision 6afbc49b1109)
\beamer@argscount=\count126
\beamer@lastskipcover=\skip44
\beamer@trivlistdepth=\count127
)
(/usr/share/texmf/tex/latex/beamer/base/beamerbasetitle.sty
Package: beamerbasetitle 2010/09/21  (rcs-revision f0446ed0b6ae)
)
(/usr/share/texmf/tex/latex/beamer/base/beamerbasesection.sty
Package: beamerbasesection 2012/11/11  (rcs-revision 0056eef6f17f)
\c@lecture=\count128
\c@part=\count129
\c@section=\count130
\c@subsection=\count131
\c@subsubsection=\count132
)
(/usr/share/texmf/tex/latex/beamer/base/beamerbaseframe.sty
Package: beamerbaseframe 2012/09/13  (rcs-revision dcd846607320)
\beamer@framebox=\box40
\beamer@frametitlebox=\box41
\beamer@zoombox=\box42
\beamer@zoomcount=\count133
\beamer@zoomframecount=\count134
\beamer@frametextheight=\dimen165
\c@subsectionslide=\count135
\beamer@frametopskip=\skip45
\beamer@framebottomskip=\skip46
\beamer@frametopskipautobreak=\skip47
\beamer@framebottomskipautobreak=\skip48
\beamer@envbody=\toks24
\framewidth=\dimen166
\c@framenumber=\count136
)
(/usr/share/texmf/tex/latex/beamer/base/beamerbaseverbatim.sty
Package: beamerbaseverbatim 2012/08/30  (rcs-revision dfdb135076b3)
\beamer@verbatimfileout=\write4
)
(/usr/share/texmf/tex/latex/beamer/base/beamerbaseframesize.sty
Package: beamerbaseframesize 2011/09/12  (rcs-revision 70f9d8411e54)
\beamer@splitbox=\box43
\beamer@autobreakcount=\count137
\beamer@autobreaklastheight=\dimen167
\beamer@frametitletoks=\toks25
\beamer@framesubtitletoks=\toks26
)
(/usr/share/texmf/tex/latex/beamer/base/beamerbaseframecomponents.sty
Package: beamerbaseframecomponents 2012/09/13  (rcs-revision dcd846607320)
\beamer@footins=\box44
)
(/usr/share/texmf/tex/latex/beamer/base/beamerbasecolor.sty
Package: beamerbasecolor 2010/06/06  (rcs-revision d1a9b48be06d)
)
(/usr/share/texmf/tex/latex/beamer/base/beamerbasenotes.sty
Package: beamerbasenotes 2010/05/01  (rcs-revision efa082c6111d)
\beamer@frameboxcopy=\box45
)
(/usr/share/texmf/tex/latex/beamer/base/beamerbasetoc.sty
Package: beamerbasetoc 2012/10/02  (rcs-revision 5ed0f4010e8a)
)
(/usr/share/texmf/tex/latex/beamer/base/beamerbasetemplates.sty
Package: beamerbasetemplates 2010/05/01  (rcs-revision efa082c6111d)
\beamer@sbttoks=\toks27

(/usr/share/texmf/tex/latex/beamer/base/beamerbaseauxtemplates.sty
Package: beamerbaseauxtemplates 2012/05/01  (rcs-revision 67c48b3b652d)

(/usr/share/texmf/tex/latex/beamer/base/beamerbaseboxes.sty
Package: beamerbaseboxes 2012/05/13  (rcs-revision 56972908a390)
\bmb@box=\box46
\bmb@colorbox=\box47
\bmb@boxshadow=\box48
\bmb@boxshadowball=\box49
\bmb@boxshadowballlarge=\box50
\bmb@temp=\dimen168
\bmb@dima=\dimen169
\bmb@dimb=\dimen170
\bmb@prevheight=\dimen171
)
\beamer@blockheadheight=\dimen172
))
(/usr/share/texmf/tex/latex/beamer/base/beamerbaselocalstructure.sty
Package: beamerbaselocalstructure 2012/11/13  (rcs-revision ddfba79dac19)

(/usr/share/texlive/texmf-dist/tex/latex/tools/enumerate.sty
Package: enumerate 1999/03/05 v3.00 enumerate extensions (DPC)
\@enLab=\toks28
)
\c@figure=\count138
\c@table=\count139
\abovecaptionskip=\skip49
\belowcaptionskip=\skip50
)
(/usr/share/texmf/tex/latex/beamer/base/beamerbasenavigation.sty
Package: beamerbasenavigation 2012/04/03  (rcs-revision 42a0f21a412d)
\beamer@section@min@dim=\dimen173
)
(/usr/share/texmf/tex/latex/beamer/base/beamerbasetheorems.sty
Package: beamerbasetheorems 2010/06/06  (rcs-revision 7e7cc5e53e9d)

(/usr/share/texlive/texmf-dist/tex/latex/amsmath/amsmath.sty
Package: amsmath 2013/01/14 v2.14 AMS math features
\@mathmargin=\skip51

For additional information on amsmath, use the `?' option.
(/usr/share/texlive/texmf-dist/tex/latex/amsmath/amstext.sty
Package: amstext 2000/06/29 v2.01

(/usr/share/texlive/texmf-dist/tex/latex/amsmath/amsgen.sty
File: amsgen.sty 1999/11/30 v2.0
\@emptytoks=\toks29
\ex@=\dimen174
))
(/usr/share/texlive/texmf-dist/tex/latex/amsmath/amsbsy.sty
Package: amsbsy 1999/11/29 v1.2d
\pmbraise@=\dimen175
)
(/usr/share/texlive/texmf-dist/tex/latex/amsmath/amsopn.sty
Package: amsopn 1999/12/14 v2.01 operator names
)
\inf@bad=\count140
LaTeX Info: Redefining \frac on input line 210.
\uproot@=\count141
\leftroot@=\count142
LaTeX Info: Redefining \overline on input line 306.
\classnum@=\count143
\DOTSCASE@=\count144
LaTeX Info: Redefining \ldots on input line 378.
LaTeX Info: Redefining \dots on input line 381.
LaTeX Info: Redefining \cdots on input line 466.
\Mathstrutbox@=\box51
\strutbox@=\box52
\big@size=\dimen176
LaTeX Font Info:    Redeclaring font encoding OML on input line 566.
LaTeX Font Info:    Redeclaring font encoding OMS on input line 567.
\macc@depth=\count145
\c@MaxMatrixCols=\count146
\dotsspace@=\muskip11
\c@parentequation=\count147
\dspbrk@lvl=\count148
\tag@help=\toks30
\row@=\count149
\column@=\count150
\maxfields@=\count151
\andhelp@=\toks31
\eqnshift@=\dimen177
\alignsep@=\dimen178
\tagshift@=\dimen179
\tagwidth@=\dimen180
\totwidth@=\dimen181
\lineht@=\dimen182
\@envbody=\toks32
\multlinegap=\skip52
\multlinetaggap=\skip53
\mathdisplay@stack=\toks33
LaTeX Info: Redefining \[ on input line 2665.
LaTeX Info: Redefining \] on input line 2666.
)
(/usr/share/texlive/texmf-dist/tex/latex/amscls/amsthm.sty
Package: amsthm 2004/08/06 v2.20
\thm@style=\toks34
\thm@bodyfont=\toks35
\thm@headfont=\toks36
\thm@notefont=\toks37
\thm@headpunct=\toks38
\thm@preskip=\skip54
\thm@postskip=\skip55
\thm@headsep=\skip56
\dth@everypar=\toks39
)
\c@theorem=\count152
)
(/usr/share/texmf/tex/latex/beamer/base/beamerbasethemes.sty
Package: beamerbasethemes 2010/05/01  (rcs-revision efa082c6111d)
))
(/usr/share/texmf/tex/latex/beamer/base/themes/theme/beamerthemedefault.sty
Package: beamerthemedefault 2010/06/17  (rcs-revision d02a7cf4d8ae)

(/usr/share/texmf/tex/latex/beamer/base/themes/font/beamerfontthemedefault.sty
Package: beamerfontthemedefault 2010/06/17  (rcs-revision d02a7cf4d8ae)
)
(/usr/share/texmf/tex/latex/beamer/base/themes/color/beamercolorthemedefault.st
y
Package: beamercolorthemedefault 2010/06/17  (rcs-revision d02a7cf4d8ae)
)
(/usr/share/texmf/tex/latex/beamer/base/themes/inner/beamerinnerthemedefault.st
y
Package: beamerinnerthemedefault 2012/05/01  (rcs-revision 67c48b3b652d)
\beamer@dima=\dimen183
\beamer@dimb=\dimen184
)
(/usr/share/texmf/tex/latex/beamer/base/themes/outer/beamerouterthemedefault.st
y
Package: beamerouterthemedefault 2012/10/02  (rcs-revision 5ed0f4010e8a)
))) (/usr/share/texlive/texmf-dist/tex/latex/enumitem/enumitem.sty
Package: enumitem 2011/09/28 v3.5.2 Customized lists
\labelindent=\skip57
\enit@outerparindent=\dimen185
\enit@toks=\toks40
\enit@inbox=\box53
\enitdp@description=\count153
)
(/usr/share/texlive/texmf-dist/tex/latex/tools/bm.sty
Package: bm 2004/02/26 v1.1c Bold Symbol Support (DPC/FMi)
\symboldoperators=\mathgroup6
\symboldletters=\mathgroup7
\symboldsymbols=\mathgroup8
LaTeX Font Info:    Redeclaring math alphabet \mathbf on input line 138.
LaTeX Info: Redefining \bm on input line 204.
)
(/usr/share/texlive/texmf-dist/tex/latex/float/float.sty
Package: float 2001/11/08 v1.3d Float enhancements (AL)
\c@float@type=\count154
\float@exts=\toks41
\float@box=\box54
\@float@everytoks=\toks42
\@floatcapt=\box55
)
(/usr/share/texlive/texmf-dist/tex/latex/setspace/setspace.sty
Package: setspace 2011/12/19 v6.7a set line spacing
)
(/usr/share/texlive/texmf-dist/tex/latex/caption/caption.sty
Package: caption 2013/05/02 v3.3-89 Customizing captions (AR)

(/usr/share/texlive/texmf-dist/tex/latex/caption/caption3.sty
Package: caption3 2013/05/02 v1.6-88 caption3 kernel (AR)
Package caption3 Info: TeX engine: e-TeX on input line 57.
\captionmargin=\dimen186
\captionmargin@=\dimen187
\captionwidth=\dimen188
\caption@tempdima=\dimen189
\caption@indent=\dimen190
\caption@parindent=\dimen191
\caption@hangindent=\dimen192
)

Package caption Warning: Configuration file caption.cfg not found on input line
 293.
See the caption package documentation for explanation.

\c@ContinuedFloat=\count155
Package caption Info: beamer document class.
Package caption Info: float package is loaded.
Package caption Info: hyperref package is loaded.
Package caption Info: Hyperref support is turned off
(caption)             because hyperref has stopped early.
) (/usr/share/texlive/texmf-dist/tex/latex/subfig/subfig.sty
Package: subfig 2005/06/28 ver: 1.3 subfig package
\c@KVtest=\count156
\sf@farskip=\skip58
\sf@captopadj=\dimen193
\sf@capskip=\skip59
\sf@nearskip=\skip60


Package subfig Warning: Configuration file subfig.cfg not found on input line 2
97.

\c@subfigure=\count157
\c@subfigure@save=\count158
\c@depth=\count159
\c@subtable=\count160
\c@subtable@save=\count161
\sf@top=\skip61
\sf@bottom=\skip62
) (/usr/share/texlive/texmf-dist/tex/latex/jknapltx/mathrsfs.sty
Package: mathrsfs 1996/01/01 Math RSFS package v1.0 (jk)
\symrsfs=\mathgroup9
)
(/usr/share/texlive/texmf-dist/tex/latex/multirow/multirow.sty
\bigstrutjot=\dimen194
)
(/usr/share/texlive/texmf-dist/tex/latex/tools/tabularx.sty
Package: tabularx 1999/01/07 v2.07 `tabularx' package (DPC)

(/usr/share/texlive/texmf-dist/tex/latex/tools/array.sty
Package: array 2008/09/09 v2.4c Tabular extension package (FMi)
\col@sep=\dimen195
\extrarowheight=\dimen196
\NC@list=\toks43
\extratabsurround=\skip63
\backup@length=\skip64
)
\TX@col@width=\dimen197
\TX@old@table=\dimen198
\TX@old@col=\dimen199
\TX@target=\dimen200
\TX@delta=\dimen201
\TX@cols=\count162
\TX@ftn=\toks44
)
(/usr/share/texlive/texmf-dist/tex/latex/booktabs/booktabs.sty
Package: booktabs 2005/04/14 v1.61803 publication quality tables
\heavyrulewidth=\dimen202
\lightrulewidth=\dimen203
\cmidrulewidth=\dimen204
\belowrulesep=\dimen205
\belowbottomsep=\dimen206
\aboverulesep=\dimen207
\abovetopsep=\dimen208
\cmidrulesep=\dimen209
\cmidrulekern=\dimen210
\defaultaddspace=\dimen211
\@cmidla=\count163
\@cmidlb=\count164
\@aboverulesep=\dimen212
\@belowrulesep=\dimen213
\@thisruleclass=\count165
\@lastruleclass=\count166
\@thisrulewidth=\dimen214
)
(/usr/share/texlive/texmf-dist/tex/latex/algorithms/algorithm.sty
Package: algorithm 2009/08/24 v0.1 Document Style `algorithm' - floating enviro
nment

(/usr/share/texlive/texmf-dist/tex/latex/base/ifthen.sty
Package: ifthen 2001/05/26 v1.1c Standard LaTeX ifthen package (DPC)
)
\@float@every@algorithm=\toks45
\c@algorithm=\count167
)
(/usr/share/texlive/texmf-dist/tex/latex/algorithmicx/algcompatible.sty
Package: algcompatible 

(/usr/share/texlive/texmf-dist/tex/latex/algorithmicx/algorithmicx.sty
Package: algorithmicx 2005/04/27 v1.2 Algorithmicx

Document Style algorithmicx 1.2 - a greatly improved `algorithmic' style
\c@ALG@line=\count168
\c@ALG@rem=\count169
\c@ALG@nested=\count170
\ALG@tlm=\skip65
\ALG@thistlm=\skip66
\c@ALG@Lnr=\count171
\c@ALG@blocknr=\count172
\c@ALG@storecount=\count173
\c@ALG@tmpcounter=\count174
\ALG@tmplength=\skip67
)
Document Style - algorithmic compatible environments for the `algorithmicx' sty
le
) (/usr/share/texlive/texmf-dist/tex/latex/algorithmicx/algpseudocode.sty
Package: algpseudocode 

Document Style - pseudocode environments for use with the `algorithmicx' style
) (./slides.aux)
\openout1 = `slides.aux'.

LaTeX Font Info:    Checking defaults for OML/cmm/m/it on input line 29.
LaTeX Font Info:    ... okay on input line 29.
LaTeX Font Info:    Checking defaults for T1/cmr/m/n on input line 29.
LaTeX Font Info:    ... okay on input line 29.
LaTeX Font Info:    Checking defaults for OT1/cmr/m/n on input line 29.
LaTeX Font Info:    ... okay on input line 29.
LaTeX Font Info:    Checking defaults for OMS/cmsy/m/n on input line 29.
LaTeX Font Info:    ... okay on input line 29.
LaTeX Font Info:    Checking defaults for OMX/cmex/m/n on input line 29.
LaTeX Font Info:    ... okay on input line 29.
LaTeX Font Info:    Checking defaults for U/cmr/m/n on input line 29.
LaTeX Font Info:    ... okay on input line 29.
LaTeX Font Info:    Checking defaults for PD1/pdf/m/n on input line 29.
LaTeX Font Info:    ... okay on input line 29.

*geometry* driver: auto-detecting
*geometry* detected driver: pdftex
*geometry* verbose mode - [ preamble ] result:
* driver: pdftex
* paper: custom
* layout: <same size as paper>
* layoutoffset:(h,v)=(0.0pt,0.0pt)
* modes: includehead includefoot 
* h-part:(L,W,R)=(28.45274pt, 398.3386pt, 28.45274pt)
* v-part:(T,H,B)=(0.0pt, 256.0748pt, 0.0pt)
* \paperwidth=455.24408pt
* \paperheight=256.0748pt
* \textwidth=398.3386pt
* \textheight=227.62207pt
* \oddsidemargin=-43.81725pt
* \evensidemargin=-43.81725pt
* \topmargin=-72.26999pt
* \headheight=14.22636pt
* \headsep=0.0pt
* \topskip=11.0pt
* \footskip=14.22636pt
* \marginparwidth=4.0pt
* \marginparsep=10.0pt
* \columnsep=10.0pt
* \skip\footins=10.0pt plus 4.0pt minus 2.0pt
* \hoffset=0.0pt
* \voffset=0.0pt
* \mag=1000
* \@twocolumnfalse
* \@twosidefalse
* \@mparswitchfalse
* \@reversemarginfalse
* (1in=72.27pt=25.4mm, 1cm=28.453pt)

(/usr/share/texlive/texmf-dist/tex/context/base/supp-pdf.mkii
[Loading MPS to PDF converter (version 2006.09.02).]
\scratchcounter=\count175
\scratchdimen=\dimen215
\scratchbox=\box56
\nofMPsegments=\count176
\nofMParguments=\count177
\everyMPshowfont=\toks46
\MPscratchCnt=\count178
\MPscratchDim=\dimen216
\MPnumerator=\count179
\makeMPintoPDFobject=\count180
\everyMPtoPDFconversion=\toks47
) (/usr/share/texlive/texmf-dist/tex/latex/oberdiek/epstopdf-base.sty
Package: epstopdf-base 2010/02/09 v2.5 Base part for package epstopdf

(/usr/share/texlive/texmf-dist/tex/latex/oberdiek/grfext.sty
Package: grfext 2010/08/19 v1.1 Manage graphics extensions (HO)
)
Package grfext Info: Graphics extension search list:
(grfext)             [.png,.pdf,.jpg,.mps,.jpeg,.jbig2,.jb2,.PNG,.PDF,.JPG,.JPE
G,.JBIG2,.JB2,.eps]
(grfext)             \AppendGraphicsExtensions on input line 452.

(/usr/share/texlive/texmf-dist/tex/latex/latexconfig/epstopdf-sys.cfg
File: epstopdf-sys.cfg 2010/07/13 v1.3 Configuration of (r)epstopdf for TeX Liv
e
))
ABD: EveryShipout initializing macros
\AtBeginShipoutBox=\box57
Package hyperref Info: Link coloring OFF on input line 29.

(/usr/share/texlive/texmf-dist/tex/latex/hyperref/nameref.sty
Package: nameref 2012/10/27 v2.43 Cross-referencing by name of section

(/usr/share/texlive/texmf-dist/tex/generic/oberdiek/gettitlestring.sty
Package: gettitlestring 2010/12/03 v1.4 Cleanup title references (HO)
)
\c@section@level=\count181
)
LaTeX Info: Redefining \ref on input line 29.
LaTeX Info: Redefining \pageref on input line 29.
LaTeX Info: Redefining \nameref on input line 29.

(./slides.out) (./slides.out)
\@outlinefile=\write5
\openout5 = `slides.out'.

LaTeX Font Info:    Overwriting symbol font `operators' in version `normal'
(Font)                  OT1/cmr/m/n --> OT1/cmss/m/n on input line 29.
LaTeX Font Info:    Overwriting symbol font `operators' in version `bold'
(Font)                  OT1/cmr/bx/n --> OT1/cmss/bx/n on input line 29.
\symnumbers=\mathgroup10
\sympureletters=\mathgroup11
LaTeX Font Info:    Overwriting math alphabet `\mathrm' in version `normal'
(Font)                  OT1/cmss/m/n --> OT1/cmr/m/n on input line 29.
LaTeX Font Info:    Redeclaring math alphabet \mathbf on input line 29.
LaTeX Font Info:    Redeclaring math alphabet \mathsf on input line 29.
LaTeX Font Info:    Overwriting math alphabet `\mathsf' in version `normal'
(Font)                  OT1/cmss/m/n --> OT1/cmss/m/n on input line 29.
LaTeX Font Info:    Overwriting math alphabet `\mathsf' in version `bold'
(Font)                  OT1/cmss/bx/n --> OT1/cmss/m/n on input line 29.
LaTeX Font Info:    Redeclaring math alphabet \mathit on input line 29.
LaTeX Font Info:    Overwriting math alphabet `\mathit' in version `normal'
(Font)                  OT1/cmr/m/it --> OT1/cmss/m/it on input line 29.
LaTeX Font Info:    Overwriting math alphabet `\mathit' in version `bold'
(Font)                  OT1/cmr/bx/it --> OT1/cmss/m/it on input line 29.
LaTeX Font Info:    Redeclaring math alphabet \mathtt on input line 29.
LaTeX Font Info:    Overwriting math alphabet `\mathtt' in version `normal'
(Font)                  OT1/cmtt/m/n --> OT1/cmtt/m/n on input line 29.
LaTeX Font Info:    Overwriting math alphabet `\mathtt' in version `bold'
(Font)                  OT1/cmtt/m/n --> OT1/cmtt/m/n on input line 29.
LaTeX Font Info:    Overwriting symbol font `numbers' in version `bold'
(Font)                  OT1/cmss/m/n --> OT1/cmss/bx/n on input line 29.
LaTeX Font Info:    Overwriting symbol font `pureletters' in version `bold'
(Font)                  OT1/cmss/m/it --> OT1/cmss/bx/it on input line 29.
LaTeX Font Info:    Overwriting math alphabet `\mathrm' in version `bold'
(Font)                  OT1/cmss/bx/n --> OT1/cmr/bx/n on input line 29.
LaTeX Font Info:    Overwriting math alphabet `\mathbf' in version `bold'
(Font)                  OT1/cmss/bx/n --> OT1/cmss/bx/n on input line 29.
LaTeX Font Info:    Overwriting math alphabet `\mathsf' in version `bold'
(Font)                  OT1/cmss/m/n --> OT1/cmss/bx/n on input line 29.
LaTeX Font Info:    Overwriting math alphabet `\mathit' in version `bold'
(Font)                  OT1/cmss/m/it --> OT1/cmss/bx/it on input line 29.
LaTeX Font Info:    Overwriting math alphabet `\mathtt' in version `bold'
(Font)                  OT1/cmtt/m/n --> OT1/cmtt/bx/n on input line 29.

(/usr/share/texmf/tex/latex/beamer/base/translator/dicts/translator-basic-dicti
onary/translator-basic-dictionary-English.dict
Dictionary: translator-basic-dictionary, Language: English 
)
(/usr/share/texmf/tex/latex/beamer/base/translator/dicts/translator-bibliograph
y-dictionary/translator-bibliography-dictionary-English.dict
Dictionary: translator-bibliography-dictionary, Language: English 
)
(/usr/share/texmf/tex/latex/beamer/base/translator/dicts/translator-environment
-dictionary/translator-environment-dictionary-English.dict
Dictionary: translator-environment-dictionary, Language: English 
)
(/usr/share/texmf/tex/latex/beamer/base/translator/dicts/translator-months-dict
ionary/translator-months-dictionary-English.dict
Dictionary: translator-months-dictionary, Language: English 
)
(/usr/share/texmf/tex/latex/beamer/base/translator/dicts/translator-numbers-dic
tionary/translator-numbers-dictionary-English.dict
Dictionary: translator-numbers-dictionary, Language: English 
)
(/usr/share/texmf/tex/latex/beamer/base/translator/dicts/translator-theorem-dic
tionary/translator-theorem-dictionary-English.dict
Dictionary: translator-theorem-dictionary, Language: English 
)
LaTeX Info: Redefining \includegraphics on input line 29.
Package caption Info: Begin \AtBeginDocument code.
Package caption Info: subfig package v1.3 is loaded.
Package caption Info: End \AtBeginDocument code.
 (./slides.nav)

LaTeX Font Warning: Font shape `OT1/cmss/m/n' in size <4> not available
(Font)              size <5> substituted on input line 33.

[1

{/var/lib/texmf/fonts/map/pdftex/updmap/pdftex.map}] [2

] [3

]
LaTeX Font Info:    Try loading font information for U+msa on input line 77.

(/usr/share/texlive/texmf-dist/tex/latex/amsfonts/umsa.fd
File: umsa.fd 2013/01/14 v3.01 AMS symbols A
)
LaTeX Font Info:    Try loading font information for U+msb on input line 77.

(/usr/share/texlive/texmf-dist/tex/latex/amsfonts/umsb.fd
File: umsb.fd 2013/01/14 v3.01 AMS symbols B
)
LaTeX Font Info:    Try loading font information for U+rsfs on input line 77.

(/usr/share/texlive/texmf-dist/tex/latex/jknapltx/ursfs.fd
File: ursfs.fd 1998/03/24 rsfs font definition file (jk)
)

LaTeX Font Warning: Font shape `OT1/cmss/bx/it' undefined
(Font)              using `OT1/cmss/bx/n' instead on input line 77.

[4

] [5

]
Package epstopdf Info: Source file: <figures/eps/GA.eps>
(epstopdf)                    date: 2017-03-06 12:21:02
(epstopdf)                    size: 140588 bytes
(epstopdf)             Output file: <figures/eps/GA-eps-converted-to.pdf>
(epstopdf)                    date: 2017-03-15 09:30:15
(epstopdf)                    size: 122791 bytes
(epstopdf)             Command: <repstopdf --outfile=figures/eps/GA-eps-convert
ed-to.pdf figures/eps/GA.eps>
(epstopdf)             \includegraphics on input line 110.
Package epstopdf Info: Output file is already uptodate.

<figures/eps/GA-eps-converted-to.pdf, id=153, 416.55624pt x 635.37375pt>
File: figures/eps/GA-eps-converted-to.pdf Graphic file (type pdf)

<use figures/eps/GA-eps-converted-to.pdf>
Package pdftex.def Info: figures/eps/GA-eps-converted-to.pdf used on input line
 110.
(pdftex.def)             Requested size: 142.26285pt x 170.71942pt.

Overfull \hbox (22.76006pt too wide) in paragraph at lines 110--110
 [][] 
 []

[6

 <./figures/eps/GA-eps-converted-to.pdf>] [7

] [8

] [9

] [10

] [11

]
Package epstopdf Info: Source file: <figures/eps/fwt.eps>
(epstopdf)                    date: 2017-03-17 00:10:51
(epstopdf)                    size: 85960 bytes
(epstopdf)             Output file: <figures/eps/fwt-eps-converted-to.pdf>
(epstopdf)                    date: 2017-03-17 00:13:13
(epstopdf)                    size: 90988 bytes
(epstopdf)             Command: <repstopdf --outfile=figures/eps/fwt-eps-conver
ted-to.pdf figures/eps/fwt.eps>
(epstopdf)             \includegraphics on input line 210.
Package epstopdf Info: Output file is already uptodate.

<figures/eps/fwt-eps-converted-to.pdf, id=320, 577.15625pt x 588.1975pt>
File: figures/eps/fwt-eps-converted-to.pdf Graphic file (type pdf)

<use figures/eps/fwt-eps-converted-to.pdf>
Package pdftex.def Info: figures/eps/fwt-eps-converted-to.pdf used on input lin
e 210.
(pdftex.def)             Requested size: 142.26317pt x 170.7165pt.
 [12

 <./figures/eps/fwt-eps-converted-to.pdf>] [13

] [14

] [15

] [16

] [17

] [18

]
Package epstopdf Info: Source file: <figures/eps/surf/b4.eps>
(epstopdf)                    date: 2015-11-10 17:37:03
(epstopdf)                    size: 47830 bytes
(epstopdf)             Output file: <figures/eps/surf/b4-eps-converted-to.pdf>
(epstopdf)                    date: 2017-03-15 09:30:15
(epstopdf)                    size: 23762 bytes
(epstopdf)             Command: <repstopdf --outfile=figures/eps/surf/b4-eps-co
nverted-to.pdf figures/eps/surf/b4.eps>
(epstopdf)             \includegraphics on input line 338.
Package epstopdf Info: Output file is already uptodate.

<figures/eps/surf/b4-eps-converted-to.pdf, id=503, 361.35pt x 252.945pt>
File: figures/eps/surf/b4-eps-converted-to.pdf Graphic file (type pdf)

<use figures/eps/surf/b4-eps-converted-to.pdf>
Package pdftex.def Info: figures/eps/surf/b4-eps-converted-to.pdf used on input
 line 338.
(pdftex.def)             Requested size: 361.34912pt x 252.94438pt.
Package epstopdf Info: Source file: <figures/eps/surf/b6.eps>
(epstopdf)                    date: 2015-11-10 17:37:03
(epstopdf)                    size: 47846 bytes
(epstopdf)             Output file: <figures/eps/surf/b6-eps-converted-to.pdf>
(epstopdf)                    date: 2017-03-15 09:30:15
(epstopdf)                    size: 23631 bytes
(epstopdf)             Command: <repstopdf --outfile=figures/eps/surf/b6-eps-co
nverted-to.pdf figures/eps/surf/b6.eps>
(epstopdf)             \includegraphics on input line 338.
Package epstopdf Info: Output file is already uptodate.

<figures/eps/surf/b6-eps-converted-to.pdf, id=504, 361.35pt x 252.945pt>
File: figures/eps/surf/b6-eps-converted-to.pdf Graphic file (type pdf)

<use figures/eps/surf/b6-eps-converted-to.pdf>
Package pdftex.def Info: figures/eps/surf/b6-eps-converted-to.pdf used on input
 line 338.
(pdftex.def)             Requested size: 361.34912pt x 252.94438pt.
Package epstopdf Info: Source file: <figures/eps/surf/b8.eps>
(epstopdf)                    date: 2015-11-10 17:37:03
(epstopdf)                    size: 47849 bytes
(epstopdf)             Output file: <figures/eps/surf/b8-eps-converted-to.pdf>
(epstopdf)                    date: 2017-03-15 09:30:15
(epstopdf)                    size: 23254 bytes
(epstopdf)             Command: <repstopdf --outfile=figures/eps/surf/b8-eps-co
nverted-to.pdf figures/eps/surf/b8.eps>
(epstopdf)             \includegraphics on input line 338.
Package epstopdf Info: Output file is already uptodate.

<figures/eps/surf/b8-eps-converted-to.pdf, id=505, 361.35pt x 252.945pt>
File: figures/eps/surf/b8-eps-converted-to.pdf Graphic file (type pdf)

<use figures/eps/surf/b8-eps-converted-to.pdf>
Package pdftex.def Info: figures/eps/surf/b8-eps-converted-to.pdf used on input
 line 338.
(pdftex.def)             Requested size: 361.34912pt x 252.94438pt.
Package epstopdf Info: Source file: <figures/eps/surf/b10.eps>
(epstopdf)                    date: 2015-11-10 17:37:03
(epstopdf)                    size: 47859 bytes
(epstopdf)             Output file: <figures/eps/surf/b10-eps-converted-to.pdf>

(epstopdf)                    date: 2017-03-15 09:30:15
(epstopdf)                    size: 23130 bytes
(epstopdf)             Command: <repstopdf --outfile=figures/eps/surf/b10-eps-c
onverted-to.pdf figures/eps/surf/b10.eps>
(epstopdf)             \includegraphics on input line 338.
Package epstopdf Info: Output file is already uptodate.

<figures/eps/surf/b10-eps-converted-to.pdf, id=506, 361.35pt x 252.945pt>
File: figures/eps/surf/b10-eps-converted-to.pdf Graphic file (type pdf)

<use figures/eps/surf/b10-eps-converted-to.pdf>
Package pdftex.def Info: figures/eps/surf/b10-eps-converted-to.pdf used on inpu
t line 338.
(pdftex.def)             Requested size: 361.34912pt x 252.94438pt.
Package epstopdf Info: Source file: <figures/eps/surf/b12.eps>
(epstopdf)                    date: 2015-11-10 17:37:03
(epstopdf)                    size: 47857 bytes
(epstopdf)             Output file: <figures/eps/surf/b12-eps-converted-to.pdf>

(epstopdf)                    date: 2017-03-15 09:30:15
(epstopdf)                    size: 22979 bytes
(epstopdf)             Command: <repstopdf --outfile=figures/eps/surf/b12-eps-c
onverted-to.pdf figures/eps/surf/b12.eps>
(epstopdf)             \includegraphics on input line 338.
Package epstopdf Info: Output file is already uptodate.

<figures/eps/surf/b12-eps-converted-to.pdf, id=507, 361.35pt x 252.945pt>
File: figures/eps/surf/b12-eps-converted-to.pdf Graphic file (type pdf)

<use figures/eps/surf/b12-eps-converted-to.pdf>
Package pdftex.def Info: figures/eps/surf/b12-eps-converted-to.pdf used on inpu
t line 338.
(pdftex.def)             Requested size: 361.34912pt x 252.94438pt.
Package epstopdf Info: Source file: <figures/eps/surf/b14.eps>
(epstopdf)                    date: 2015-11-10 17:37:03
(epstopdf)                    size: 47857 bytes
(epstopdf)             Output file: <figures/eps/surf/b14-eps-converted-to.pdf>

(epstopdf)                    date: 2017-03-15 09:30:15
(epstopdf)                    size: 22986 bytes
(epstopdf)             Command: <repstopdf --outfile=figures/eps/surf/b14-eps-c
onverted-to.pdf figures/eps/surf/b14.eps>
(epstopdf)             \includegraphics on input line 338.
Package epstopdf Info: Output file is already uptodate.

<figures/eps/surf/b14-eps-converted-to.pdf, id=508, 361.35pt x 252.945pt>
File: figures/eps/surf/b14-eps-converted-to.pdf Graphic file (type pdf)

<use figures/eps/surf/b14-eps-converted-to.pdf>
Package pdftex.def Info: figures/eps/surf/b14-eps-converted-to.pdf used on inpu
t line 338.
(pdftex.def)             Requested size: 361.34912pt x 252.94438pt.

Overfull \vbox (3.70949pt too high) detected at line 338
 []

[19

 <./figures/eps/surf/b4-eps-converted-to.pdf> <./figures/eps/surf/b6-eps-conver
ted-to.pdf> <./figures/eps/surf/b8-eps-converted-to.pdf> <./figures/eps/surf/b1
0-eps-converted-to.pdf> <./figures/eps/surf/b12-eps-converted-to.pdf> <./figure
s/eps/surf/b14-eps-converted-to.pdf>]
Package epstopdf Info: Source file: <figures/eps/slope/m.eps>
(epstopdf)                    date: 2015-11-10 17:37:17
(epstopdf)                    size: 28497 bytes
(epstopdf)             Output file: <figures/eps/slope/m-eps-converted-to.pdf>
(epstopdf)                    date: 2017-03-15 09:30:15
(epstopdf)                    size: 11243 bytes
(epstopdf)             Command: <repstopdf --outfile=figures/eps/slope/m-eps-co
nverted-to.pdf figures/eps/slope/m.eps>
(epstopdf)             \includegraphics on input line 360.
Package epstopdf Info: Output file is already uptodate.

<figures/eps/slope/m-eps-converted-to.pdf, id=581, 361.35pt x 252.945pt>
File: figures/eps/slope/m-eps-converted-to.pdf Graphic file (type pdf)

<use figures/eps/slope/m-eps-converted-to.pdf>
Package pdftex.def Info: figures/eps/slope/m-eps-converted-to.pdf used on input
 line 360.
(pdftex.def)             Requested size: 361.34912pt x 252.94438pt.
Package epstopdf Info: Source file: <figures/eps/slope/b.eps>
(epstopdf)                    date: 2015-11-10 17:37:17
(epstopdf)                    size: 29099 bytes
(epstopdf)             Output file: <figures/eps/slope/b-eps-converted-to.pdf>
(epstopdf)                    date: 2017-03-15 09:30:15
(epstopdf)                    size: 12958 bytes
(epstopdf)             Command: <repstopdf --outfile=figures/eps/slope/b-eps-co
nverted-to.pdf figures/eps/slope/b.eps>
(epstopdf)             \includegraphics on input line 360.
Package epstopdf Info: Output file is already uptodate.

<figures/eps/slope/b-eps-converted-to.pdf, id=582, 361.35pt x 252.945pt>
File: figures/eps/slope/b-eps-converted-to.pdf Graphic file (type pdf)

<use figures/eps/slope/b-eps-converted-to.pdf>
Package pdftex.def Info: figures/eps/slope/b-eps-converted-to.pdf used on input
 line 360.
(pdftex.def)             Requested size: 361.34912pt x 252.94438pt.
 [20

 <./figures/eps/slope/m-eps-converted-to.pdf> <./figures/eps/slope/b-eps-conver
ted-to.pdf>] [21

] [22

]
[23

] [24

] [25

] [26

] [27

]
Package epstopdf Info: Source file: <figures/eps/osc/b8/n004096_osc_fin_hap.eps
>
(epstopdf)                    date: 2016-11-17 09:07:12
(epstopdf)                    size: 21797 bytes
(epstopdf)             Output file: <figures/eps/osc/b8/n004096_osc_fin_hap-eps
-converted-to.pdf>
(epstopdf)                    date: 2017-03-15 09:30:15
(epstopdf)                    size: 8212 bytes
(epstopdf)             Command: <repstopdf --outfile=figures/eps/osc/b8/n004096
_osc_fin_hap-eps-converted-to.pdf figures/eps/osc/b8/n004096_osc_fin_hap.eps>
(epstopdf)             \includegraphics on input line 472.
Package epstopdf Info: Output file is already uptodate.

<figures/eps/osc/b8/n004096_osc_fin_hap-eps-converted-to.pdf, id=808, 361.35pt 
x 252.945pt>
File: figures/eps/osc/b8/n004096_osc_fin_hap-eps-converted-to.pdf Graphic file 
(type pdf)
 <use figures/eps/osc/b8/n004096_osc_fin_hap-eps-converted-to.pdf>
Package pdftex.def Info: figures/eps/osc/b8/n004096_osc_fin_hap-eps-converted-t
o.pdf used on input line 472.
(pdftex.def)             Requested size: 361.34912pt x 252.94438pt.
Package epstopdf Info: Source file: <figures/eps/osc/b8/n040960_osc_fin_hap.eps
>
(epstopdf)                    date: 2016-11-17 09:07:12
(epstopdf)                    size: 21795 bytes
(epstopdf)             Output file: <figures/eps/osc/b8/n040960_osc_fin_hap-eps
-converted-to.pdf>
(epstopdf)                    date: 2017-03-15 09:30:15
(epstopdf)                    size: 8206 bytes
(epstopdf)             Command: <repstopdf --outfile=figures/eps/osc/b8/n040960
_osc_fin_hap-eps-converted-to.pdf figures/eps/osc/b8/n040960_osc_fin_hap.eps>
(epstopdf)             \includegraphics on input line 472.
Package epstopdf Info: Output file is already uptodate.

<figures/eps/osc/b8/n040960_osc_fin_hap-eps-converted-to.pdf, id=809, 361.35pt 
x 252.945pt>
File: figures/eps/osc/b8/n040960_osc_fin_hap-eps-converted-to.pdf Graphic file 
(type pdf)
 <use figures/eps/osc/b8/n040960_osc_fin_hap-eps-converted-to.pdf>
Package pdftex.def Info: figures/eps/osc/b8/n040960_osc_fin_hap-eps-converted-t
o.pdf used on input line 472.
(pdftex.def)             Requested size: 361.34912pt x 252.94438pt.
Package epstopdf Info: Source file: <figures/eps/osc/b8/n081920_osc_fin_hap.eps
>
(epstopdf)                    date: 2016-11-17 09:07:12
(epstopdf)                    size: 21795 bytes
(epstopdf)             Output file: <figures/eps/osc/b8/n081920_osc_fin_hap-eps
-converted-to.pdf>
(epstopdf)                    date: 2017-03-15 09:30:15
(epstopdf)                    size: 8087 bytes
(epstopdf)             Command: <repstopdf --outfile=figures/eps/osc/b8/n081920
_osc_fin_hap-eps-converted-to.pdf figures/eps/osc/b8/n081920_osc_fin_hap.eps>
(epstopdf)             \includegraphics on input line 472.
Package epstopdf Info: Output file is already uptodate.

<figures/eps/osc/b8/n081920_osc_fin_hap-eps-converted-to.pdf, id=810, 361.35pt 
x 252.945pt>
File: figures/eps/osc/b8/n081920_osc_fin_hap-eps-converted-to.pdf Graphic file 
(type pdf)
 <use figures/eps/osc/b8/n081920_osc_fin_hap-eps-converted-to.pdf>
Package pdftex.def Info: figures/eps/osc/b8/n081920_osc_fin_hap-eps-converted-t
o.pdf used on input line 472.
(pdftex.def)             Requested size: 361.34912pt x 252.94438pt.
Package epstopdf Info: Source file: <figures/eps/osc/b8/osc_inf_hap.eps>
(epstopdf)                    date: 2016-11-17 09:07:12
(epstopdf)                    size: 21772 bytes
(epstopdf)             Output file: <figures/eps/osc/b8/osc_inf_hap-eps-convert
ed-to.pdf>
(epstopdf)                    date: 2017-03-15 09:30:15
(epstopdf)                    size: 7825 bytes
(epstopdf)             Command: <repstopdf --outfile=figures/eps/osc/b8/osc_inf
_hap-eps-converted-to.pdf figures/eps/osc/b8/osc_inf_hap.eps>
(epstopdf)             \includegraphics on input line 472.
Package epstopdf Info: Output file is already uptodate.

<figures/eps/osc/b8/osc_inf_hap-eps-converted-to.pdf, id=811, 361.35pt x 252.94
5pt>
File: figures/eps/osc/b8/osc_inf_hap-eps-converted-to.pdf Graphic file (type pd
f)
 <use figures/eps/osc/b8/osc_inf_hap-eps-converted-to.pdf>
Package pdftex.def Info: figures/eps/osc/b8/osc_inf_hap-eps-converted-to.pdf us
ed on input line 472.
(pdftex.def)             Requested size: 361.34912pt x 252.94438pt.
Package epstopdf Info: Source file: <figures/eps/osc/b8/n004096_osc_fin_dip.eps
>
(epstopdf)                    date: 2016-11-17 09:07:12
(epstopdf)                    size: 22243 bytes
(epstopdf)             Output file: <figures/eps/osc/b8/n004096_osc_fin_dip-eps
-converted-to.pdf>
(epstopdf)                    date: 2017-03-15 09:30:15
(epstopdf)                    size: 8125 bytes
(epstopdf)             Command: <repstopdf --outfile=figures/eps/osc/b8/n004096
_osc_fin_dip-eps-converted-to.pdf figures/eps/osc/b8/n004096_osc_fin_dip.eps>
(epstopdf)             \includegraphics on input line 472.
Package epstopdf Info: Output file is already uptodate.

<figures/eps/osc/b8/n004096_osc_fin_dip-eps-converted-to.pdf, id=812, 361.35pt 
x 252.945pt>
File: figures/eps/osc/b8/n004096_osc_fin_dip-eps-converted-to.pdf Graphic file 
(type pdf)
 <use figures/eps/osc/b8/n004096_osc_fin_dip-eps-converted-to.pdf>
Package pdftex.def Info: figures/eps/osc/b8/n004096_osc_fin_dip-eps-converted-t
o.pdf used on input line 472.
(pdftex.def)             Requested size: 361.34912pt x 252.94438pt.
Package epstopdf Info: Source file: <figures/eps/osc/b8/n040960_osc_fin_dip.eps
>
(epstopdf)                    date: 2016-11-17 09:07:12
(epstopdf)                    size: 21955 bytes
(epstopdf)             Output file: <figures/eps/osc/b8/n040960_osc_fin_dip-eps
-converted-to.pdf>
(epstopdf)                    date: 2017-03-15 09:30:15
(epstopdf)                    size: 8015 bytes
(epstopdf)             Command: <repstopdf --outfile=figures/eps/osc/b8/n040960
_osc_fin_dip-eps-converted-to.pdf figures/eps/osc/b8/n040960_osc_fin_dip.eps>
(epstopdf)             \includegraphics on input line 472.
Package epstopdf Info: Output file is already uptodate.

<figures/eps/osc/b8/n040960_osc_fin_dip-eps-converted-to.pdf, id=813, 361.35pt 
x 252.945pt>
File: figures/eps/osc/b8/n040960_osc_fin_dip-eps-converted-to.pdf Graphic file 
(type pdf)
 <use figures/eps/osc/b8/n040960_osc_fin_dip-eps-converted-to.pdf>
Package pdftex.def Info: figures/eps/osc/b8/n040960_osc_fin_dip-eps-converted-t
o.pdf used on input line 472.
(pdftex.def)             Requested size: 361.34912pt x 252.94438pt.
Package epstopdf Info: Source file: <figures/eps/osc/b8/n081920_osc_fin_dip.eps
>
(epstopdf)                    date: 2016-11-17 09:07:12
(epstopdf)                    size: 22249 bytes
(epstopdf)             Output file: <figures/eps/osc/b8/n081920_osc_fin_dip-eps
-converted-to.pdf>
(epstopdf)                    date: 2017-03-15 09:30:15
(epstopdf)                    size: 8105 bytes
(epstopdf)             Command: <repstopdf --outfile=figures/eps/osc/b8/n081920
_osc_fin_dip-eps-converted-to.pdf figures/eps/osc/b8/n081920_osc_fin_dip.eps>
(epstopdf)             \includegraphics on input line 472.
Package epstopdf Info: Output file is already uptodate.

<figures/eps/osc/b8/n081920_osc_fin_dip-eps-converted-to.pdf, id=814, 361.35pt 
x 252.945pt>
File: figures/eps/osc/b8/n081920_osc_fin_dip-eps-converted-to.pdf Graphic file 
(type pdf)
 <use figures/eps/osc/b8/n081920_osc_fin_dip-eps-converted-to.pdf>
Package pdftex.def Info: figures/eps/osc/b8/n081920_osc_fin_dip-eps-converted-t
o.pdf used on input line 472.
(pdftex.def)             Requested size: 361.34912pt x 252.94438pt.
Package epstopdf Info: Source file: <figures/eps/osc/b8/osc_inf_dip.eps>
(epstopdf)                    date: 2016-11-17 09:07:12
(epstopdf)                    size: 21632 bytes
(epstopdf)             Output file: <figures/eps/osc/b8/osc_inf_dip-eps-convert
ed-to.pdf>
(epstopdf)                    date: 2017-03-15 09:30:15
(epstopdf)                    size: 7594 bytes
(epstopdf)             Command: <repstopdf --outfile=figures/eps/osc/b8/osc_inf
_dip-eps-converted-to.pdf figures/eps/osc/b8/osc_inf_dip.eps>
(epstopdf)             \includegraphics on input line 472.
Package epstopdf Info: Output file is already uptodate.

<figures/eps/osc/b8/osc_inf_dip-eps-converted-to.pdf, id=815, 361.35pt x 252.94
5pt>
File: figures/eps/osc/b8/osc_inf_dip-eps-converted-to.pdf Graphic file (type pd
f)
 <use figures/eps/osc/b8/osc_inf_dip-eps-converted-to.pdf>
Package pdftex.def Info: figures/eps/osc/b8/osc_inf_dip-eps-converted-to.pdf us
ed on input line 472.
(pdftex.def)             Requested size: 361.34912pt x 252.94438pt.
 [28

 <./figures/eps/osc/b8/n004096_osc_fin_hap-eps-converted-to.pdf> <./figures/eps
/osc/b8/n040960_osc_fin_hap-eps-converted-to.pdf> <./figures/eps/osc/b8/n081920
_osc_fin_hap-eps-converted-to.pdf> <./figures/eps/osc/b8/osc_inf_hap-eps-conver
ted-to.pdf> <./figures/eps/osc/b8/n004096_osc_fin_dip-eps-converted-to.pdf> <./
figures/eps/osc/b8/n040960_osc_fin_dip-eps-converted-to.pdf> <./figures/eps/osc
/b8/n081920_osc_fin_dip-eps-converted-to.pdf> <./figures/eps/osc/b8/osc_inf_dip
-eps-converted-to.pdf>] [29

] [30

] [31

] [32

]
Package epstopdf Info: Source file: <figures/eps/vio/mu/b8/e0.01/n00004096_fin_
dip_wovio.eps>
(epstopdf)                    date: 2016-11-23 12:53:45
(epstopdf)                    size: 21940 bytes
(epstopdf)             Output file: <figures/eps/vio/mu/b8/e0.01/n00004096_fin_
dip_wovio-eps-converted-to.pdf>
(epstopdf)                    date: 2017-03-15 09:30:15
(epstopdf)                    size: 7948 bytes
(epstopdf)             Command: <repstopdf --outfile=figures/eps/vio/mu/b8/e0.0
1/n00004096_fin_dip_wovio-eps-converted-to.pdf figures/eps/vio/mu/b8/e0.01/n000
04096_fin_dip_wovio.eps>
(epstopdf)             \includegraphics on input line 557.
Package epstopdf Info: Output file is already uptodate.

<figures/eps/vio/mu/b8/e0.01/n00004096_fin_dip_wovio-eps-converted-to.pdf, id=1
015, 361.35pt x 252.945pt>
File: figures/eps/vio/mu/b8/e0.01/n00004096_fin_dip_wovio-eps-converted-to.pdf 
Graphic file (type pdf)

<use figures/eps/vio/mu/b8/e0.01/n00004096_fin_dip_wovio-eps-converted-to.pdf>
Package pdftex.def Info: figures/eps/vio/mu/b8/e0.01/n00004096_fin_dip_wovio-ep
s-converted-to.pdf used on input line 557.
(pdftex.def)             Requested size: 361.34912pt x 252.94438pt.
Package epstopdf Info: Source file: <figures/eps/vio/mu/b8/e0.01/n00040960_fin_
dip_wovio.eps>
(epstopdf)                    date: 2016-11-23 12:53:45
(epstopdf)                    size: 21847 bytes
(epstopdf)             Output file: <figures/eps/vio/mu/b8/e0.01/n00040960_fin_
dip_wovio-eps-converted-to.pdf>
(epstopdf)                    date: 2017-03-15 09:30:15
(epstopdf)                    size: 7884 bytes
(epstopdf)             Command: <repstopdf --outfile=figures/eps/vio/mu/b8/e0.0
1/n00040960_fin_dip_wovio-eps-converted-to.pdf figures/eps/vio/mu/b8/e0.01/n000
40960_fin_dip_wovio.eps>
(epstopdf)             \includegraphics on input line 557.
Package epstopdf Info: Output file is already uptodate.

<figures/eps/vio/mu/b8/e0.01/n00040960_fin_dip_wovio-eps-converted-to.pdf, id=1
016, 361.35pt x 252.945pt>
File: figures/eps/vio/mu/b8/e0.01/n00040960_fin_dip_wovio-eps-converted-to.pdf 
Graphic file (type pdf)

<use figures/eps/vio/mu/b8/e0.01/n00040960_fin_dip_wovio-eps-converted-to.pdf>
Package pdftex.def Info: figures/eps/vio/mu/b8/e0.01/n00040960_fin_dip_wovio-ep
s-converted-to.pdf used on input line 557.
(pdftex.def)             Requested size: 361.34912pt x 252.94438pt.
Package epstopdf Info: Source file: <figures/eps/vio/mu/b8/e0.01/n00081920_fin_
dip_wovio.eps>
(epstopdf)                    date: 2016-11-23 12:53:45
(epstopdf)                    size: 22298 bytes
(epstopdf)             Output file: <figures/eps/vio/mu/b8/e0.01/n00081920_fin_
dip_wovio-eps-converted-to.pdf>
(epstopdf)                    date: 2017-03-15 09:30:15
(epstopdf)                    size: 7991 bytes
(epstopdf)             Command: <repstopdf --outfile=figures/eps/vio/mu/b8/e0.0
1/n00081920_fin_dip_wovio-eps-converted-to.pdf figures/eps/vio/mu/b8/e0.01/n000
81920_fin_dip_wovio.eps>
(epstopdf)             \includegraphics on input line 557.
Package epstopdf Info: Output file is already uptodate.

<figures/eps/vio/mu/b8/e0.01/n00081920_fin_dip_wovio-eps-converted-to.pdf, id=1
017, 361.35pt x 252.945pt>
File: figures/eps/vio/mu/b8/e0.01/n00081920_fin_dip_wovio-eps-converted-to.pdf 
Graphic file (type pdf)

<use figures/eps/vio/mu/b8/e0.01/n00081920_fin_dip_wovio-eps-converted-to.pdf>
Package pdftex.def Info: figures/eps/vio/mu/b8/e0.01/n00081920_fin_dip_wovio-ep
s-converted-to.pdf used on input line 557.
(pdftex.def)             Requested size: 361.34912pt x 252.94438pt.
Package epstopdf Info: Source file: <figures/eps/vio/mu/b8/e0.01/inf_dip_wovio.
eps>
(epstopdf)                    date: 2016-11-23 12:53:45
(epstopdf)                    size: 21677 bytes
(epstopdf)             Output file: <figures/eps/vio/mu/b8/e0.01/inf_dip_wovio-
eps-converted-to.pdf>
(epstopdf)                    date: 2017-03-15 09:30:15
(epstopdf)                    size: 7625 bytes
(epstopdf)             Command: <repstopdf --outfile=figures/eps/vio/mu/b8/e0.0
1/inf_dip_wovio-eps-converted-to.pdf figures/eps/vio/mu/b8/e0.01/inf_dip_wovio.
eps>
(epstopdf)             \includegraphics on input line 557.
Package epstopdf Info: Output file is already uptodate.

<figures/eps/vio/mu/b8/e0.01/inf_dip_wovio-eps-converted-to.pdf, id=1018, 361.3
5pt x 252.945pt>
File: figures/eps/vio/mu/b8/e0.01/inf_dip_wovio-eps-converted-to.pdf Graphic fi
le (type pdf)

<use figures/eps/vio/mu/b8/e0.01/inf_dip_wovio-eps-converted-to.pdf>
Package pdftex.def Info: figures/eps/vio/mu/b8/e0.01/inf_dip_wovio-eps-converte
d-to.pdf used on input line 557.
(pdftex.def)             Requested size: 361.34912pt x 252.94438pt.
Package epstopdf Info: Source file: <figures/eps/vio/mu/b8/e0.1/n00004096_fin_d
ip_wovio.eps>
(epstopdf)                    date: 2016-11-23 12:53:46
(epstopdf)                    size: 21902 bytes
(epstopdf)             Output file: <figures/eps/vio/mu/b8/e0.1/n00004096_fin_d
ip_wovio-eps-converted-to.pdf>
(epstopdf)                    date: 2017-03-15 09:30:15
(epstopdf)                    size: 7935 bytes
(epstopdf)             Command: <repstopdf --outfile=figures/eps/vio/mu/b8/e0.1
/n00004096_fin_dip_wovio-eps-converted-to.pdf figures/eps/vio/mu/b8/e0.1/n00004
096_fin_dip_wovio.eps>
(epstopdf)             \includegraphics on input line 557.
Package epstopdf Info: Output file is already uptodate.

<figures/eps/vio/mu/b8/e0.1/n00004096_fin_dip_wovio-eps-converted-to.pdf, id=10
19, 361.35pt x 252.945pt>
File: figures/eps/vio/mu/b8/e0.1/n00004096_fin_dip_wovio-eps-converted-to.pdf G
raphic file (type pdf)

<use figures/eps/vio/mu/b8/e0.1/n00004096_fin_dip_wovio-eps-converted-to.pdf>
Package pdftex.def Info: figures/eps/vio/mu/b8/e0.1/n00004096_fin_dip_wovio-eps
-converted-to.pdf used on input line 557.
(pdftex.def)             Requested size: 361.34912pt x 252.94438pt.
Package epstopdf Info: Source file: <figures/eps/vio/mu/b8/e0.1/n00040960_fin_d
ip_wovio.eps>
(epstopdf)                    date: 2016-11-23 12:53:46
(epstopdf)                    size: 22339 bytes
(epstopdf)             Output file: <figures/eps/vio/mu/b8/e0.1/n00040960_fin_d
ip_wovio-eps-converted-to.pdf>
(epstopdf)                    date: 2017-03-15 09:30:15
(epstopdf)                    size: 7929 bytes
(epstopdf)             Command: <repstopdf --outfile=figures/eps/vio/mu/b8/e0.1
/n00040960_fin_dip_wovio-eps-converted-to.pdf figures/eps/vio/mu/b8/e0.1/n00040
960_fin_dip_wovio.eps>
(epstopdf)             \includegraphics on input line 557.
Package epstopdf Info: Output file is already uptodate.

<figures/eps/vio/mu/b8/e0.1/n00040960_fin_dip_wovio-eps-converted-to.pdf, id=10
20, 361.35pt x 252.945pt>
File: figures/eps/vio/mu/b8/e0.1/n00040960_fin_dip_wovio-eps-converted-to.pdf G
raphic file (type pdf)

<use figures/eps/vio/mu/b8/e0.1/n00040960_fin_dip_wovio-eps-converted-to.pdf>
Package pdftex.def Info: figures/eps/vio/mu/b8/e0.1/n00040960_fin_dip_wovio-eps
-converted-to.pdf used on input line 557.
(pdftex.def)             Requested size: 361.34912pt x 252.94438pt.
Package epstopdf Info: Source file: <figures/eps/vio/mu/b8/e0.1/n00081920_fin_d
ip_wovio.eps>
(epstopdf)                    date: 2016-11-23 12:53:46
(epstopdf)                    size: 21861 bytes
(epstopdf)             Output file: <figures/eps/vio/mu/b8/e0.1/n00081920_fin_d
ip_wovio-eps-converted-to.pdf>
(epstopdf)                    date: 2017-03-15 09:30:15
(epstopdf)                    size: 7907 bytes
(epstopdf)             Command: <repstopdf --outfile=figures/eps/vio/mu/b8/e0.1
/n00081920_fin_dip_wovio-eps-converted-to.pdf figures/eps/vio/mu/b8/e0.1/n00081
920_fin_dip_wovio.eps>
(epstopdf)             \includegraphics on input line 557.
Package epstopdf Info: Output file is already uptodate.

<figures/eps/vio/mu/b8/e0.1/n00081920_fin_dip_wovio-eps-converted-to.pdf, id=10
21, 361.35pt x 252.945pt>
File: figures/eps/vio/mu/b8/e0.1/n00081920_fin_dip_wovio-eps-converted-to.pdf G
raphic file (type pdf)

<use figures/eps/vio/mu/b8/e0.1/n00081920_fin_dip_wovio-eps-converted-to.pdf>
Package pdftex.def Info: figures/eps/vio/mu/b8/e0.1/n00081920_fin_dip_wovio-eps
-converted-to.pdf used on input line 557.
(pdftex.def)             Requested size: 361.34912pt x 252.94438pt.
Package epstopdf Info: Source file: <figures/eps/vio/mu/b8/e0.1/inf_dip_wovio.e
ps>
(epstopdf)                    date: 2016-11-23 12:53:45
(epstopdf)                    size: 22211 bytes
(epstopdf)             Output file: <figures/eps/vio/mu/b8/e0.1/inf_dip_wovio-e
ps-converted-to.pdf>
(epstopdf)                    date: 2017-03-15 09:30:15
(epstopdf)                    size: 7730 bytes
(epstopdf)             Command: <repstopdf --outfile=figures/eps/vio/mu/b8/e0.1
/inf_dip_wovio-eps-converted-to.pdf figures/eps/vio/mu/b8/e0.1/inf_dip_wovio.ep
s>
(epstopdf)             \includegraphics on input line 557.
Package epstopdf Info: Output file is already uptodate.

<figures/eps/vio/mu/b8/e0.1/inf_dip_wovio-eps-converted-to.pdf, id=1022, 361.35
pt x 252.945pt>
File: figures/eps/vio/mu/b8/e0.1/inf_dip_wovio-eps-converted-to.pdf Graphic fil
e (type pdf)

<use figures/eps/vio/mu/b8/e0.1/inf_dip_wovio-eps-converted-to.pdf>
Package pdftex.def Info: figures/eps/vio/mu/b8/e0.1/inf_dip_wovio-eps-converted
-to.pdf used on input line 557.
(pdftex.def)             Requested size: 361.34912pt x 252.94438pt.
Package epstopdf Info: Source file: <figures/eps/vio/mu/b8/e0.5/n00004096_fin_d
ip_wovio.eps>
(epstopdf)                    date: 2016-11-23 12:53:46
(epstopdf)                    size: 21622 bytes
(epstopdf)             Output file: <figures/eps/vio/mu/b8/e0.5/n00004096_fin_d
ip_wovio-eps-converted-to.pdf>
(epstopdf)                    date: 2017-03-15 09:30:15
(epstopdf)                    size: 7890 bytes
(epstopdf)             Command: <repstopdf --outfile=figures/eps/vio/mu/b8/e0.5
/n00004096_fin_dip_wovio-eps-converted-to.pdf figures/eps/vio/mu/b8/e0.5/n00004
096_fin_dip_wovio.eps>
(epstopdf)             \includegraphics on input line 557.
Package epstopdf Info: Output file is already uptodate.

<figures/eps/vio/mu/b8/e0.5/n00004096_fin_dip_wovio-eps-converted-to.pdf, id=10
23, 361.35pt x 252.945pt>
File: figures/eps/vio/mu/b8/e0.5/n00004096_fin_dip_wovio-eps-converted-to.pdf G
raphic file (type pdf)

<use figures/eps/vio/mu/b8/e0.5/n00004096_fin_dip_wovio-eps-converted-to.pdf>
Package pdftex.def Info: figures/eps/vio/mu/b8/e0.5/n00004096_fin_dip_wovio-eps
-converted-to.pdf used on input line 557.
(pdftex.def)             Requested size: 361.34912pt x 252.94438pt.
Package epstopdf Info: Source file: <figures/eps/vio/mu/b8/e0.5/n00040960_fin_d
ip_wovio.eps>
(epstopdf)                    date: 2016-11-23 12:53:46
(epstopdf)                    size: 21714 bytes
(epstopdf)             Output file: <figures/eps/vio/mu/b8/e0.5/n00040960_fin_d
ip_wovio-eps-converted-to.pdf>
(epstopdf)                    date: 2017-03-15 09:30:15
(epstopdf)                    size: 7829 bytes
(epstopdf)             Command: <repstopdf --outfile=figures/eps/vio/mu/b8/e0.5
/n00040960_fin_dip_wovio-eps-converted-to.pdf figures/eps/vio/mu/b8/e0.5/n00040
960_fin_dip_wovio.eps>
(epstopdf)             \includegraphics on input line 557.
Package epstopdf Info: Output file is already uptodate.

<figures/eps/vio/mu/b8/e0.5/n00040960_fin_dip_wovio-eps-converted-to.pdf, id=10
24, 361.35pt x 252.945pt>
File: figures/eps/vio/mu/b8/e0.5/n00040960_fin_dip_wovio-eps-converted-to.pdf G
raphic file (type pdf)

<use figures/eps/vio/mu/b8/e0.5/n00040960_fin_dip_wovio-eps-converted-to.pdf>
Package pdftex.def Info: figures/eps/vio/mu/b8/e0.5/n00040960_fin_dip_wovio-eps
-converted-to.pdf used on input line 557.
(pdftex.def)             Requested size: 361.34912pt x 252.94438pt.
Package epstopdf Info: Source file: <figures/eps/vio/mu/b8/e0.5/n00081920_fin_d
ip_wovio.eps>
(epstopdf)                    date: 2016-11-23 12:53:46
(epstopdf)                    size: 21950 bytes
(epstopdf)             Output file: <figures/eps/vio/mu/b8/e0.5/n00081920_fin_d
ip_wovio-eps-converted-to.pdf>
(epstopdf)                    date: 2017-03-15 09:30:15
(epstopdf)                    size: 7902 bytes
(epstopdf)             Command: <repstopdf --outfile=figures/eps/vio/mu/b8/e0.5
/n00081920_fin_dip_wovio-eps-converted-to.pdf figures/eps/vio/mu/b8/e0.5/n00081
920_fin_dip_wovio.eps>
(epstopdf)             \includegraphics on input line 557.
Package epstopdf Info: Output file is already uptodate.

<figures/eps/vio/mu/b8/e0.5/n00081920_fin_dip_wovio-eps-converted-to.pdf, id=10
25, 361.35pt x 252.945pt>
File: figures/eps/vio/mu/b8/e0.5/n00081920_fin_dip_wovio-eps-converted-to.pdf G
raphic file (type pdf)

<use figures/eps/vio/mu/b8/e0.5/n00081920_fin_dip_wovio-eps-converted-to.pdf>
Package pdftex.def Info: figures/eps/vio/mu/b8/e0.5/n00081920_fin_dip_wovio-eps
-converted-to.pdf used on input line 557.
(pdftex.def)             Requested size: 361.34912pt x 252.94438pt.
Package epstopdf Info: Source file: <figures/eps/vio/mu/b8/e0.5/inf_dip_wovio.e
ps>
(epstopdf)                    date: 2016-11-23 12:53:46
(epstopdf)                    size: 21664 bytes
(epstopdf)             Output file: <figures/eps/vio/mu/b8/e0.5/inf_dip_wovio-e
ps-converted-to.pdf>
(epstopdf)                    date: 2017-03-15 09:30:15
(epstopdf)                    size: 7316 bytes
(epstopdf)             Command: <repstopdf --outfile=figures/eps/vio/mu/b8/e0.5
/inf_dip_wovio-eps-converted-to.pdf figures/eps/vio/mu/b8/e0.5/inf_dip_wovio.ep
s>
(epstopdf)             \includegraphics on input line 557.
Package epstopdf Info: Output file is already uptodate.

<figures/eps/vio/mu/b8/e0.5/inf_dip_wovio-eps-converted-to.pdf, id=1026, 361.35
pt x 252.945pt>
File: figures/eps/vio/mu/b8/e0.5/inf_dip_wovio-eps-converted-to.pdf Graphic fil
e (type pdf)

<use figures/eps/vio/mu/b8/e0.5/inf_dip_wovio-eps-converted-to.pdf>
Package pdftex.def Info: figures/eps/vio/mu/b8/e0.5/inf_dip_wovio-eps-converted
-to.pdf used on input line 557.
(pdftex.def)             Requested size: 361.34912pt x 252.94438pt.

Overfull \vbox (20.00955pt too high) detected at line 557
 []

[33

 <./figures/eps/vio/mu/b8/e0.01/n00004096_fin_dip_wovio-eps-converted-to.pdf> <
./figures/eps/vio/mu/b8/e0.01/n00040960_fin_dip_wovio-eps-converted-to.pdf> <./
figures/eps/vio/mu/b8/e0.01/n00081920_fin_dip_wovio-eps-converted-to.pdf> <./fi
gures/eps/vio/mu/b8/e0.01/inf_dip_wovio-eps-converted-to.pdf> <./figures/eps/vi
o/mu/b8/e0.1/n00004096_fin_dip_wovio-eps-converted-to.pdf> <./figures/eps/vio/m
u/b8/e0.1/n00040960_fin_dip_wovio-eps-converted-to.pdf> <./figures/eps/vio/mu/b
8/e0.1/n00081920_fin_dip_wovio-eps-converted-to.pdf> <./figures/eps/vio/mu/b8/e
0.1/inf_dip_wovio-eps-converted-to.pdf> <./figures/eps/vio/mu/b8/e0.5/n00004096
_fin_dip_wovio-eps-converted-to.pdf> <./figures/eps/vio/mu/b8/e0.5/n00040960_fi
n_dip_wovio-eps-converted-to.pdf> <./figures/eps/vio/mu/b8/e0.5/n00081920_fin_d
ip_wovio-eps-converted-to.pdf> <./figures/eps/vio/mu/b8/e0.5/inf_dip_wovio-eps-
converted-to.pdf>] [34

] [35

] [36

] [37

]
Package epstopdf Info: Source file: <figures/eps/vio/chi/b8/e0.01/n00004096_fin
_dip_wovio.eps>
(epstopdf)                    date: 2016-11-23 13:35:24
(epstopdf)                    size: 22276 bytes
(epstopdf)             Output file: <figures/eps/vio/chi/b8/e0.01/n00004096_fin
_dip_wovio-eps-converted-to.pdf>
(epstopdf)                    date: 2017-03-15 09:30:15
(epstopdf)                    size: 8008 bytes
(epstopdf)             Command: <repstopdf --outfile=figures/eps/vio/chi/b8/e0.
01/n00004096_fin_dip_wovio-eps-converted-to.pdf figures/eps/vio/chi/b8/e0.01/n0
0004096_fin_dip_wovio.eps>
(epstopdf)             \includegraphics on input line 641.
Package epstopdf Info: Output file is already uptodate.

<figures/eps/vio/chi/b8/e0.01/n00004096_fin_dip_wovio-eps-converted-to.pdf, id=
1251, 361.35pt x 252.945pt>
File: figures/eps/vio/chi/b8/e0.01/n00004096_fin_dip_wovio-eps-converted-to.pdf
 Graphic file (type pdf)

<use figures/eps/vio/chi/b8/e0.01/n00004096_fin_dip_wovio-eps-converted-to.pdf>
Package pdftex.def Info: figures/eps/vio/chi/b8/e0.01/n00004096_fin_dip_wovio-e
ps-converted-to.pdf used on input line 641.
(pdftex.def)             Requested size: 361.34912pt x 252.94438pt.
Package epstopdf Info: Source file: <figures/eps/vio/chi/b8/e0.01/n00040960_fin
_dip_wovio.eps>
(epstopdf)                    date: 2016-11-23 13:35:24
(epstopdf)                    size: 22150 bytes
(epstopdf)             Output file: <figures/eps/vio/chi/b8/e0.01/n00040960_fin
_dip_wovio-eps-converted-to.pdf>
(epstopdf)                    date: 2017-03-15 09:30:15
(epstopdf)                    size: 7979 bytes
(epstopdf)             Command: <repstopdf --outfile=figures/eps/vio/chi/b8/e0.
01/n00040960_fin_dip_wovio-eps-converted-to.pdf figures/eps/vio/chi/b8/e0.01/n0
0040960_fin_dip_wovio.eps>
(epstopdf)             \includegraphics on input line 641.
Package epstopdf Info: Output file is already uptodate.

<figures/eps/vio/chi/b8/e0.01/n00040960_fin_dip_wovio-eps-converted-to.pdf, id=
1252, 361.35pt x 252.945pt>
File: figures/eps/vio/chi/b8/e0.01/n00040960_fin_dip_wovio-eps-converted-to.pdf
 Graphic file (type pdf)

<use figures/eps/vio/chi/b8/e0.01/n00040960_fin_dip_wovio-eps-converted-to.pdf>
Package pdftex.def Info: figures/eps/vio/chi/b8/e0.01/n00040960_fin_dip_wovio-e
ps-converted-to.pdf used on input line 641.
(pdftex.def)             Requested size: 361.34912pt x 252.94438pt.
Package epstopdf Info: Source file: <figures/eps/vio/chi/b8/e0.01/n00081920_fin
_dip_wovio.eps>
(epstopdf)                    date: 2016-11-23 13:35:24
(epstopdf)                    size: 22592 bytes
(epstopdf)             Output file: <figures/eps/vio/chi/b8/e0.01/n00081920_fin
_dip_wovio-eps-converted-to.pdf>
(epstopdf)                    date: 2017-03-15 09:30:15
(epstopdf)                    size: 8035 bytes
(epstopdf)             Command: <repstopdf --outfile=figures/eps/vio/chi/b8/e0.
01/n00081920_fin_dip_wovio-eps-converted-to.pdf figures/eps/vio/chi/b8/e0.01/n0
0081920_fin_dip_wovio.eps>
(epstopdf)             \includegraphics on input line 641.
Package epstopdf Info: Output file is already uptodate.

<figures/eps/vio/chi/b8/e0.01/n00081920_fin_dip_wovio-eps-converted-to.pdf, id=
1253, 361.35pt x 252.945pt>
File: figures/eps/vio/chi/b8/e0.01/n00081920_fin_dip_wovio-eps-converted-to.pdf
 Graphic file (type pdf)

<use figures/eps/vio/chi/b8/e0.01/n00081920_fin_dip_wovio-eps-converted-to.pdf>
Package pdftex.def Info: figures/eps/vio/chi/b8/e0.01/n00081920_fin_dip_wovio-e
ps-converted-to.pdf used on input line 641.
(pdftex.def)             Requested size: 361.34912pt x 252.94438pt.
Package epstopdf Info: Source file: <figures/eps/vio/chi/b8/e0.01/inf_dip_wovio
.eps>
(epstopdf)                    date: 2016-11-23 13:35:24
(epstopdf)                    size: 21823 bytes
(epstopdf)             Output file: <figures/eps/vio/chi/b8/e0.01/inf_dip_wovio
-eps-converted-to.pdf>
(epstopdf)                    date: 2017-03-15 09:30:15
(epstopdf)                    size: 7656 bytes
(epstopdf)             Command: <repstopdf --outfile=figures/eps/vio/chi/b8/e0.
01/inf_dip_wovio-eps-converted-to.pdf figures/eps/vio/chi/b8/e0.01/inf_dip_wovi
o.eps>
(epstopdf)             \includegraphics on input line 641.
Package epstopdf Info: Output file is already uptodate.

<figures/eps/vio/chi/b8/e0.01/inf_dip_wovio-eps-converted-to.pdf, id=1254, 361.
35pt x 252.945pt>
File: figures/eps/vio/chi/b8/e0.01/inf_dip_wovio-eps-converted-to.pdf Graphic f
ile (type pdf)

<use figures/eps/vio/chi/b8/e0.01/inf_dip_wovio-eps-converted-to.pdf>
Package pdftex.def Info: figures/eps/vio/chi/b8/e0.01/inf_dip_wovio-eps-convert
ed-to.pdf used on input line 641.
(pdftex.def)             Requested size: 361.34912pt x 252.94438pt.
Package epstopdf Info: Source file: <figures/eps/vio/chi/b8/e0.1/n00004096_fin_
dip_wovio.eps>
(epstopdf)                    date: 2016-11-23 13:35:24
(epstopdf)                    size: 21926 bytes
(epstopdf)             Output file: <figures/eps/vio/chi/b8/e0.1/n00004096_fin_
dip_wovio-eps-converted-to.pdf>
(epstopdf)                    date: 2017-03-15 09:30:15
(epstopdf)                    size: 7939 bytes
(epstopdf)             Command: <repstopdf --outfile=figures/eps/vio/chi/b8/e0.
1/n00004096_fin_dip_wovio-eps-converted-to.pdf figures/eps/vio/chi/b8/e0.1/n000
04096_fin_dip_wovio.eps>
(epstopdf)             \includegraphics on input line 641.
Package epstopdf Info: Output file is already uptodate.

<figures/eps/vio/chi/b8/e0.1/n00004096_fin_dip_wovio-eps-converted-to.pdf, id=1
255, 361.35pt x 252.945pt>
File: figures/eps/vio/chi/b8/e0.1/n00004096_fin_dip_wovio-eps-converted-to.pdf 
Graphic file (type pdf)

<use figures/eps/vio/chi/b8/e0.1/n00004096_fin_dip_wovio-eps-converted-to.pdf>
Package pdftex.def Info: figures/eps/vio/chi/b8/e0.1/n00004096_fin_dip_wovio-ep
s-converted-to.pdf used on input line 641.
(pdftex.def)             Requested size: 361.34912pt x 252.94438pt.
Package epstopdf Info: Source file: <figures/eps/vio/chi/b8/e0.1/n00040960_fin_
dip_wovio.eps>
(epstopdf)                    date: 2016-11-23 13:35:24
(epstopdf)                    size: 22057 bytes
(epstopdf)             Output file: <figures/eps/vio/chi/b8/e0.1/n00040960_fin_
dip_wovio-eps-converted-to.pdf>
(epstopdf)                    date: 2017-03-15 09:30:15
(epstopdf)                    size: 7960 bytes
(epstopdf)             Command: <repstopdf --outfile=figures/eps/vio/chi/b8/e0.
1/n00040960_fin_dip_wovio-eps-converted-to.pdf figures/eps/vio/chi/b8/e0.1/n000
40960_fin_dip_wovio.eps>
(epstopdf)             \includegraphics on input line 641.
Package epstopdf Info: Output file is already uptodate.

<figures/eps/vio/chi/b8/e0.1/n00040960_fin_dip_wovio-eps-converted-to.pdf, id=1
256, 361.35pt x 252.945pt>
File: figures/eps/vio/chi/b8/e0.1/n00040960_fin_dip_wovio-eps-converted-to.pdf 
Graphic file (type pdf)

<use figures/eps/vio/chi/b8/e0.1/n00040960_fin_dip_wovio-eps-converted-to.pdf>
Package pdftex.def Info: figures/eps/vio/chi/b8/e0.1/n00040960_fin_dip_wovio-ep
s-converted-to.pdf used on input line 641.
(pdftex.def)             Requested size: 361.34912pt x 252.94438pt.
Package epstopdf Info: Source file: <figures/eps/vio/chi/b8/e0.1/n00081920_fin_
dip_wovio.eps>
(epstopdf)                    date: 2016-11-23 13:35:24
(epstopdf)                    size: 22179 bytes
(epstopdf)             Output file: <figures/eps/vio/chi/b8/e0.1/n00081920_fin_
dip_wovio-eps-converted-to.pdf>
(epstopdf)                    date: 2017-03-15 09:30:15
(epstopdf)                    size: 7962 bytes
(epstopdf)             Command: <repstopdf --outfile=figures/eps/vio/chi/b8/e0.
1/n00081920_fin_dip_wovio-eps-converted-to.pdf figures/eps/vio/chi/b8/e0.1/n000
81920_fin_dip_wovio.eps>
(epstopdf)             \includegraphics on input line 641.
Package epstopdf Info: Output file is already uptodate.

<figures/eps/vio/chi/b8/e0.1/n00081920_fin_dip_wovio-eps-converted-to.pdf, id=1
257, 361.35pt x 252.945pt>
File: figures/eps/vio/chi/b8/e0.1/n00081920_fin_dip_wovio-eps-converted-to.pdf 
Graphic file (type pdf)

<use figures/eps/vio/chi/b8/e0.1/n00081920_fin_dip_wovio-eps-converted-to.pdf>
Package pdftex.def Info: figures/eps/vio/chi/b8/e0.1/n00081920_fin_dip_wovio-ep
s-converted-to.pdf used on input line 641.
(pdftex.def)             Requested size: 361.34912pt x 252.94438pt.
Package epstopdf Info: Source file: <figures/eps/vio/chi/b8/e0.1/inf_dip_wovio.
eps>
(epstopdf)                    date: 2016-11-23 13:35:24
(epstopdf)                    size: 21711 bytes
(epstopdf)             Output file: <figures/eps/vio/chi/b8/e0.1/inf_dip_wovio-
eps-converted-to.pdf>
(epstopdf)                    date: 2017-03-15 09:30:15
(epstopdf)                    size: 7634 bytes
(epstopdf)             Command: <repstopdf --outfile=figures/eps/vio/chi/b8/e0.
1/inf_dip_wovio-eps-converted-to.pdf figures/eps/vio/chi/b8/e0.1/inf_dip_wovio.
eps>
(epstopdf)             \includegraphics on input line 641.
Package epstopdf Info: Output file is already uptodate.

<figures/eps/vio/chi/b8/e0.1/inf_dip_wovio-eps-converted-to.pdf, id=1258, 361.3
5pt x 252.945pt>
File: figures/eps/vio/chi/b8/e0.1/inf_dip_wovio-eps-converted-to.pdf Graphic fi
le (type pdf)

<use figures/eps/vio/chi/b8/e0.1/inf_dip_wovio-eps-converted-to.pdf>
Package pdftex.def Info: figures/eps/vio/chi/b8/e0.1/inf_dip_wovio-eps-converte
d-to.pdf used on input line 641.
(pdftex.def)             Requested size: 361.34912pt x 252.94438pt.
Package epstopdf Info: Source file: <figures/eps/vio/chi/b8/e0.5/n00004096_fin_
dip_wovio.eps>
(epstopdf)                    date: 2016-11-23 13:35:24
(epstopdf)                    size: 21773 bytes
(epstopdf)             Output file: <figures/eps/vio/chi/b8/e0.5/n00004096_fin_
dip_wovio-eps-converted-to.pdf>
(epstopdf)                    date: 2017-03-15 09:30:15
(epstopdf)                    size: 7910 bytes
(epstopdf)             Command: <repstopdf --outfile=figures/eps/vio/chi/b8/e0.
5/n00004096_fin_dip_wovio-eps-converted-to.pdf figures/eps/vio/chi/b8/e0.5/n000
04096_fin_dip_wovio.eps>
(epstopdf)             \includegraphics on input line 641.
Package epstopdf Info: Output file is already uptodate.

<figures/eps/vio/chi/b8/e0.5/n00004096_fin_dip_wovio-eps-converted-to.pdf, id=1
259, 361.35pt x 252.945pt>
File: figures/eps/vio/chi/b8/e0.5/n00004096_fin_dip_wovio-eps-converted-to.pdf 
Graphic file (type pdf)

<use figures/eps/vio/chi/b8/e0.5/n00004096_fin_dip_wovio-eps-converted-to.pdf>
Package pdftex.def Info: figures/eps/vio/chi/b8/e0.5/n00004096_fin_dip_wovio-ep
s-converted-to.pdf used on input line 641.
(pdftex.def)             Requested size: 361.34912pt x 252.94438pt.
Package epstopdf Info: Source file: <figures/eps/vio/chi/b8/e0.5/n00040960_fin_
dip_wovio.eps>
(epstopdf)                    date: 2016-11-23 13:35:24
(epstopdf)                    size: 22027 bytes
(epstopdf)             Output file: <figures/eps/vio/chi/b8/e0.5/n00040960_fin_
dip_wovio-eps-converted-to.pdf>
(epstopdf)                    date: 2017-03-15 09:30:15
(epstopdf)                    size: 7889 bytes
(epstopdf)             Command: <repstopdf --outfile=figures/eps/vio/chi/b8/e0.
5/n00040960_fin_dip_wovio-eps-converted-to.pdf figures/eps/vio/chi/b8/e0.5/n000
40960_fin_dip_wovio.eps>
(epstopdf)             \includegraphics on input line 641.
Package epstopdf Info: Output file is already uptodate.

<figures/eps/vio/chi/b8/e0.5/n00040960_fin_dip_wovio-eps-converted-to.pdf, id=1
260, 361.35pt x 252.945pt>
File: figures/eps/vio/chi/b8/e0.5/n00040960_fin_dip_wovio-eps-converted-to.pdf 
Graphic file (type pdf)

<use figures/eps/vio/chi/b8/e0.5/n00040960_fin_dip_wovio-eps-converted-to.pdf>
Package pdftex.def Info: figures/eps/vio/chi/b8/e0.5/n00040960_fin_dip_wovio-ep
s-converted-to.pdf used on input line 641.
(pdftex.def)             Requested size: 361.34912pt x 252.94438pt.
Package epstopdf Info: Source file: <figures/eps/vio/chi/b8/e0.5/n00081920_fin_
dip_wovio.eps>
(epstopdf)                    date: 2016-11-23 13:35:24
(epstopdf)                    size: 22437 bytes
(epstopdf)             Output file: <figures/eps/vio/chi/b8/e0.5/n00081920_fin_
dip_wovio-eps-converted-to.pdf>
(epstopdf)                    date: 2017-03-15 09:30:15
(epstopdf)                    size: 8002 bytes
(epstopdf)             Command: <repstopdf --outfile=figures/eps/vio/chi/b8/e0.
5/n00081920_fin_dip_wovio-eps-converted-to.pdf figures/eps/vio/chi/b8/e0.5/n000
81920_fin_dip_wovio.eps>
(epstopdf)             \includegraphics on input line 641.
Package epstopdf Info: Output file is already uptodate.

<figures/eps/vio/chi/b8/e0.5/n00081920_fin_dip_wovio-eps-converted-to.pdf, id=1
261, 361.35pt x 252.945pt>
File: figures/eps/vio/chi/b8/e0.5/n00081920_fin_dip_wovio-eps-converted-to.pdf 
Graphic file (type pdf)

<use figures/eps/vio/chi/b8/e0.5/n00081920_fin_dip_wovio-eps-converted-to.pdf>
Package pdftex.def Info: figures/eps/vio/chi/b8/e0.5/n00081920_fin_dip_wovio-ep
s-converted-to.pdf used on input line 641.
(pdftex.def)             Requested size: 361.34912pt x 252.94438pt.
Package epstopdf Info: Source file: <figures/eps/vio/chi/b8/e0.5/inf_dip_wovio.
eps>
(epstopdf)                    date: 2016-11-23 13:35:24
(epstopdf)                    size: 21822 bytes
(epstopdf)             Output file: <figures/eps/vio/chi/b8/e0.5/inf_dip_wovio-
eps-converted-to.pdf>
(epstopdf)                    date: 2017-03-15 09:30:15
(epstopdf)                    size: 7407 bytes
(epstopdf)             Command: <repstopdf --outfile=figures/eps/vio/chi/b8/e0.
5/inf_dip_wovio-eps-converted-to.pdf figures/eps/vio/chi/b8/e0.5/inf_dip_wovio.
eps>
(epstopdf)             \includegraphics on input line 641.
Package epstopdf Info: Output file is already uptodate.

<figures/eps/vio/chi/b8/e0.5/inf_dip_wovio-eps-converted-to.pdf, id=1262, 361.3
5pt x 252.945pt>
File: figures/eps/vio/chi/b8/e0.5/inf_dip_wovio-eps-converted-to.pdf Graphic fi
le (type pdf)

<use figures/eps/vio/chi/b8/e0.5/inf_dip_wovio-eps-converted-to.pdf>
Package pdftex.def Info: figures/eps/vio/chi/b8/e0.5/inf_dip_wovio-eps-converte
d-to.pdf used on input line 641.
(pdftex.def)             Requested size: 361.34912pt x 252.94438pt.

Overfull \vbox (20.00955pt too high) detected at line 641
 []

[38

 <./figures/eps/vio/chi/b8/e0.01/n00004096_fin_dip_wovio-eps-converted-to.pdf> 
<./figures/eps/vio/chi/b8/e0.01/n00040960_fin_dip_wovio-eps-converted-to.pdf> <
./figures/eps/vio/chi/b8/e0.01/n00081920_fin_dip_wovio-eps-converted-to.pdf> <.
/figures/eps/vio/chi/b8/e0.01/inf_dip_wovio-eps-converted-to.pdf> <./figures/ep
s/vio/chi/b8/e0.1/n00004096_fin_dip_wovio-eps-converted-to.pdf> <./figures/eps/
vio/chi/b8/e0.1/n00040960_fin_dip_wovio-eps-converted-to.pdf> <./figures/eps/vi
o/chi/b8/e0.1/n00081920_fin_dip_wovio-eps-converted-to.pdf> <./figures/eps/vio/
chi/b8/e0.1/inf_dip_wovio-eps-converted-to.pdf> <./figures/eps/vio/chi/b8/e0.5/
n00004096_fin_dip_wovio-eps-converted-to.pdf> <./figures/eps/vio/chi/b8/e0.5/n0
0040960_fin_dip_wovio-eps-converted-to.pdf> <./figures/eps/vio/chi/b8/e0.5/n000
81920_fin_dip_wovio-eps-converted-to.pdf> <./figures/eps/vio/chi/b8/e0.5/inf_di
p_wovio-eps-converted-to.pdf>] [39

] [40

]
Package epstopdf Info: Source file: <figures/eps/vio/mu/b8/e0.1/inf_dip_wovio.e
ps>
(epstopdf)                    date: 2016-11-23 12:53:45
(epstopdf)                    size: 22211 bytes
(epstopdf)             Output file: <figures/eps/vio/mu/b8/e0.1/inf_dip_wovio-e
ps-converted-to.pdf>
(epstopdf)                    date: 2017-03-15 09:30:15
(epstopdf)                    size: 7730 bytes
(epstopdf)             Command: <repstopdf --outfile=figures/eps/vio/mu/b8/e0.1
/inf_dip_wovio-eps-converted-to.pdf figures/eps/vio/mu/b8/e0.1/inf_dip_wovio.ep
s>
(epstopdf)             \includegraphics on input line 673.
Package epstopdf Info: Output file is already uptodate.
File: figures/eps/vio/mu/b8/e0.1/inf_dip_wovio-eps-converted-to.pdf Graphic fil
e (type pdf)

<use figures/eps/vio/mu/b8/e0.1/inf_dip_wovio-eps-converted-to.pdf>
Package pdftex.def Info: figures/eps/vio/mu/b8/e0.1/inf_dip_wovio-eps-converted
-to.pdf used on input line 673.
(pdftex.def)             Requested size: 361.34912pt x 252.94438pt.
 [41

]
[42

] [43

]
\tf@nav=\write6
\openout6 = `slides.nav'.

\tf@toc=\write7
\openout7 = `slides.toc'.

\tf@snm=\write8
\openout8 = `slides.snm'.

Package atveryend Info: Empty hook `BeforeClearDocument' on input line 693.
Package atveryend Info: Empty hook `AfterLastShipout' on input line 693.
 (./slides.aux)
Package atveryend Info: Executing hook `AtVeryEndDocument' on input line 693.
Package atveryend Info: Executing hook `AtEndAfterFileList' on input line 693.
Package rerunfilecheck Info: File `slides.out' has not changed.
(rerunfilecheck)             Checksum: D41D8CD98F00B204E9800998ECF8427E;0.


LaTeX Font Warning: Size substitutions with differences
(Font)              up to 1.0pt have occurred.


LaTeX Font Warning: Some font shapes were not available, defaults substituted.

Package atveryend Info: Empty hook `AtVeryVeryEnd' on input line 693.
 ) 
Here is how much of TeX's memory you used:
 18383 strings out of 495028
 340213 string characters out of 6181496
 407744 words of memory out of 5000000
 21019 multiletter control sequences out of 15000+600000
 28174 words of font info for 104 fonts, out of 8000000 for 9000
 14 hyphenation exceptions out of 8191
 49i,14n,53p,416b,550s stack positions out of 5000i,500n,10000p,200000b,80000s
</usr/share/texlive/texmf-dist/fonts/type1/public/amsfonts/cmextra/cmbsy8.pfb
></usr/share/texlive/texmf-dist/fonts/type1/public/amsfonts/cm/cmex10.pfb></usr
/share/texlive/texmf-dist/fonts/type1/public/amsfonts/cm/cmmi10.pfb></usr/share
/texlive/texmf-dist/fonts/type1/public/amsfonts/cm/cmmi8.pfb></usr/share/texliv
e/texmf-dist/fonts/type1/public/amsfonts/cm/cmmi9.pfb></usr/share/texlive/texmf
-dist/fonts/type1/public/amsfonts/cm/cmmib10.pfb></usr/share/texlive/texmf-dist
/fonts/type1/public/amsfonts/cmextra/cmmib8.pfb></usr/share/texlive/texmf-dist/
fonts/type1/public/amsfonts/cm/cmss10.pfb></usr/share/texlive/texmf-dist/fonts/
type1/public/amsfonts/cm/cmss12.pfb></usr/share/texlive/texmf-dist/fonts/type1/
public/amsfonts/cm/cmss8.pfb></usr/share/texlive/texmf-dist/fonts/type1/public/
amsfonts/cm/cmss9.pfb></usr/share/texlive/texmf-dist/fonts/type1/public/amsfont
s/cm/cmssbx10.pfb></usr/share/texlive/texmf-dist/fonts/type1/public/amsfonts/cm
/cmssi10.pfb></usr/share/texlive/texmf-dist/fonts/type1/public/amsfonts/cm/cmss
i8.pfb></usr/share/texlive/texmf-dist/fonts/type1/public/amsfonts/cm/cmssi9.pfb
></usr/share/texlive/texmf-dist/fonts/type1/public/amsfonts/cm/cmsy10.pfb></usr
/share/texlive/texmf-dist/fonts/type1/public/amsfonts/cm/cmsy8.pfb></usr/share/
texlive/texmf-dist/fonts/type1/public/amsfonts/symbols/msbm10.pfb></usr/share/t
exlive/texmf-dist/fonts/type1/urw/helvetic/uhvr8a.pfb>
Output written on slides.pdf (43 pages, 717729 bytes).
PDF statistics:
 1591 PDF objects out of 1728 (max. 8388607)
 1383 compressed objects within 14 object streams
 87 named destinations out of 1000 (max. 500000)
 253 words of extra memory for PDF output out of 10000 (max. 10000000)

