\BOOKMARK [0][-]{rootNode.0}{Front Matter}{}% 1
\BOOKMARK [1][-]{a.1}{Title}{rootNode.0}% 2
\BOOKMARK [1][-]{b.1}{Dedication}{rootNode.0}% 3
\BOOKMARK [1][-]{c.1}{Acknowledgements}{rootNode.0}% 4
\BOOKMARK [1][-]{d.1}{Quote}{rootNode.0}% 5
\BOOKMARK [1][-]{e.1}{Abstract}{rootNode.0}% 6
\BOOKMARK [0][-]{f.0}{Table of Contents}{}% 7
\BOOKMARK [0][-]{section*.13}{List of Tables}{}% 8
\BOOKMARK [0][-]{section*.15}{List of Figures}{}% 9
\BOOKMARK [0][-]{g.0}{Nomenclature}{}% 10
\BOOKMARK [0][-]{chapter.1}{1 Introduction}{}% 11
\BOOKMARK [1][-]{section.1.1}{1.1 Introduction}{chapter.1}% 12
\BOOKMARK [1][-]{section.1.2}{1.2 Literature}{chapter.1}% 13
\BOOKMARK [1][-]{section.1.3}{1.3 Random Heuristic Search}{chapter.1}% 14
\BOOKMARK [0][-]{chapter.2}{2 Extending A Genetic Algorithm Model To The Diploid Case}{}% 15
\BOOKMARK [1][-]{section.2.1}{2.1 Model}{chapter.2}% 16
\BOOKMARK [1][-]{section.2.2}{2.2 Reduction}{chapter.2}% 17
\BOOKMARK [1][-]{section.2.3}{2.3 Specialization}{chapter.2}% 18
\BOOKMARK [1][-]{section.2.4}{2.4 Mutation}{chapter.2}% 19
\BOOKMARK [1][-]{section.2.5}{2.5 Crossover}{chapter.2}% 20
\BOOKMARK [1][-]{section.2.6}{2.6 Mixing Matrix}{chapter.2}% 21
\BOOKMARK [1][-]{section.2.7}{2.7 Walsh Transorm}{chapter.2}% 22
\BOOKMARK [1][-]{section.2.8}{2.8 Walsh Transform Adaptation}{chapter.2}% 23
\BOOKMARK [1][-]{section.2.9}{2.9 Fast Walsh Transform}{chapter.2}% 24
\BOOKMARK [1][-]{section.2.10}{2.10 Distance}{chapter.2}% 25
\BOOKMARK [1][-]{section.2.11}{2.11 Simplification}{chapter.2}% 26
\BOOKMARK [1][-]{section.2.12}{2.12 Convergence}{chapter.2}% 27
\BOOKMARK [0][-]{chapter.3}{3 Evolutionary Limits}{}% 28
\BOOKMARK [1][-]{section.3.1}{3.1 Limits}{chapter.3}% 29
\BOOKMARK [1][-]{section.3.2}{3.2 Computation of Mutation and Crossover Distribution}{chapter.3}% 30
\BOOKMARK [1][-]{section.3.3}{3.3 Initial Population}{chapter.3}% 31
\BOOKMARK [1][-]{section.3.4}{3.4 Oscillation}{chapter.3}% 32
\BOOKMARK [1][-]{section.3.5}{3.5 Violation}{chapter.3}% 33
\BOOKMARK [0][-]{chapter.4}{4 Conclusion}{}% 34
\BOOKMARK [0][-]{section*.81}{Bibliography}{}% 35
\BOOKMARK [0][-]{section*.83}{Vita}{}% 36
