This is pdfTeX, Version 3.1415926-2.5-1.40.14 (TeX Live 2013/Debian) (format=latex 2014.9.2)  23 OCT 2016 20:21
entering extended mode
 restricted \write18 enabled.
 %&-line parsing enabled.
**my-dissertation.tex
(./my-dissertation.tex
LaTeX2e <2011/06/27>
Babel <3.9h> and hyphenation patterns for 2 languages loaded.
(./utthesis.cls
utthesis.cls
ver 1.0.0
Created by Tony Saad
March 30, 2010
Some parts and settings of this class are based on the template provided by Dav
id L. Page.
Document Class: utthesis 
(/usr/share/texlive/texmf-dist/tex/latex/base/report.cls
Document Class: report 2007/10/19 v1.4h Standard LaTeX document class
(/usr/share/texlive/texmf-dist/tex/latex/base/size12.clo
File: size12.clo 2007/10/19 v1.4h Standard LaTeX file (size option)
)
\c@part=\count79
\c@chapter=\count80
\c@section=\count81
\c@subsection=\count82
\c@subsubsection=\count83
\c@paragraph=\count84
\c@subparagraph=\count85
\c@figure=\count86
\c@table=\count87
\abovecaptionskip=\skip41
\belowcaptionskip=\skip42
\bibindent=\dimen102
)
(/usr/share/texlive/texmf-dist/tex/latex/amsmath/amsmath.sty
Package: amsmath 2013/01/14 v2.14 AMS math features
\@mathmargin=\skip43

For additional information on amsmath, use the `?' option.
(/usr/share/texlive/texmf-dist/tex/latex/amsmath/amstext.sty
Package: amstext 2000/06/29 v2.01

(/usr/share/texlive/texmf-dist/tex/latex/amsmath/amsgen.sty
File: amsgen.sty 1999/11/30 v2.0
\@emptytoks=\toks14
\ex@=\dimen103
))
(/usr/share/texlive/texmf-dist/tex/latex/amsmath/amsbsy.sty
Package: amsbsy 1999/11/29 v1.2d
\pmbraise@=\dimen104
)
(/usr/share/texlive/texmf-dist/tex/latex/amsmath/amsopn.sty
Package: amsopn 1999/12/14 v2.01 operator names
)
\inf@bad=\count88
LaTeX Info: Redefining \frac on input line 210.
\uproot@=\count89
\leftroot@=\count90
LaTeX Info: Redefining \overline on input line 306.
\classnum@=\count91
\DOTSCASE@=\count92
LaTeX Info: Redefining \ldots on input line 378.
LaTeX Info: Redefining \dots on input line 381.
LaTeX Info: Redefining \cdots on input line 466.
\Mathstrutbox@=\box26
\strutbox@=\box27
\big@size=\dimen105
LaTeX Font Info:    Redeclaring font encoding OML on input line 566.
LaTeX Font Info:    Redeclaring font encoding OMS on input line 567.
\macc@depth=\count93
\c@MaxMatrixCols=\count94
\dotsspace@=\muskip10
\c@parentequation=\count95
\dspbrk@lvl=\count96
\tag@help=\toks15
\row@=\count97
\column@=\count98
\maxfields@=\count99
\andhelp@=\toks16
\eqnshift@=\dimen106
\alignsep@=\dimen107
\tagshift@=\dimen108
\tagwidth@=\dimen109
\totwidth@=\dimen110
\lineht@=\dimen111
\@envbody=\toks17
\multlinegap=\skip44
\multlinetaggap=\skip45
\mathdisplay@stack=\toks18
LaTeX Info: Redefining \[ on input line 2665.
LaTeX Info: Redefining \] on input line 2666.
)
(/usr/share/texlive/texmf-dist/tex/latex/amscls/amsthm.sty
Package: amsthm 2004/08/06 v2.20
\thm@style=\toks19
\thm@bodyfont=\toks20
\thm@headfont=\toks21
\thm@notefont=\toks22
\thm@headpunct=\toks23
\thm@preskip=\skip46
\thm@postskip=\skip47
\thm@headsep=\skip48
\dth@everypar=\toks24
)
(/usr/share/texlive/texmf-dist/tex/latex/amsfonts/amssymb.sty
Package: amssymb 2013/01/14 v3.01 AMS font symbols

(/usr/share/texlive/texmf-dist/tex/latex/amsfonts/amsfonts.sty
Package: amsfonts 2013/01/14 v3.01 Basic AMSFonts support
\symAMSa=\mathgroup4
\symAMSb=\mathgroup5
LaTeX Font Info:    Overwriting math alphabet `\mathfrak' in version `bold'
(Font)                  U/euf/m/n --> U/euf/b/n on input line 106.
))
(/usr/share/texlive/texmf-dist/tex/latex/setspace/setspace.sty
Package: setspace 2011/12/19 v6.7a set line spacing
)
(/usr/share/texlive/texmf-dist/tex/latex/geometry/geometry.sty
Package: geometry 2010/09/12 v5.6 Page Geometry

(/usr/share/texlive/texmf-dist/tex/latex/graphics/keyval.sty
Package: keyval 1999/03/16 v1.13 key=value parser (DPC)
\KV@toks@=\toks25
)
(/usr/share/texlive/texmf-dist/tex/generic/oberdiek/ifpdf.sty
Package: ifpdf 2011/01/30 v2.3 Provides the ifpdf switch (HO)
Package ifpdf Info: pdfTeX in PDF mode is not detected.
)
(/usr/share/texlive/texmf-dist/tex/generic/oberdiek/ifvtex.sty
Package: ifvtex 2010/03/01 v1.5 Detect VTeX and its facilities (HO)
Package ifvtex Info: VTeX not detected.
)
(/usr/share/texlive/texmf-dist/tex/generic/ifxetex/ifxetex.sty
Package: ifxetex 2010/09/12 v0.6 Provides ifxetex conditional
)
\Gm@cnth=\count100
\Gm@cntv=\count101
\c@Gm@tempcnt=\count102
\Gm@bindingoffset=\dimen112
\Gm@wd@mp=\dimen113
\Gm@odd@mp=\dimen114
\Gm@even@mp=\dimen115
\Gm@layoutwidth=\dimen116
\Gm@layoutheight=\dimen117
\Gm@layouthoffset=\dimen118
\Gm@layoutvoffset=\dimen119
\Gm@dimlist=\toks26
)
(/usr/share/texlive/texmf-dist/tex/latex/hyperref/hyperref.sty
Package: hyperref 2012/11/06 v6.83m Hypertext links for LaTeX

(/usr/share/texlive/texmf-dist/tex/generic/oberdiek/hobsub-hyperref.sty
Package: hobsub-hyperref 2012/05/28 v1.13 Bundle oberdiek, subset hyperref (HO)


(/usr/share/texlive/texmf-dist/tex/generic/oberdiek/hobsub-generic.sty
Package: hobsub-generic 2012/05/28 v1.13 Bundle oberdiek, subset generic (HO)
Package: hobsub 2012/05/28 v1.13 Construct package bundles (HO)
Package: infwarerr 2010/04/08 v1.3 Providing info/warning/error messages (HO)
Package: ltxcmds 2011/11/09 v1.22 LaTeX kernel commands for general use (HO)
Package: ifluatex 2010/03/01 v1.3 Provides the ifluatex switch (HO)
Package ifluatex Info: LuaTeX not detected.
Package hobsub Info: Skipping package `ifvtex' (already loaded).
Package: intcalc 2007/09/27 v1.1 Expandable calculations with integers (HO)
Package hobsub Info: Skipping package `ifpdf' (already loaded).
Package: etexcmds 2011/02/16 v1.5 Avoid name clashes with e-TeX commands (HO)
Package etexcmds Info: Could not find \expanded.
(etexcmds)             That can mean that you are not using pdfTeX 1.50 or
(etexcmds)             that some package has redefined \expanded.
(etexcmds)             In the latter case, load this package earlier.
Package: kvsetkeys 2012/04/25 v1.16 Key value parser (HO)
Package: kvdefinekeys 2011/04/07 v1.3 Define keys (HO)
Package: pdftexcmds 2011/11/29 v0.20 Utility functions of pdfTeX for LuaTeX (HO
)
Package pdftexcmds Info: LuaTeX not detected.
Package pdftexcmds Info: \pdf@primitive is available.
Package pdftexcmds Info: \pdf@ifprimitive is available.
Package pdftexcmds Info: \pdfdraftmode is ignored in DVI mode.
Package: pdfescape 2011/11/25 v1.13 Implements pdfTeX's escape features (HO)
Package: bigintcalc 2012/04/08 v1.3 Expandable calculations on big integers (HO
)
Package: bitset 2011/01/30 v1.1 Handle bit-vector datatype (HO)
Package: uniquecounter 2011/01/30 v1.2 Provide unlimited unique counter (HO)
)
Package hobsub Info: Skipping package `hobsub' (already loaded).
Package: letltxmacro 2010/09/02 v1.4 Let assignment for LaTeX macros (HO)
Package: hopatch 2012/05/28 v1.2 Wrapper for package hooks (HO)
Package: xcolor-patch 2011/01/30 xcolor patch
Package: atveryend 2011/06/30 v1.8 Hooks at the very end of document (HO)
Package atveryend Info: \enddocument detected (standard20110627).
Package: atbegshi 2011/10/05 v1.16 At begin shipout hook (HO)
Package: refcount 2011/10/16 v3.4 Data extraction from label references (HO)
Package: hycolor 2011/01/30 v1.7 Color options for hyperref/bookmark (HO)
)
(/usr/share/texlive/texmf-dist/tex/latex/oberdiek/auxhook.sty
Package: auxhook 2011/03/04 v1.3 Hooks for auxiliary files (HO)
)
(/usr/share/texlive/texmf-dist/tex/latex/oberdiek/kvoptions.sty
Package: kvoptions 2011/06/30 v3.11 Key value format for package options (HO)
)
\@linkdim=\dimen120
\Hy@linkcounter=\count103
\Hy@pagecounter=\count104

(/usr/share/texlive/texmf-dist/tex/latex/hyperref/pd1enc.def
File: pd1enc.def 2012/11/06 v6.83m Hyperref: PDFDocEncoding definition (HO)
)
\Hy@SavedSpaceFactor=\count105

(/usr/share/texlive/texmf-dist/tex/latex/latexconfig/hyperref.cfg
File: hyperref.cfg 2002/06/06 v1.2 hyperref configuration of TeXLive
)
Package hyperref Info: Option `plainpages' set `false' on input line 4319.
Package hyperref Info: Option `pdfpagelabels' set `true' on input line 4319.
Package hyperref Info: Option `breaklinks' set `true' on input line 4319.
Package hyperref Info: Hyper figures OFF on input line 4443.
Package hyperref Info: Link nesting OFF on input line 4448.
Package hyperref Info: Hyper index ON on input line 4451.
Package hyperref Info: Plain pages OFF on input line 4458.
Package hyperref Info: Backreferencing ON on input line 4461.
Package hyperref Info: Implicit mode ON; LaTeX internals redefined.
Package hyperref Info: Bookmarks ON on input line 4688.

(/usr/share/texlive/texmf-dist/tex/latex/hyperref/backref.sty
Package: backref 2012/07/25 v1.38 Bibliographical back referencing

(/usr/share/texlive/texmf-dist/tex/latex/oberdiek/rerunfilecheck.sty
Package: rerunfilecheck 2011/04/15 v1.7 Rerun checks for auxiliary files (HO)
Package uniquecounter Info: New unique counter `rerunfilecheck' on input line 2
82.
))
\c@Hy@tempcnt=\count106

(/usr/share/texlive/texmf-dist/tex/latex/url/url.sty
\Urlmuskip=\muskip11
Package: url 2013/09/16  ver 3.4  Verb mode for urls, etc.
)
LaTeX Info: Redefining \url on input line 5041.
\XeTeXLinkMargin=\dimen121
\Fld@menulength=\count107
\Field@Width=\dimen122
\Fld@charsize=\dimen123
Package hyperref Info: Hyper figures OFF on input line 6295.
Package hyperref Info: Link nesting OFF on input line 6300.
Package hyperref Info: Hyper index ON on input line 6303.
Package hyperref Info: backreferencing ON on input line 6308.
Package hyperref Info: Link coloring OFF on input line 6315.
Package hyperref Info: Link coloring with OCG OFF on input line 6320.
Package hyperref Info: PDF/A mode OFF on input line 6325.
LaTeX Info: Redefining \ref on input line 6365.
LaTeX Info: Redefining \pageref on input line 6369.
\Hy@abspage=\count108
\c@Item=\count109
\c@Hfootnote=\count110
)

Package hyperref Message: Driver (default): hdvips.

(/usr/share/texlive/texmf-dist/tex/latex/hyperref/hdvips.def
File: hdvips.def 2012/11/06 v6.83m Hyperref driver for dvips

(/usr/share/texlive/texmf-dist/tex/latex/hyperref/pdfmark.def
File: pdfmark.def 2012/11/06 v6.83m Hyperref definitions for pdfmark specials


Package hyperref Warning: You have enabled option `breaklinks'.
(hyperref)                But driver `hdvips.def' does not suppport this.
(hyperref)                Expect trouble with the link areas of broken links.

\pdf@docset=\toks27
\pdf@box=\box28
\pdf@toks=\toks28
\pdf@defaulttoks=\toks29
\HyField@AnnotCount=\count111
\Fld@listcount=\count112
\c@bookmark@seq@number=\count113
\Hy@SectionHShift=\skip49
)) (/usr/share/texlive/texmf-dist/tex/latex/graphics/color.sty
Package: color 2005/11/14 v1.0j Standard LaTeX Color (DPC)

(/usr/share/texlive/texmf-dist/tex/latex/latexconfig/color.cfg
File: color.cfg 2007/01/18 v1.5 color configuration of teTeX/TeXLive
)
Package color Info: Driver file: dvips.def on input line 130.

(/usr/share/texlive/texmf-dist/tex/latex/graphics/dvips.def
File: dvips.def 1999/02/16 v3.0i Driver-dependant file (DPC,SPQR)
)
(/usr/share/texlive/texmf-dist/tex/latex/graphics/dvipsnam.def
File: dvipsnam.def 1999/02/16 v3.0i Driver-dependant file (DPC,SPQR)
))
\c@theorem=\count114
\c@corollary=\count115
\c@lemma=\count116
Package hyperref Info: Option `bookmarksnumbered' set `true' on input line 154.

Package hyperref Info: Option `bookmarksopen' set `false' on input line 154.
Package hyperref Info: Option `pdffitwindow' set `true' on input line 154.
Package hyperref Info: Option `pdfnewwindow' set `true' on input line 154.
Package hyperref Info: Option `colorlinks' set `true' on input line 154.
)
(/usr/share/texlive/texmf-dist/tex/latex/nomencl/nomencl.sty
Package: nomencl 2005/09/22 v4.2 Nomenclature package (LN)
\nomlabelwidth=\dimen124
\nom@tempdim=\dimen125
\nomitemsep=\skip50
)
(/usr/share/texlive/texmf-dist/tex/latex/float/float.sty
Package: float 2001/11/08 v1.3d Float enhancements (AL)
\c@float@type=\count117
\float@exts=\toks30
\float@box=\box29
\@float@everytoks=\toks31
\@floatcapt=\box30
)
(/usr/share/texlive/texmf-dist/tex/latex/natbib/natbib.sty
Package: natbib 2010/09/13 8.31b (PWD, AO)
\bibhang=\skip51
\bibsep=\skip52
LaTeX Info: Redefining \cite on input line 694.
\c@NAT@ctr=\count118
)
(/usr/share/texlive/texmf-dist/tex/latex/graphics/graphicx.sty
Package: graphicx 1999/02/16 v1.0f Enhanced LaTeX Graphics (DPC,SPQR)

(/usr/share/texlive/texmf-dist/tex/latex/graphics/graphics.sty
Package: graphics 2009/02/05 v1.0o Standard LaTeX Graphics (DPC,SPQR)

(/usr/share/texlive/texmf-dist/tex/latex/graphics/trig.sty
Package: trig 1999/03/16 v1.09 sin cos tan (DPC)
)
(/usr/share/texlive/texmf-dist/tex/latex/latexconfig/graphics.cfg
File: graphics.cfg 2010/04/23 v1.9 graphics configuration of TeX Live
)
Package graphics Info: Driver file: dvips.def on input line 91.
)
\Gin@req@height=\dimen126
\Gin@req@width=\dimen127
)
(/usr/share/texlive/texmf-dist/tex/latex/fancyhdr/fancyhdr.sty
\fancy@headwidth=\skip53
\f@ncyO@elh=\skip54
\f@ncyO@erh=\skip55
\f@ncyO@olh=\skip56
\f@ncyO@orh=\skip57
\f@ncyO@elf=\skip58
\f@ncyO@erf=\skip59
\f@ncyO@olf=\skip60
\f@ncyO@orf=\skip61
)
(/usr/share/texlive/texmf-dist/tex/latex/srcltx/srcltx.sty
Package: srcltx 2006/11/12 v1.6 Source specials for inverse search in DVI files


(/usr/share/texlive/texmf-dist/tex/latex/base/ifthen.sty
Package: ifthen 2001/05/26 v1.1c Standard LaTeX ifthen package (DPC)
)
\src@lastline=\count119
\src@new@everypar=\toks32
\src@new@output=\toks33
)
(/usr/share/texlive/texmf-dist/tex/latex/relsize/relsize.sty
Package: relsize 2013/03/29 ver 4.1
)
(/usr/share/texlive/texmf-dist/tex/latex/booktabs/booktabs.sty
Package: booktabs 2005/04/14 v1.61803 publication quality tables
\heavyrulewidth=\dimen128
\lightrulewidth=\dimen129
\cmidrulewidth=\dimen130
\belowrulesep=\dimen131
\belowbottomsep=\dimen132
\aboverulesep=\dimen133
\abovetopsep=\dimen134
\cmidrulesep=\dimen135
\cmidrulekern=\dimen136
\defaultaddspace=\dimen137
\@cmidla=\count120
\@cmidlb=\count121
\@aboverulesep=\dimen138
\@belowrulesep=\dimen139
\@thisruleclass=\count122
\@lastruleclass=\count123
\@thisrulewidth=\dimen140
)
(/usr/share/texlive/texmf-dist/tex/latex/caption/caption.sty
Package: caption 2013/05/02 v3.3-89 Customizing captions (AR)

(/usr/share/texlive/texmf-dist/tex/latex/caption/caption3.sty
Package: caption3 2013/05/02 v1.6-88 caption3 kernel (AR)
Package caption3 Info: TeX engine: e-TeX on input line 57.
\captionmargin=\dimen141
\captionmargin@=\dimen142
\captionwidth=\dimen143
\caption@tempdima=\dimen144
\caption@indent=\dimen145
\caption@parindent=\dimen146
\caption@hangindent=\dimen147
)

Package caption Warning: Configuration file caption.cfg not found on input line
 293.
See the caption package documentation for explanation.

\c@ContinuedFloat=\count124
Package caption Info: float package is loaded.
Package caption Info: hyperref package is loaded.
) (/usr/share/texlive/texmf-dist/tex/latex/subfig/subfig.sty
Package: subfig 2005/06/28 ver: 1.3 subfig package
\c@KVtest=\count125
\sf@farskip=\skip62
\sf@captopadj=\dimen148
\sf@capskip=\skip63
\sf@nearskip=\skip64


Package subfig Warning: Configuration file subfig.cfg not found on input line 2
97.

\c@subfigure=\count126
\c@subfigure@save=\count127
\c@lofdepth=\count128
\c@subtable=\count129
\c@subtable@save=\count130
\c@lotdepth=\count131
\sf@top=\skip65
\sf@bottom=\skip66
) (/usr/share/texlive/texmf-dist/tex/latex/jknapltx/mathrsfs.sty
Package: mathrsfs 1996/01/01 Math RSFS package v1.0 (jk)
\symrsfs=\mathgroup6
)
(/usr/share/texlive/texmf-dist/tex/latex/tools/bm.sty
Package: bm 2004/02/26 v1.1c Bold Symbol Support (DPC/FMi)
\symboldoperators=\mathgroup7
\symboldletters=\mathgroup8
\symboldsymbols=\mathgroup9
LaTeX Font Info:    Redeclaring math alphabet \mathbf on input line 138.
LaTeX Info: Redefining \bm on input line 204.
)
(/usr/share/texlive/texmf-dist/tex/latex/multirow/multirow.sty
\bigstrutjot=\dimen149
)
(/usr/share/texlive/texmf-dist/tex/latex/tools/tabularx.sty
Package: tabularx 1999/01/07 v2.07 `tabularx' package (DPC)

(/usr/share/texlive/texmf-dist/tex/latex/tools/array.sty
Package: array 2008/09/09 v2.4c Tabular extension package (FMi)
\col@sep=\dimen150
\extrarowheight=\dimen151
\NC@list=\toks34
\extratabsurround=\skip67
\backup@length=\skip68
)
\TX@col@width=\dimen152
\TX@old@table=\dimen153
\TX@old@col=\dimen154
\TX@target=\dimen155
\TX@delta=\dimen156
\TX@cols=\count132
\TX@ftn=\toks35
)
(/usr/share/texlive/texmf-dist/tex/latex/algorithms/algorithm.sty
Package: algorithm 2009/08/24 v0.1 Document Style `algorithm' - floating enviro
nment
\@float@every@algorithm=\toks36
\c@algorithm=\count133
)
(/usr/share/texlive/texmf-dist/tex/latex/algorithmicx/algpseudocode.sty
Package: algpseudocode 

(/usr/share/texlive/texmf-dist/tex/latex/algorithmicx/algorithmicx.sty
Package: algorithmicx 2005/04/27 v1.2 Algorithmicx

Document Style algorithmicx 1.2 - a greatly improved `algorithmic' style
\c@ALG@line=\count134
\c@ALG@rem=\count135
\c@ALG@nested=\count136
\ALG@tlm=\skip69
\ALG@thistlm=\skip70
\c@ALG@Lnr=\count137
\c@ALG@blocknr=\count138
\c@ALG@storecount=\count139
\c@ALG@tmpcounter=\count140
\ALG@tmplength=\skip71
)
Document Style - pseudocode environments for use with the `algorithmicx' style
) (./my-dissertation.aux (./front-matter/dedication.aux)
(./front-matter/acknowledgements.aux) (./front-matter/quote.aux)
(./front-matter/abstract.aux) (./front-matter/nomenclature.aux)
(./chapters/chapter-1.aux) (./chapters/chapter-2.aux) (./chapters/chapter-3.aux
) (./chapters/chapter-4.aux) (./back-matter/appendix-1.aux)
(./back-matter/vita.aux))
\openout1 = `my-dissertation.aux'.

LaTeX Font Info:    Checking defaults for OML/cmm/m/it on input line 68.
LaTeX Font Info:    ... okay on input line 68.
LaTeX Font Info:    Checking defaults for T1/cmr/m/n on input line 68.
LaTeX Font Info:    ... okay on input line 68.
LaTeX Font Info:    Checking defaults for OT1/cmr/m/n on input line 68.
LaTeX Font Info:    ... okay on input line 68.
LaTeX Font Info:    Checking defaults for OMS/cmsy/m/n on input line 68.
LaTeX Font Info:    ... okay on input line 68.
LaTeX Font Info:    Checking defaults for OMX/cmex/m/n on input line 68.
LaTeX Font Info:    ... okay on input line 68.
LaTeX Font Info:    Checking defaults for U/cmr/m/n on input line 68.
LaTeX Font Info:    ... okay on input line 68.
LaTeX Font Info:    Checking defaults for PD1/pdf/m/n on input line 68.
LaTeX Font Info:    ... okay on input line 68.

*geometry* detected driver: dvips
*geometry* verbose mode - [ preamble ] result:
* driver: dvips
* paper: letterpaper
* layout: <same size as paper>
* layoutoffset:(h,v)=(0.0pt,0.0pt)
* vratio: 1:1
* modes: 
* h-part:(L,W,R)=(108.405pt, 433.62001pt, 72.26999pt)
* v-part:(T,H,B)=(72.26999pt, 623.32875pt, 99.37125pt)
* \paperwidth=614.295pt
* \paperheight=794.96999pt
* \textwidth=433.62001pt
* \textheight=623.32875pt
* \oddsidemargin=36.13501pt
* \evensidemargin=36.13501pt
* \topmargin=-37.0pt
* \headheight=12.0pt
* \headsep=25.0pt
* \topskip=12.0pt
* \footskip=30.0pt
* \marginparwidth=44.0pt
* \marginparsep=10.0pt
* \columnsep=10.0pt
* \skip\footins=10.8pt plus 4.0pt minus 2.0pt
* \hoffset=0.0pt
* \voffset=0.0pt
* \mag=1000
* \@twocolumnfalse
* \@twosidefalse
* \@mparswitchfalse
* \@reversemarginfalse
* (1in=72.27pt=25.4mm, 1cm=28.453pt)

\AtBeginShipoutBox=\box31
Package backref Info: ** backref set up for natbib ** on input line 68.
Package hyperref Info: Link coloring ON on input line 68.
(/usr/share/texlive/texmf-dist/tex/latex/hyperref/nameref.sty
Package: nameref 2012/10/27 v2.43 Cross-referencing by name of section

(/usr/share/texlive/texmf-dist/tex/generic/oberdiek/gettitlestring.sty
Package: gettitlestring 2010/12/03 v1.4 Cleanup title references (HO)
)
\c@section@level=\count141
)
LaTeX Info: Redefining \ref on input line 68.
LaTeX Info: Redefining \pageref on input line 68.
LaTeX Info: Redefining \nameref on input line 68.

(./my-dissertation.out) (./my-dissertation.out)
\@outlinefile=\write3
\openout3 = `my-dissertation.out'.

Package caption Info: Begin \AtBeginDocument code.
Package caption Info: subfig package v1.3 is loaded.
Package caption Info: End \AtBeginDocument code.
LaTeX Font Info:    Try loading font information for U+msa on input line 71.

(/usr/share/texlive/texmf-dist/tex/latex/amsfonts/umsa.fd
File: umsa.fd 2013/01/14 v3.01 AMS symbols A
)
LaTeX Font Info:    Try loading font information for U+msb on input line 71.

(/usr/share/texlive/texmf-dist/tex/latex/amsfonts/umsb.fd
File: umsb.fd 2013/01/14 v3.01 AMS symbols B
)
LaTeX Font Info:    Try loading font information for U+rsfs on input line 71.

(/usr/share/texlive/texmf-dist/tex/latex/jknapltx/ursfs.fd
File: ursfs.fd 1998/03/24 rsfs font definition file (jk)
) [1

]
Underfull \hbox (badness 10000) in paragraph at lines 72--72

 []


Underfull \hbox (badness 10000) in paragraph at lines 72--72

 []

[2] [3




]
LaTeX Font Info:    Try loading font information for OMS+cmr on input line 81.
 (/usr/share/texlive/texmf-dist/tex/latex/base/omscmr.fd
File: omscmr.fd 1999/05/25 v2.5h Standard LaTeX font definitions
)
LaTeX Font Info:    Font shape `OMS/cmr/m/n' in size <12> not available
(Font)              Font shape `OMS/cmsy/m/n' tried instead on input line 81.
 [2


]
:<+ front-matter/dedication.tex
\openout2 = `front-matter/dedication.aux'.

(./front-matter/dedication.tex) [3





]
:<-
:<+ front-matter/acknowledgements.tex
\openout2 = `front-matter/acknowledgements.aux'.

(./front-matter/acknowledgements.tex) [4






]
:<-
:<+ front-matter/quote.tex
\openout2 = `front-matter/quote.aux'.

(./front-matter/quote.tex) [5






]
:<-
:<+ front-matter/abstract.tex
\openout2 = `front-matter/abstract.aux'.

(./front-matter/abstract.tex) [6






]
:<-
(./my-dissertation.toc [7




])
\tf@toc=\write4
\openout4 = `my-dissertation.toc'.

 [8] (./my-dissertation.lot)
\tf@lot=\write5
\openout5 = `my-dissertation.lot'.

 [9

]
(./my-dissertation.lof [10

] [11] [12] [13] [14] [15] [16] [17] [18] [19]
[20] [21] [22])
\tf@lof=\write6
\openout6 = `my-dissertation.lof'.

\@nomenclaturefile=\write7
\openout7 = `my-dissertation.nlo'.


Writing nomenclature file my-dissertation.nlo
[23]
No file my-dissertation.nls.
:<+ front-matter/nomenclature.tex
\openout2 = `front-matter/nomenclature.aux'.

(./front-matter/nomenclature.tex)
:<-
:<+ chapters/chapter-1.tex
\openout2 = `chapters/chapter-1.aux'.

(./chapters/chapter-1.tex
Chapter 1.
[1








] [2] [3] [4] [5] [6]
File: figures/eps/tetra_popn.eps Graphic file (type eps)
 <figures/eps/tetra_popn.eps>

Package natbib Warning: Citation `ChebyshevInequality' on page 7 undefined on i
nput line 183.

[7] [8]) [9] [10]
:<-
:<+ chapters/chapter-2.tex
\openout2 = `chapters/chapter-2.aux'.

(./chapters/chapter-2.tex
Chapter 2.
[11




] [12]
Underfull \hbox (badness 10000) in paragraph at lines 73--78

 []

[13]
Underfull \hbox (badness 10000) in paragraph at lines 150--154
\OT1/cmr/m/n/12 nent of the dis-tri-bu-tion $\OML/cmm/m/it/12 p[]$\OT1/cmr/m/n/
12 .
 []

[14]
Package srcltx Info: Expanded filename `chapters/specialization.tex' to `chapte
rs/specialization.tex' on input line 172.

:<+ chapters/specialization.tex
(./chapters/specialization.tex [15]
Underfull \hbox (badness 10000) in paragraph at lines 32--35

 []

[16]
Underfull \hbox (badness 10000) in paragraph at lines 46--49

 []

[17] [18] [19]
Package hyperref Info: bookmark level for unknown algorithm defaults to 0 on in
put line 151.
 [20] [21] [22])
:<-
Package srcltx Info: Expanded filename `chapters/convergence.tex' to `chapters/
convergence.tex' on input line 174.
:<+ chapters/convergence.tex
(./chapters/convergence.tex
Underfull \hbox (badness 10000) in paragraph at lines 8--12

 []


Underfull \hbox (badness 10000) in paragraph at lines 14--19

 []

[23] [24]
File: figures/eps/surf/b4.eps Graphic file (type eps)
 <figures/eps/surf/b4.eps>
File: figures/eps/surf/b6.eps Graphic file (type eps)
 <figures/eps/surf/b6.eps>
File: figures/eps/surf/b8.eps Graphic file (type eps)

<figures/eps/surf/b8.eps>
File: figures/eps/surf/b10.eps Graphic file (type eps)
 <figures/eps/surf/b10.eps>
File: figures/eps/surf/b12.eps Graphic file (type eps)

<figures/eps/surf/b12.eps>
File: figures/eps/surf/b14.eps Graphic file (type eps)
 <figures/eps/surf/b14.eps> [25] [26]
File: figures/eps/slope/m.eps Graphic file (type eps)

<figures/eps/slope/m.eps>
File: figures/eps/slope/b.eps Graphic file (type eps)
 <figures/eps/slope/b.eps> [27])
:<-
) [28]
:<-
:<+ chapters/chapter-3.tex
\openout2 = `chapters/chapter-3.aux'.

(./chapters/chapter-3.tex
Chapter 3.
[29




]
Missing character: There is no â in font cmr12!
Missing character: There is no ˆ in font cmr12!
Missing character: There is no ’ in font cmr12!
 [30] [31]
Underfull \hbox (badness 10000) in paragraph at lines 117--119

 []

[32]
File: figures/eps/initialpop.eps Graphic file (type eps)
 <figures/eps/initialpop.eps> [33] [34] [35]
Package srcltx Info: Expanded filename `chapters/oscillation.tex' to `chapters/
oscillation.tex' on input line 228.

:<+ chapters/oscillation.tex
(./chapters/oscillation.tex
File: figures/eps/osc/b8/n004096_osc_fin_hap.eps Graphic file (type eps)
 <figures/eps/osc/b8/n004096_osc_fin_hap.eps>
File: figures/eps/osc/b8/n004096_osc_fin_hap_dist.eps Graphic file (type eps)

<figures/eps/osc/b8/n004096_osc_fin_hap_dist.eps>
File: figures/eps/osc/b8/n040960_osc_fin_hap.eps Graphic file (type eps)

<figures/eps/osc/b8/n040960_osc_fin_hap.eps>
File: figures/eps/osc/b8/n040960_osc_fin_hap_dist.eps Graphic file (type eps)

<figures/eps/osc/b8/n040960_osc_fin_hap_dist.eps>
File: figures/eps/osc/b8/n081920_osc_fin_hap.eps Graphic file (type eps)

<figures/eps/osc/b8/n081920_osc_fin_hap.eps>
File: figures/eps/osc/b8/n081920_osc_fin_hap_dist.eps Graphic file (type eps)

<figures/eps/osc/b8/n081920_osc_fin_hap_dist.eps>
File: figures/eps/osc/b8/osc_inf_hap.eps Graphic file (type eps)

<figures/eps/osc/b8/osc_inf_hap.eps>
File: figures/eps/osc/b8/fin_hap_dist.eps Graphic file (type eps)
 <figures/eps/osc/b8/fin_hap_dist.eps>
[36]
Overfull \vbox (42.11111pt too high) has occurred while \output is active []


[37]
File: figures/eps/osc/b8/n004096_osc_fin_dip.eps Graphic file (type eps)
 <figures/eps/osc/b8/n004096_osc_fin_dip.eps>
File: figures/eps/osc/b8/n004096_osc_fin_dip_dist.eps Graphic file (type eps)

<figures/eps/osc/b8/n004096_osc_fin_dip_dist.eps>
File: figures/eps/osc/b8/n040960_osc_fin_dip.eps Graphic file (type eps)

<figures/eps/osc/b8/n040960_osc_fin_dip.eps>
File: figures/eps/osc/b8/n040960_osc_fin_dip_dist.eps Graphic file (type eps)

<figures/eps/osc/b8/n040960_osc_fin_dip_dist.eps>
File: figures/eps/osc/b8/n081920_osc_fin_dip.eps Graphic file (type eps)

<figures/eps/osc/b8/n081920_osc_fin_dip.eps>
File: figures/eps/osc/b8/n081920_osc_fin_dip_dist.eps Graphic file (type eps)

<figures/eps/osc/b8/n081920_osc_fin_dip_dist.eps>
File: figures/eps/osc/b8/osc_inf_dip.eps Graphic file (type eps)

<figures/eps/osc/b8/osc_inf_dip.eps>
File: figures/eps/osc/b8/fin_dip_dist.eps Graphic file (type eps)
 <figures/eps/osc/b8/fin_dip_dist.eps>
Overfull \vbox (42.11111pt too high) has occurred while \output is active []


[38]
File: figures/eps/osc/b10/n004096_osc_fin_hap.eps Graphic file (type eps)
 <figures/eps/osc/b10/n004096_osc_fin_hap.eps>
File: figures/eps/osc/b10/n004096_osc_fin_hap_dist.eps Graphic file (type eps)

<figures/eps/osc/b10/n004096_osc_fin_hap_dist.eps>
File: figures/eps/osc/b10/n040960_osc_fin_hap.eps Graphic file (type eps)

<figures/eps/osc/b10/n040960_osc_fin_hap.eps>
File: figures/eps/osc/b10/n040960_osc_fin_hap_dist.eps Graphic file (type eps)

<figures/eps/osc/b10/n040960_osc_fin_hap_dist.eps>
File: figures/eps/osc/b10/n081920_osc_fin_hap.eps Graphic file (type eps)

<figures/eps/osc/b10/n081920_osc_fin_hap.eps>
File: figures/eps/osc/b10/n081920_osc_fin_hap_dist.eps Graphic file (type eps)

<figures/eps/osc/b10/n081920_osc_fin_hap_dist.eps>
File: figures/eps/osc/b10/osc_inf_hap.eps Graphic file (type eps)

<figures/eps/osc/b10/osc_inf_hap.eps>
File: figures/eps/osc/b10/fin_hap_dist.eps Graphic file (type eps)
 <figures/eps/osc/b10/fin_hap_dist.eps>
Overfull \vbox (42.11111pt too high) has occurred while \output is active []


[39]
File: figures/eps/osc/b10/n004096_osc_fin_dip.eps Graphic file (type eps)
 <figures/eps/osc/b10/n004096_osc_fin_dip.eps>
File: figures/eps/osc/b10/n004096_osc_fin_dip_dist.eps Graphic file (type eps)

<figures/eps/osc/b10/n004096_osc_fin_dip_dist.eps>
File: figures/eps/osc/b10/n040960_osc_fin_dip.eps Graphic file (type eps)

<figures/eps/osc/b10/n040960_osc_fin_dip.eps>
File: figures/eps/osc/b10/n040960_osc_fin_dip_dist.eps Graphic file (type eps)

<figures/eps/osc/b10/n040960_osc_fin_dip_dist.eps>
File: figures/eps/osc/b10/n081920_osc_fin_dip.eps Graphic file (type eps)

<figures/eps/osc/b10/n081920_osc_fin_dip.eps>
File: figures/eps/osc/b10/n081920_osc_fin_dip_dist.eps Graphic file (type eps)

<figures/eps/osc/b10/n081920_osc_fin_dip_dist.eps>
File: figures/eps/osc/b10/osc_inf_dip.eps Graphic file (type eps)

<figures/eps/osc/b10/osc_inf_dip.eps>
File: figures/eps/osc/b10/fin_dip_dist.eps Graphic file (type eps)
 <figures/eps/osc/b10/fin_dip_dist.eps>
Overfull \vbox (42.11111pt too high) has occurred while \output is active []


[40]
File: figures/eps/osc/b12/n004096_osc_fin_hap.eps Graphic file (type eps)
 <figures/eps/osc/b12/n004096_osc_fin_hap.eps>
File: figures/eps/osc/b12/n004096_osc_fin_hap_dist.eps Graphic file (type eps)

<figures/eps/osc/b12/n004096_osc_fin_hap_dist.eps>
File: figures/eps/osc/b12/n040960_osc_fin_hap.eps Graphic file (type eps)

<figures/eps/osc/b12/n040960_osc_fin_hap.eps>
File: figures/eps/osc/b12/n040960_osc_fin_hap_dist.eps Graphic file (type eps)

<figures/eps/osc/b12/n040960_osc_fin_hap_dist.eps>
File: figures/eps/osc/b12/n081920_osc_fin_hap.eps Graphic file (type eps)

<figures/eps/osc/b12/n081920_osc_fin_hap.eps>
File: figures/eps/osc/b12/n081920_osc_fin_hap_dist.eps Graphic file (type eps)

<figures/eps/osc/b12/n081920_osc_fin_hap_dist.eps>
File: figures/eps/osc/b12/osc_inf_hap.eps Graphic file (type eps)

<figures/eps/osc/b12/osc_inf_hap.eps>
File: figures/eps/osc/b12/fin_hap_dist.eps Graphic file (type eps)
 <figures/eps/osc/b12/fin_hap_dist.eps>
Overfull \vbox (42.11111pt too high) has occurred while \output is active []


[41]
File: figures/eps/osc/b12/n004096_osc_fin_dip.eps Graphic file (type eps)
 <figures/eps/osc/b12/n004096_osc_fin_dip.eps>
File: figures/eps/osc/b12/n004096_osc_fin_dip_dist.eps Graphic file (type eps)

<figures/eps/osc/b12/n004096_osc_fin_dip_dist.eps>
File: figures/eps/osc/b12/n040960_osc_fin_dip.eps Graphic file (type eps)

<figures/eps/osc/b12/n040960_osc_fin_dip.eps>
File: figures/eps/osc/b12/n040960_osc_fin_dip_dist.eps Graphic file (type eps)

<figures/eps/osc/b12/n040960_osc_fin_dip_dist.eps>
File: figures/eps/osc/b12/n081920_osc_fin_dip.eps Graphic file (type eps)

<figures/eps/osc/b12/n081920_osc_fin_dip.eps>
File: figures/eps/osc/b12/n081920_osc_fin_dip_dist.eps Graphic file (type eps)

<figures/eps/osc/b12/n081920_osc_fin_dip_dist.eps>
File: figures/eps/osc/b12/osc_inf_dip.eps Graphic file (type eps)

<figures/eps/osc/b12/osc_inf_dip.eps>
File: figures/eps/osc/b10/fin_hap_dist.eps Graphic file (type eps)
 <figures/eps/osc/b10/fin_hap_dist.eps>
Overfull \vbox (42.11111pt too high) has occurred while \output is active []


[42]
File: figures/eps/osc/b14/n004096_osc_fin_hap.eps Graphic file (type eps)
 <figures/eps/osc/b14/n004096_osc_fin_hap.eps>
File: figures/eps/osc/b14/n004096_osc_fin_hap_dist.eps Graphic file (type eps)

<figures/eps/osc/b14/n004096_osc_fin_hap_dist.eps>
File: figures/eps/osc/b14/n040960_osc_fin_hap.eps Graphic file (type eps)

<figures/eps/osc/b14/n040960_osc_fin_hap.eps>
File: figures/eps/osc/b14/n040960_osc_fin_hap_dist.eps Graphic file (type eps)

<figures/eps/osc/b14/n040960_osc_fin_hap_dist.eps>
File: figures/eps/osc/b14/n081920_osc_fin_hap.eps Graphic file (type eps)

<figures/eps/osc/b14/n081920_osc_fin_hap.eps>
File: figures/eps/osc/b14/n081920_osc_fin_hap_dist.eps Graphic file (type eps)

<figures/eps/osc/b14/n081920_osc_fin_hap_dist.eps>
File: figures/eps/osc/b14/osc_inf_hap.eps Graphic file (type eps)

<figures/eps/osc/b14/osc_inf_hap.eps>
File: figures/eps/osc/b14/fin_hap_dist.eps Graphic file (type eps)
 <figures/eps/osc/b14/fin_hap_dist.eps>
Overfull \vbox (42.11111pt too high) has occurred while \output is active []


[43]
File: figures/eps/osc/b14/n004096_osc_fin_dip.eps Graphic file (type eps)
 <figures/eps/osc/b14/n004096_osc_fin_dip.eps>
File: figures/eps/osc/b14/n004096_osc_fin_dip_dist.eps Graphic file (type eps)

<figures/eps/osc/b14/n004096_osc_fin_dip_dist.eps>
File: figures/eps/osc/b14/n040960_osc_fin_dip.eps Graphic file (type eps)

<figures/eps/osc/b14/n040960_osc_fin_dip.eps>
File: figures/eps/osc/b14/n040960_osc_fin_dip_dist.eps Graphic file (type eps)

<figures/eps/osc/b14/n040960_osc_fin_dip_dist.eps>
File: figures/eps/osc/b14/n081920_osc_fin_dip.eps Graphic file (type eps)

<figures/eps/osc/b14/n081920_osc_fin_dip.eps>
File: figures/eps/osc/b14/n081920_osc_fin_dip_dist.eps Graphic file (type eps)

<figures/eps/osc/b14/n081920_osc_fin_dip_dist.eps>
File: figures/eps/osc/b14/osc_inf_dip.eps Graphic file (type eps)

<figures/eps/osc/b14/osc_inf_dip.eps>
File: figures/eps/osc/b14/fin_dip_dist.eps Graphic file (type eps)
 <figures/eps/osc/b14/fin_dip_dist.eps>)
:<-

Overfull \vbox (42.11111pt too high) has occurred while \output is active []


[44] [45]
Missing character: There is no â in font cmr12!
Missing character: There is no ˆ in font cmr12!
Missing character: There is no ’ in font cmr12!
 [46]
Underfull \hbox (badness 10000) in paragraph at lines 326--327

 []

Package srcltx Info: Expanded filename `chapters/violation-mu.tex' to `chapters
/violation-mu.tex' on input line 339.
:<+ chapters/violation-mu.tex
(./chapters/violation-mu.tex
File: figures/eps/vio/mu/b8/e0.01/n00004096_fin_hap.eps Graphic file (type eps)


<figures/eps/vio/mu/b8/e0.01/n00004096_fin_hap.eps>
File: figures/eps/vio/mu/b8/e0.01/n00004096_fin_hap_wovio.eps Graphic file (typ
e eps)

<figures/eps/vio/mu/b8/e0.01/n00004096_fin_hap_wovio.eps>
File: figures/eps/vio/mu/b8/e0.01/n00040960_fin_hap.eps Graphic file (type eps)


<figures/eps/vio/mu/b8/e0.01/n00040960_fin_hap.eps>
File: figures/eps/vio/mu/b8/e0.01/n00040960_fin_hap_wovio.eps Graphic file (typ
e eps)

<figures/eps/vio/mu/b8/e0.01/n00040960_fin_hap_wovio.eps>
File: figures/eps/vio/mu/b8/e0.01/n00081920_fin_hap.eps Graphic file (type eps)


<figures/eps/vio/mu/b8/e0.01/n00081920_fin_hap.eps>
File: figures/eps/vio/mu/b8/e0.01/n00081920_fin_hap_wovio.eps Graphic file (typ
e eps)

<figures/eps/vio/mu/b8/e0.01/n00081920_fin_hap_wovio.eps>
File: figures/eps/vio/mu/b8/e0.01/inf_hap.eps Graphic file (type eps)

<figures/eps/vio/mu/b8/e0.01/inf_hap.eps>
File: figures/eps/vio/mu/b8/e0.01/inf_hap_wovio.eps Graphic file (type eps)

<figures/eps/vio/mu/b8/e0.01/inf_hap_wovio.eps> [47] [48]
Overfull \vbox (42.11111pt too high) has occurred while \output is active []


[49]
File: figures/eps/vio/mu/b8/e0.01/n00004096_fin_dip.eps Graphic file (type eps)

 <figures/eps/vio/mu/b8/e0.01/n00004096_fin_dip.eps>
File: figures/eps/vio/mu/b8/e0.01/n00004096_fin_dip_wovio.eps Graphic file (typ
e eps)

<figures/eps/vio/mu/b8/e0.01/n00004096_fin_dip_wovio.eps>
File: figures/eps/vio/mu/b8/e0.01/n00040960_fin_dip.eps Graphic file (type eps)


<figures/eps/vio/mu/b8/e0.01/n00040960_fin_dip.eps>
File: figures/eps/vio/mu/b8/e0.01/n00040960_fin_dip_wovio.eps Graphic file (typ
e eps)

<figures/eps/vio/mu/b8/e0.01/n00040960_fin_dip_wovio.eps>
File: figures/eps/vio/mu/b8/e0.01/n00081920_fin_dip.eps Graphic file (type eps)


<figures/eps/vio/mu/b8/e0.01/n00081920_fin_dip.eps>
File: figures/eps/vio/mu/b8/e0.01/n00081920_fin_dip_wovio.eps Graphic file (typ
e eps)

<figures/eps/vio/mu/b8/e0.01/n00081920_fin_dip_wovio.eps>
File: figures/eps/vio/mu/b8/e0.01/inf_dip.eps Graphic file (type eps)

<figures/eps/vio/mu/b8/e0.01/inf_dip.eps>
File: figures/eps/vio/mu/b8/e0.01/inf_dip_wovio.eps Graphic file (type eps)

<figures/eps/vio/mu/b8/e0.01/inf_dip_wovio.eps>
Overfull \vbox (42.11111pt too high) has occurred while \output is active []


[50]
File: figures/eps/vio/mu/b8/e0.1/n00004096_fin_hap.eps Graphic file (type eps)
 <figures/eps/vio/mu/b8/e0.1/n00004096_fin_hap.eps>
File: figures/eps/vio/mu/b8/e0.1/n00004096_fin_hap_wovio.eps Graphic file (type
 eps)

<figures/eps/vio/mu/b8/e0.1/n00004096_fin_hap_wovio.eps>
File: figures/eps/vio/mu/b8/e0.1/n00040960_fin_hap.eps Graphic file (type eps)

<figures/eps/vio/mu/b8/e0.1/n00040960_fin_hap.eps>
File: figures/eps/vio/mu/b8/e0.1/n00040960_fin_hap_wovio.eps Graphic file (type
 eps)

<figures/eps/vio/mu/b8/e0.1/n00040960_fin_hap_wovio.eps>
File: figures/eps/vio/mu/b8/e0.1/n00081920_fin_hap.eps Graphic file (type eps)

<figures/eps/vio/mu/b8/e0.1/n00081920_fin_hap.eps>
File: figures/eps/vio/mu/b8/e0.1/n00081920_fin_hap_wovio.eps Graphic file (type
 eps)

<figures/eps/vio/mu/b8/e0.1/n00081920_fin_hap_wovio.eps>
File: figures/eps/vio/mu/b8/e0.1/inf_hap.eps Graphic file (type eps)

<figures/eps/vio/mu/b8/e0.1/inf_hap.eps>
File: figures/eps/vio/mu/b8/e0.1/inf_hap_wovio.eps Graphic file (type eps)

<figures/eps/vio/mu/b8/e0.1/inf_hap_wovio.eps>
Overfull \vbox (42.11111pt too high) has occurred while \output is active []


[51]
File: figures/eps/vio/mu/b8/e0.1/n00004096_fin_dip.eps Graphic file (type eps)
 <figures/eps/vio/mu/b8/e0.1/n00004096_fin_dip.eps>
File: figures/eps/vio/mu/b8/e0.1/n00004096_fin_dip_wovio.eps Graphic file (type
 eps)

<figures/eps/vio/mu/b8/e0.1/n00004096_fin_dip_wovio.eps>
File: figures/eps/vio/mu/b8/e0.1/n00040960_fin_dip.eps Graphic file (type eps)

<figures/eps/vio/mu/b8/e0.1/n00040960_fin_dip.eps>
File: figures/eps/vio/mu/b8/e0.1/n00040960_fin_dip_wovio.eps Graphic file (type
 eps)

<figures/eps/vio/mu/b8/e0.1/n00040960_fin_dip_wovio.eps>
File: figures/eps/vio/mu/b8/e0.1/n00081920_fin_dip.eps Graphic file (type eps)

<figures/eps/vio/mu/b8/e0.1/n00081920_fin_dip.eps>
File: figures/eps/vio/mu/b8/e0.1/n00081920_fin_dip_wovio.eps Graphic file (type
 eps)

<figures/eps/vio/mu/b8/e0.1/n00081920_fin_dip_wovio.eps>
File: figures/eps/vio/mu/b8/e0.1/inf_dip.eps Graphic file (type eps)

<figures/eps/vio/mu/b8/e0.1/inf_dip.eps>
File: figures/eps/vio/mu/b8/e0.1/inf_dip_wovio.eps Graphic file (type eps)

<figures/eps/vio/mu/b8/e0.1/inf_dip_wovio.eps>
Overfull \vbox (42.11111pt too high) has occurred while \output is active []


[52]
File: figures/eps/vio/mu/b8/e0.5/n00004096_fin_hap.eps Graphic file (type eps)
 <figures/eps/vio/mu/b8/e0.5/n00004096_fin_hap.eps>
File: figures/eps/vio/mu/b8/e0.5/n00004096_fin_hap_wovio.eps Graphic file (type
 eps)

<figures/eps/vio/mu/b8/e0.5/n00004096_fin_hap_wovio.eps>
File: figures/eps/vio/mu/b8/e0.5/n00040960_fin_hap.eps Graphic file (type eps)

<figures/eps/vio/mu/b8/e0.5/n00040960_fin_hap.eps>
File: figures/eps/vio/mu/b8/e0.5/n00040960_fin_hap_wovio.eps Graphic file (type
 eps)

<figures/eps/vio/mu/b8/e0.5/n00040960_fin_hap_wovio.eps>
File: figures/eps/vio/mu/b8/e0.5/n00081920_fin_hap.eps Graphic file (type eps)

<figures/eps/vio/mu/b8/e0.5/n00081920_fin_hap.eps>
File: figures/eps/vio/mu/b8/e0.5/n00081920_fin_hap_wovio.eps Graphic file (type
 eps)

<figures/eps/vio/mu/b8/e0.5/n00081920_fin_hap_wovio.eps>
File: figures/eps/vio/mu/b8/e0.5/inf_hap.eps Graphic file (type eps)

<figures/eps/vio/mu/b8/e0.5/inf_hap.eps>
File: figures/eps/vio/mu/b8/e0.5/inf_hap_wovio.eps Graphic file (type eps)

<figures/eps/vio/mu/b8/e0.5/inf_hap_wovio.eps>
Overfull \vbox (42.11111pt too high) has occurred while \output is active []


[53]
File: figures/eps/vio/mu/b8/e0.5/n00004096_fin_dip.eps Graphic file (type eps)
 <figures/eps/vio/mu/b8/e0.5/n00004096_fin_dip.eps>
File: figures/eps/vio/mu/b8/e0.5/n00004096_fin_dip_wovio.eps Graphic file (type
 eps)

<figures/eps/vio/mu/b8/e0.5/n00004096_fin_dip_wovio.eps>
File: figures/eps/vio/mu/b8/e0.5/n00040960_fin_dip.eps Graphic file (type eps)

<figures/eps/vio/mu/b8/e0.5/n00040960_fin_dip.eps>
File: figures/eps/vio/mu/b8/e0.5/n00040960_fin_dip_wovio.eps Graphic file (type
 eps)

<figures/eps/vio/mu/b8/e0.5/n00040960_fin_dip_wovio.eps>
File: figures/eps/vio/mu/b8/e0.5/n00081920_fin_dip.eps Graphic file (type eps)

<figures/eps/vio/mu/b8/e0.5/n00081920_fin_dip.eps>
File: figures/eps/vio/mu/b8/e0.5/n00081920_fin_dip_wovio.eps Graphic file (type
 eps)

<figures/eps/vio/mu/b8/e0.5/n00081920_fin_dip_wovio.eps>
File: figures/eps/vio/mu/b8/e0.5/inf_dip.eps Graphic file (type eps)

<figures/eps/vio/mu/b8/e0.5/inf_dip.eps>
File: figures/eps/vio/mu/b8/e0.5/inf_dip_wovio.eps Graphic file (type eps)

<figures/eps/vio/mu/b8/e0.5/inf_dip_wovio.eps>
Overfull \vbox (42.11111pt too high) has occurred while \output is active []


[54]
File: figures/eps/vio/mu/b10/e0.01/n00004096_fin_hap.eps Graphic file (type eps
)
 <figures/eps/vio/mu/b10/e0.01/n00004096_fin_hap.eps>
File: figures/eps/vio/mu/b10/e0.01/n00004096_fin_hap_wovio.eps Graphic file (ty
pe eps)

<figures/eps/vio/mu/b10/e0.01/n00004096_fin_hap_wovio.eps>
File: figures/eps/vio/mu/b10/e0.01/n00040960_fin_hap.eps Graphic file (type eps
)

<figures/eps/vio/mu/b10/e0.01/n00040960_fin_hap.eps>
File: figures/eps/vio/mu/b10/e0.01/n00040960_fin_hap_wovio.eps Graphic file (ty
pe eps)

<figures/eps/vio/mu/b10/e0.01/n00040960_fin_hap_wovio.eps>
File: figures/eps/vio/mu/b10/e0.01/n00081920_fin_hap.eps Graphic file (type eps
)

<figures/eps/vio/mu/b10/e0.01/n00081920_fin_hap.eps>
File: figures/eps/vio/mu/b10/e0.01/n00081920_fin_hap_wovio.eps Graphic file (ty
pe eps)

<figures/eps/vio/mu/b10/e0.01/n00081920_fin_hap_wovio.eps>
File: figures/eps/vio/mu/b10/e0.01/inf_hap.eps Graphic file (type eps)

<figures/eps/vio/mu/b10/e0.01/inf_hap.eps>
File: figures/eps/vio/mu/b10/e0.01/inf_hap_wovio.eps Graphic file (type eps)

<figures/eps/vio/mu/b10/e0.01/inf_hap_wovio.eps>
Overfull \vbox (42.11111pt too high) has occurred while \output is active []


[55]
File: figures/eps/vio/mu/b10/e0.01/n00004096_fin_dip.eps Graphic file (type eps
)
 <figures/eps/vio/mu/b10/e0.01/n00004096_fin_dip.eps>
File: figures/eps/vio/mu/b10/e0.01/n00004096_fin_dip_wovio.eps Graphic file (ty
pe eps)

<figures/eps/vio/mu/b10/e0.01/n00004096_fin_dip_wovio.eps>
File: figures/eps/vio/mu/b10/e0.01/n00040960_fin_dip.eps Graphic file (type eps
)

<figures/eps/vio/mu/b10/e0.01/n00040960_fin_dip.eps>
File: figures/eps/vio/mu/b10/e0.01/n00040960_fin_dip_wovio.eps Graphic file (ty
pe eps)

<figures/eps/vio/mu/b10/e0.01/n00040960_fin_dip_wovio.eps>
File: figures/eps/vio/mu/b10/e0.01/n00081920_fin_dip.eps Graphic file (type eps
)

<figures/eps/vio/mu/b10/e0.01/n00081920_fin_dip.eps>
File: figures/eps/vio/mu/b10/e0.01/n00081920_fin_dip_wovio.eps Graphic file (ty
pe eps)

<figures/eps/vio/mu/b10/e0.01/n00081920_fin_dip_wovio.eps>
File: figures/eps/vio/mu/b10/e0.01/inf_dip.eps Graphic file (type eps)

<figures/eps/vio/mu/b10/e0.01/inf_dip.eps>
File: figures/eps/vio/mu/b10/e0.01/inf_dip_wovio.eps Graphic file (type eps)

<figures/eps/vio/mu/b10/e0.01/inf_dip_wovio.eps>
Overfull \vbox (42.11111pt too high) has occurred while \output is active []


[56]
File: figures/eps/vio/mu/b10/e0.1/n00004096_fin_hap.eps Graphic file (type eps)

 <figures/eps/vio/mu/b10/e0.1/n00004096_fin_hap.eps>
File: figures/eps/vio/mu/b10/e0.1/n00004096_fin_hap_wovio.eps Graphic file (typ
e eps)

<figures/eps/vio/mu/b10/e0.1/n00004096_fin_hap_wovio.eps>
File: figures/eps/vio/mu/b10/e0.1/n00040960_fin_hap.eps Graphic file (type eps)


<figures/eps/vio/mu/b10/e0.1/n00040960_fin_hap.eps>
File: figures/eps/vio/mu/b10/e0.1/n00040960_fin_hap_wovio.eps Graphic file (typ
e eps)

<figures/eps/vio/mu/b10/e0.1/n00040960_fin_hap_wovio.eps>
File: figures/eps/vio/mu/b10/e0.1/n00081920_fin_hap.eps Graphic file (type eps)


<figures/eps/vio/mu/b10/e0.1/n00081920_fin_hap.eps>
File: figures/eps/vio/mu/b10/e0.1/n00081920_fin_hap_wovio.eps Graphic file (typ
e eps)

<figures/eps/vio/mu/b10/e0.1/n00081920_fin_hap_wovio.eps>
File: figures/eps/vio/mu/b10/e0.1/inf_hap.eps Graphic file (type eps)

<figures/eps/vio/mu/b10/e0.1/inf_hap.eps>
File: figures/eps/vio/mu/b10/e0.1/inf_hap_wovio.eps Graphic file (type eps)

<figures/eps/vio/mu/b10/e0.1/inf_hap_wovio.eps>
Overfull \vbox (42.11111pt too high) has occurred while \output is active []


[57]
File: figures/eps/vio/mu/b10/e0.1/n00004096_fin_dip.eps Graphic file (type eps)

 <figures/eps/vio/mu/b10/e0.1/n00004096_fin_dip.eps>
File: figures/eps/vio/mu/b10/e0.1/n00004096_fin_dip_wovio.eps Graphic file (typ
e eps)

<figures/eps/vio/mu/b10/e0.1/n00004096_fin_dip_wovio.eps>
File: figures/eps/vio/mu/b10/e0.1/n00040960_fin_dip.eps Graphic file (type eps)


<figures/eps/vio/mu/b10/e0.1/n00040960_fin_dip.eps>
File: figures/eps/vio/mu/b10/e0.1/n00040960_fin_dip_wovio.eps Graphic file (typ
e eps)

<figures/eps/vio/mu/b10/e0.1/n00040960_fin_dip_wovio.eps>
File: figures/eps/vio/mu/b10/e0.1/n00081920_fin_dip.eps Graphic file (type eps)


<figures/eps/vio/mu/b10/e0.1/n00081920_fin_dip.eps>
File: figures/eps/vio/mu/b10/e0.1/n00081920_fin_dip_wovio.eps Graphic file (typ
e eps)

<figures/eps/vio/mu/b10/e0.1/n00081920_fin_dip_wovio.eps>
File: figures/eps/vio/mu/b10/e0.1/inf_dip.eps Graphic file (type eps)

<figures/eps/vio/mu/b10/e0.1/inf_dip.eps>
File: figures/eps/vio/mu/b10/e0.1/inf_dip_wovio.eps Graphic file (type eps)

<figures/eps/vio/mu/b10/e0.1/inf_dip_wovio.eps>
Overfull \vbox (42.11111pt too high) has occurred while \output is active []


[58]
File: figures/eps/vio/mu/b10/e0.5/n00004096_fin_hap.eps Graphic file (type eps)

 <figures/eps/vio/mu/b10/e0.5/n00004096_fin_hap.eps>
File: figures/eps/vio/mu/b10/e0.5/n00004096_fin_hap_wovio.eps Graphic file (typ
e eps)

<figures/eps/vio/mu/b10/e0.5/n00004096_fin_hap_wovio.eps>
File: figures/eps/vio/mu/b10/e0.5/n00040960_fin_hap.eps Graphic file (type eps)


<figures/eps/vio/mu/b10/e0.5/n00040960_fin_hap.eps>
File: figures/eps/vio/mu/b10/e0.5/n00040960_fin_hap_wovio.eps Graphic file (typ
e eps)

<figures/eps/vio/mu/b10/e0.5/n00040960_fin_hap_wovio.eps>
File: figures/eps/vio/mu/b10/e0.5/n00081920_fin_hap.eps Graphic file (type eps)


<figures/eps/vio/mu/b10/e0.5/n00081920_fin_hap.eps>
File: figures/eps/vio/mu/b10/e0.5/n00081920_fin_hap_wovio.eps Graphic file (typ
e eps)

<figures/eps/vio/mu/b10/e0.5/n00081920_fin_hap_wovio.eps>
File: figures/eps/vio/mu/b10/e0.5/inf_hap.eps Graphic file (type eps)

<figures/eps/vio/mu/b10/e0.5/inf_hap.eps>
File: figures/eps/vio/mu/b10/e0.5/inf_hap_wovio.eps Graphic file (type eps)

<figures/eps/vio/mu/b10/e0.5/inf_hap_wovio.eps>
Overfull \vbox (42.11111pt too high) has occurred while \output is active []


[59]
File: figures/eps/vio/mu/b10/e0.5/n00004096_fin_dip.eps Graphic file (type eps)

 <figures/eps/vio/mu/b10/e0.5/n00004096_fin_dip.eps>
File: figures/eps/vio/mu/b10/e0.5/n00004096_fin_dip_wovio.eps Graphic file (typ
e eps)

<figures/eps/vio/mu/b10/e0.5/n00004096_fin_dip_wovio.eps>
File: figures/eps/vio/mu/b10/e0.5/n00040960_fin_dip.eps Graphic file (type eps)


<figures/eps/vio/mu/b10/e0.5/n00040960_fin_dip.eps>
File: figures/eps/vio/mu/b10/e0.5/n00040960_fin_dip_wovio.eps Graphic file (typ
e eps)

<figures/eps/vio/mu/b10/e0.5/n00040960_fin_dip_wovio.eps>
File: figures/eps/vio/mu/b10/e0.5/n00081920_fin_dip.eps Graphic file (type eps)


<figures/eps/vio/mu/b10/e0.5/n00081920_fin_dip.eps>
File: figures/eps/vio/mu/b10/e0.5/n00081920_fin_dip_wovio.eps Graphic file (typ
e eps)

<figures/eps/vio/mu/b10/e0.5/n00081920_fin_dip_wovio.eps>
File: figures/eps/vio/mu/b10/e0.5/inf_dip.eps Graphic file (type eps)

<figures/eps/vio/mu/b10/e0.5/inf_dip.eps>
File: figures/eps/vio/mu/b10/e0.5/inf_dip_wovio.eps Graphic file (type eps)

<figures/eps/vio/mu/b10/e0.5/inf_dip_wovio.eps>
Overfull \vbox (42.11111pt too high) has occurred while \output is active []


[60]
File: figures/eps/vio/mu/b12/e0.01/n00004096_fin_hap.eps Graphic file (type eps
)
 <figures/eps/vio/mu/b12/e0.01/n00004096_fin_hap.eps>
File: figures/eps/vio/mu/b12/e0.01/n00004096_fin_hap_wovio.eps Graphic file (ty
pe eps)

<figures/eps/vio/mu/b12/e0.01/n00004096_fin_hap_wovio.eps>
File: figures/eps/vio/mu/b12/e0.01/n00040960_fin_hap.eps Graphic file (type eps
)

<figures/eps/vio/mu/b12/e0.01/n00040960_fin_hap.eps>
File: figures/eps/vio/mu/b12/e0.01/n00040960_fin_hap_wovio.eps Graphic file (ty
pe eps)

<figures/eps/vio/mu/b12/e0.01/n00040960_fin_hap_wovio.eps>
File: figures/eps/vio/mu/b12/e0.01/n00081920_fin_hap.eps Graphic file (type eps
)

<figures/eps/vio/mu/b12/e0.01/n00081920_fin_hap.eps>
File: figures/eps/vio/mu/b12/e0.01/n00081920_fin_hap_wovio.eps Graphic file (ty
pe eps)

<figures/eps/vio/mu/b12/e0.01/n00081920_fin_hap_wovio.eps>
File: figures/eps/vio/mu/b12/e0.01/inf_hap.eps Graphic file (type eps)

<figures/eps/vio/mu/b12/e0.01/inf_hap.eps>
File: figures/eps/vio/mu/b12/e0.01/inf_hap_wovio.eps Graphic file (type eps)

<figures/eps/vio/mu/b12/e0.01/inf_hap_wovio.eps>
Overfull \vbox (42.11111pt too high) has occurred while \output is active []


[61]
File: figures/eps/vio/mu/b12/e0.01/n00004096_fin_dip.eps Graphic file (type eps
)
 <figures/eps/vio/mu/b12/e0.01/n00004096_fin_dip.eps>
File: figures/eps/vio/mu/b12/e0.01/n00004096_fin_dip_wovio.eps Graphic file (ty
pe eps)

<figures/eps/vio/mu/b12/e0.01/n00004096_fin_dip_wovio.eps>
File: figures/eps/vio/mu/b12/e0.01/n00040960_fin_dip.eps Graphic file (type eps
)

<figures/eps/vio/mu/b12/e0.01/n00040960_fin_dip.eps>
File: figures/eps/vio/mu/b12/e0.01/n00040960_fin_dip_wovio.eps Graphic file (ty
pe eps)

<figures/eps/vio/mu/b12/e0.01/n00040960_fin_dip_wovio.eps>
File: figures/eps/vio/mu/b12/e0.01/n00081920_fin_dip.eps Graphic file (type eps
)

<figures/eps/vio/mu/b12/e0.01/n00081920_fin_dip.eps>
File: figures/eps/vio/mu/b12/e0.01/n00081920_fin_dip_wovio.eps Graphic file (ty
pe eps)

<figures/eps/vio/mu/b12/e0.01/n00081920_fin_dip_wovio.eps>
File: figures/eps/vio/mu/b12/e0.01/inf_dip.eps Graphic file (type eps)

<figures/eps/vio/mu/b12/e0.01/inf_dip.eps>
File: figures/eps/vio/mu/b12/e0.01/inf_dip_wovio.eps Graphic file (type eps)

<figures/eps/vio/mu/b12/e0.01/inf_dip_wovio.eps>
Overfull \vbox (42.11111pt too high) has occurred while \output is active []


[62]
File: figures/eps/vio/mu/b12/e0.1/n00004096_fin_hap.eps Graphic file (type eps)

 <figures/eps/vio/mu/b12/e0.1/n00004096_fin_hap.eps>
File: figures/eps/vio/mu/b12/e0.1/n00004096_fin_hap_wovio.eps Graphic file (typ
e eps)

<figures/eps/vio/mu/b12/e0.1/n00004096_fin_hap_wovio.eps>
File: figures/eps/vio/mu/b12/e0.1/n00040960_fin_hap.eps Graphic file (type eps)


<figures/eps/vio/mu/b12/e0.1/n00040960_fin_hap.eps>
File: figures/eps/vio/mu/b12/e0.1/n00040960_fin_hap_wovio.eps Graphic file (typ
e eps)

<figures/eps/vio/mu/b12/e0.1/n00040960_fin_hap_wovio.eps>
File: figures/eps/vio/mu/b12/e0.1/n00081920_fin_hap.eps Graphic file (type eps)


<figures/eps/vio/mu/b12/e0.1/n00081920_fin_hap.eps>
File: figures/eps/vio/mu/b12/e0.1/n00081920_fin_hap_wovio.eps Graphic file (typ
e eps)

<figures/eps/vio/mu/b12/e0.1/n00081920_fin_hap_wovio.eps>
File: figures/eps/vio/mu/b12/e0.1/inf_hap.eps Graphic file (type eps)

<figures/eps/vio/mu/b12/e0.1/inf_hap.eps>
File: figures/eps/vio/mu/b12/e0.1/inf_hap_wovio.eps Graphic file (type eps)

<figures/eps/vio/mu/b12/e0.1/inf_hap_wovio.eps>
Overfull \vbox (42.11111pt too high) has occurred while \output is active []


[63]
File: figures/eps/vio/mu/b12/e0.1/n00004096_fin_dip.eps Graphic file (type eps)

 <figures/eps/vio/mu/b12/e0.1/n00004096_fin_dip.eps>
File: figures/eps/vio/mu/b12/e0.1/n00004096_fin_dip_wovio.eps Graphic file (typ
e eps)

<figures/eps/vio/mu/b12/e0.1/n00004096_fin_dip_wovio.eps>
File: figures/eps/vio/mu/b12/e0.1/n00040960_fin_dip.eps Graphic file (type eps)


<figures/eps/vio/mu/b12/e0.1/n00040960_fin_dip.eps>
File: figures/eps/vio/mu/b12/e0.1/n00040960_fin_dip_wovio.eps Graphic file (typ
e eps)

<figures/eps/vio/mu/b12/e0.1/n00040960_fin_dip_wovio.eps>
File: figures/eps/vio/mu/b12/e0.1/n00081920_fin_dip.eps Graphic file (type eps)


<figures/eps/vio/mu/b12/e0.1/n00081920_fin_dip.eps>
File: figures/eps/vio/mu/b12/e0.1/n00081920_fin_dip_wovio.eps Graphic file (typ
e eps)

<figures/eps/vio/mu/b12/e0.1/n00081920_fin_dip_wovio.eps>
File: figures/eps/vio/mu/b12/e0.1/inf_dip.eps Graphic file (type eps)

<figures/eps/vio/mu/b12/e0.1/inf_dip.eps>
File: figures/eps/vio/mu/b12/e0.1/inf_dip_wovio.eps Graphic file (type eps)

<figures/eps/vio/mu/b12/e0.1/inf_dip_wovio.eps>
Overfull \vbox (42.11111pt too high) has occurred while \output is active []


[64]
File: figures/eps/vio/mu/b12/e0.5/n00004096_fin_hap.eps Graphic file (type eps)

 <figures/eps/vio/mu/b12/e0.5/n00004096_fin_hap.eps>
File: figures/eps/vio/mu/b12/e0.5/n00004096_fin_hap_wovio.eps Graphic file (typ
e eps)

<figures/eps/vio/mu/b12/e0.5/n00004096_fin_hap_wovio.eps>
File: figures/eps/vio/mu/b12/e0.5/n00040960_fin_hap.eps Graphic file (type eps)


<figures/eps/vio/mu/b12/e0.5/n00040960_fin_hap.eps>
File: figures/eps/vio/mu/b12/e0.5/n00040960_fin_hap_wovio.eps Graphic file (typ
e eps)

<figures/eps/vio/mu/b12/e0.5/n00040960_fin_hap_wovio.eps>
File: figures/eps/vio/mu/b12/e0.5/n00081920_fin_hap.eps Graphic file (type eps)


<figures/eps/vio/mu/b12/e0.5/n00081920_fin_hap.eps>
File: figures/eps/vio/mu/b12/e0.5/n00081920_fin_hap_wovio.eps Graphic file (typ
e eps)

<figures/eps/vio/mu/b12/e0.5/n00081920_fin_hap_wovio.eps>
File: figures/eps/vio/mu/b12/e0.5/inf_hap.eps Graphic file (type eps)

<figures/eps/vio/mu/b12/e0.5/inf_hap.eps>
File: figures/eps/vio/mu/b12/e0.5/inf_hap_wovio.eps Graphic file (type eps)

<figures/eps/vio/mu/b12/e0.5/inf_hap_wovio.eps>
Overfull \vbox (42.11111pt too high) has occurred while \output is active []


[65]
File: figures/eps/vio/mu/b12/e0.5/n00004096_fin_dip.eps Graphic file (type eps)

 <figures/eps/vio/mu/b12/e0.5/n00004096_fin_dip.eps>
File: figures/eps/vio/mu/b12/e0.5/n00004096_fin_dip_wovio.eps Graphic file (typ
e eps)

<figures/eps/vio/mu/b12/e0.5/n00004096_fin_dip_wovio.eps>
File: figures/eps/vio/mu/b12/e0.5/n00040960_fin_dip.eps Graphic file (type eps)


<figures/eps/vio/mu/b12/e0.5/n00040960_fin_dip.eps>
File: figures/eps/vio/mu/b12/e0.5/n00040960_fin_dip_wovio.eps Graphic file (typ
e eps)

<figures/eps/vio/mu/b12/e0.5/n00040960_fin_dip_wovio.eps>
File: figures/eps/vio/mu/b12/e0.5/n00081920_fin_dip.eps Graphic file (type eps)


<figures/eps/vio/mu/b12/e0.5/n00081920_fin_dip.eps>
File: figures/eps/vio/mu/b12/e0.5/n00081920_fin_dip_wovio.eps Graphic file (typ
e eps)

<figures/eps/vio/mu/b12/e0.5/n00081920_fin_dip_wovio.eps>
File: figures/eps/vio/mu/b12/e0.5/inf_dip.eps Graphic file (type eps)

<figures/eps/vio/mu/b12/e0.5/inf_dip.eps>
File: figures/eps/vio/mu/b12/e0.5/inf_dip_wovio.eps Graphic file (type eps)

<figures/eps/vio/mu/b12/e0.5/inf_dip_wovio.eps>
Overfull \vbox (42.11111pt too high) has occurred while \output is active []


[66]
File: figures/eps/vio/mu/b14/e0.01/n00004096_fin_hap.eps Graphic file (type eps
)
 <figures/eps/vio/mu/b14/e0.01/n00004096_fin_hap.eps>
File: figures/eps/vio/mu/b14/e0.01/n00004096_fin_hap_wovio.eps Graphic file (ty
pe eps)

<figures/eps/vio/mu/b14/e0.01/n00004096_fin_hap_wovio.eps>
File: figures/eps/vio/mu/b14/e0.01/n00040960_fin_hap.eps Graphic file (type eps
)

<figures/eps/vio/mu/b14/e0.01/n00040960_fin_hap.eps>
File: figures/eps/vio/mu/b14/e0.01/n00040960_fin_hap_wovio.eps Graphic file (ty
pe eps)

<figures/eps/vio/mu/b14/e0.01/n00040960_fin_hap_wovio.eps>
File: figures/eps/vio/mu/b14/e0.01/n00081920_fin_hap.eps Graphic file (type eps
)

<figures/eps/vio/mu/b14/e0.01/n00081920_fin_hap.eps>
File: figures/eps/vio/mu/b14/e0.01/n00081920_fin_hap_wovio.eps Graphic file (ty
pe eps)

<figures/eps/vio/mu/b14/e0.01/n00081920_fin_hap_wovio.eps>
File: figures/eps/vio/mu/b14/e0.01/inf_hap.eps Graphic file (type eps)

<figures/eps/vio/mu/b14/e0.01/inf_hap.eps>
File: figures/eps/vio/mu/b14/e0.01/inf_hap_wovio.eps Graphic file (type eps)

<figures/eps/vio/mu/b14/e0.01/inf_hap_wovio.eps>
Overfull \vbox (42.11111pt too high) has occurred while \output is active []


[67]
File: figures/eps/vio/mu/b14/e0.01/n00004096_fin_dip.eps Graphic file (type eps
)
 <figures/eps/vio/mu/b14/e0.01/n00004096_fin_dip.eps>
File: figures/eps/vio/mu/b14/e0.01/n00004096_fin_dip_wovio.eps Graphic file (ty
pe eps)

<figures/eps/vio/mu/b14/e0.01/n00004096_fin_dip_wovio.eps>
File: figures/eps/vio/mu/b14/e0.01/n00040960_fin_dip.eps Graphic file (type eps
)

<figures/eps/vio/mu/b14/e0.01/n00040960_fin_dip.eps>
File: figures/eps/vio/mu/b14/e0.01/n00040960_fin_dip_wovio.eps Graphic file (ty
pe eps)

<figures/eps/vio/mu/b14/e0.01/n00040960_fin_dip_wovio.eps>
File: figures/eps/vio/mu/b14/e0.01/n00081920_fin_dip.eps Graphic file (type eps
)

<figures/eps/vio/mu/b14/e0.01/n00081920_fin_dip.eps>
File: figures/eps/vio/mu/b14/e0.01/n00081920_fin_dip_wovio.eps Graphic file (ty
pe eps)

<figures/eps/vio/mu/b14/e0.01/n00081920_fin_dip_wovio.eps>
File: figures/eps/vio/mu/b14/e0.01/inf_dip.eps Graphic file (type eps)

<figures/eps/vio/mu/b14/e0.01/inf_dip.eps>
File: figures/eps/vio/mu/b14/e0.01/inf_dip_wovio.eps Graphic file (type eps)

<figures/eps/vio/mu/b14/e0.01/inf_dip_wovio.eps>
Overfull \vbox (42.11111pt too high) has occurred while \output is active []


[68]
File: figures/eps/vio/mu/b14/e0.1/n00004096_fin_hap.eps Graphic file (type eps)

 <figures/eps/vio/mu/b14/e0.1/n00004096_fin_hap.eps>
File: figures/eps/vio/mu/b14/e0.1/n00004096_fin_hap_wovio.eps Graphic file (typ
e eps)

<figures/eps/vio/mu/b14/e0.1/n00004096_fin_hap_wovio.eps>
File: figures/eps/vio/mu/b14/e0.1/n00040960_fin_hap.eps Graphic file (type eps)


<figures/eps/vio/mu/b14/e0.1/n00040960_fin_hap.eps>
File: figures/eps/vio/mu/b14/e0.1/n00040960_fin_hap_wovio.eps Graphic file (typ
e eps)

<figures/eps/vio/mu/b14/e0.1/n00040960_fin_hap_wovio.eps>
File: figures/eps/vio/mu/b14/e0.1/n00081920_fin_hap.eps Graphic file (type eps)


<figures/eps/vio/mu/b14/e0.1/n00081920_fin_hap.eps>
File: figures/eps/vio/mu/b14/e0.1/n00081920_fin_hap_wovio.eps Graphic file (typ
e eps)

<figures/eps/vio/mu/b14/e0.1/n00081920_fin_hap_wovio.eps>
File: figures/eps/vio/mu/b14/e0.1/inf_hap.eps Graphic file (type eps)

<figures/eps/vio/mu/b14/e0.1/inf_hap.eps>
File: figures/eps/vio/mu/b14/e0.1/inf_hap_wovio.eps Graphic file (type eps)

<figures/eps/vio/mu/b14/e0.1/inf_hap_wovio.eps>
Overfull \vbox (42.11111pt too high) has occurred while \output is active []


[69]
File: figures/eps/vio/mu/b14/e0.1/n00004096_fin_dip.eps Graphic file (type eps)

 <figures/eps/vio/mu/b14/e0.1/n00004096_fin_dip.eps>
File: figures/eps/vio/mu/b14/e0.1/n00004096_fin_dip_wovio.eps Graphic file (typ
e eps)

<figures/eps/vio/mu/b14/e0.1/n00004096_fin_dip_wovio.eps>
File: figures/eps/vio/mu/b14/e0.1/n00040960_fin_dip.eps Graphic file (type eps)


<figures/eps/vio/mu/b14/e0.1/n00040960_fin_dip.eps>
File: figures/eps/vio/mu/b14/e0.1/n00040960_fin_dip_wovio.eps Graphic file (typ
e eps)

<figures/eps/vio/mu/b14/e0.1/n00040960_fin_dip_wovio.eps>
File: figures/eps/vio/mu/b14/e0.1/n00081920_fin_dip.eps Graphic file (type eps)


<figures/eps/vio/mu/b14/e0.1/n00081920_fin_dip.eps>
File: figures/eps/vio/mu/b14/e0.1/n00081920_fin_dip_wovio.eps Graphic file (typ
e eps)

<figures/eps/vio/mu/b14/e0.1/n00081920_fin_dip_wovio.eps>
File: figures/eps/vio/mu/b14/e0.1/inf_dip.eps Graphic file (type eps)

<figures/eps/vio/mu/b14/e0.1/inf_dip.eps>
File: figures/eps/vio/mu/b14/e0.1/inf_dip_wovio.eps Graphic file (type eps)

<figures/eps/vio/mu/b14/e0.1/inf_dip_wovio.eps>
Overfull \vbox (42.11111pt too high) has occurred while \output is active []


[70]
File: figures/eps/vio/mu/b14/e0.5/n00004096_fin_hap.eps Graphic file (type eps)

 <figures/eps/vio/mu/b14/e0.5/n00004096_fin_hap.eps>
File: figures/eps/vio/mu/b14/e0.5/n00004096_fin_hap_wovio.eps Graphic file (typ
e eps)

<figures/eps/vio/mu/b14/e0.5/n00004096_fin_hap_wovio.eps>
File: figures/eps/vio/mu/b14/e0.5/n00040960_fin_hap.eps Graphic file (type eps)


<figures/eps/vio/mu/b14/e0.5/n00040960_fin_hap.eps>
File: figures/eps/vio/mu/b14/e0.5/n00040960_fin_hap_wovio.eps Graphic file (typ
e eps)

<figures/eps/vio/mu/b14/e0.5/n00040960_fin_hap_wovio.eps>
File: figures/eps/vio/mu/b14/e0.5/n00081920_fin_hap.eps Graphic file (type eps)


<figures/eps/vio/mu/b14/e0.5/n00081920_fin_hap.eps>
File: figures/eps/vio/mu/b14/e0.5/n00081920_fin_hap_wovio.eps Graphic file (typ
e eps)

<figures/eps/vio/mu/b14/e0.5/n00081920_fin_hap_wovio.eps>
File: figures/eps/vio/mu/b14/e0.5/inf_hap.eps Graphic file (type eps)

<figures/eps/vio/mu/b14/e0.5/inf_hap.eps>
File: figures/eps/vio/mu/b14/e0.5/inf_hap_wovio.eps Graphic file (type eps)

<figures/eps/vio/mu/b14/e0.5/inf_hap_wovio.eps>
Overfull \vbox (42.11111pt too high) has occurred while \output is active []


[71]
File: figures/eps/vio/mu/b14/e0.5/n00004096_fin_dip.eps Graphic file (type eps)

 <figures/eps/vio/mu/b14/e0.5/n00004096_fin_dip.eps>
File: figures/eps/vio/mu/b14/e0.5/n00004096_fin_dip_wovio.eps Graphic file (typ
e eps)

<figures/eps/vio/mu/b14/e0.5/n00004096_fin_dip_wovio.eps>
File: figures/eps/vio/mu/b14/e0.5/n00040960_fin_dip.eps Graphic file (type eps)


<figures/eps/vio/mu/b14/e0.5/n00040960_fin_dip.eps>
File: figures/eps/vio/mu/b14/e0.5/n00040960_fin_dip_wovio.eps Graphic file (typ
e eps)

<figures/eps/vio/mu/b14/e0.5/n00040960_fin_dip_wovio.eps>
File: figures/eps/vio/mu/b14/e0.5/n00081920_fin_dip.eps Graphic file (type eps)


<figures/eps/vio/mu/b14/e0.5/n00081920_fin_dip.eps>
File: figures/eps/vio/mu/b14/e0.5/n00081920_fin_dip_wovio.eps Graphic file (typ
e eps)

<figures/eps/vio/mu/b14/e0.5/n00081920_fin_dip_wovio.eps>
File: figures/eps/vio/mu/b14/e0.5/inf_dip.eps Graphic file (type eps)

<figures/eps/vio/mu/b14/e0.5/inf_dip.eps>
File: figures/eps/vio/mu/b14/e0.5/inf_dip_wovio.eps Graphic file (type eps)

<figures/eps/vio/mu/b14/e0.5/inf_dip_wovio.eps>
Overfull \vbox (42.11111pt too high) has occurred while \output is active []


[72])
:<-
Package srcltx Info: Expanded filename `chapters/violation-chi.tex' to `chapter
s/violation-chi.tex' on input line 342.
:<+ chapters/violation-chi.tex
(./chapters/violation-chi.tex
File: figures/eps/vio/chi/b8/e0.01/n00004096_fin_hap.eps Graphic file (type eps
)

<figures/eps/vio/chi/b8/e0.01/n00004096_fin_hap.eps>
File: figures/eps/vio/chi/b8/e0.01/n00004096_fin_hap_wovio.eps Graphic file (ty
pe eps)

<figures/eps/vio/chi/b8/e0.01/n00004096_fin_hap_wovio.eps>
File: figures/eps/vio/chi/b8/e0.01/n00040960_fin_hap.eps Graphic file (type eps
)

<figures/eps/vio/chi/b8/e0.01/n00040960_fin_hap.eps>
File: figures/eps/vio/chi/b8/e0.01/n00040960_fin_hap_wovio.eps Graphic file (ty
pe eps)

<figures/eps/vio/chi/b8/e0.01/n00040960_fin_hap_wovio.eps>
File: figures/eps/vio/chi/b8/e0.01/n00081920_fin_hap.eps Graphic file (type eps
)

<figures/eps/vio/chi/b8/e0.01/n00081920_fin_hap.eps>
File: figures/eps/vio/chi/b8/e0.01/n00081920_fin_hap_wovio.eps Graphic file (ty
pe eps)

<figures/eps/vio/chi/b8/e0.01/n00081920_fin_hap_wovio.eps>
File: figures/eps/vio/chi/b8/e0.01/inf_hap.eps Graphic file (type eps)

<figures/eps/vio/chi/b8/e0.01/inf_hap.eps>
File: figures/eps/vio/chi/b8/e0.01/inf_hap_wovio.eps Graphic file (type eps)

<figures/eps/vio/chi/b8/e0.01/inf_hap_wovio.eps>
Overfull \vbox (42.11111pt too high) has occurred while \output is active []


[73]
File: figures/eps/vio/chi/b8/e0.01/n00004096_fin_dip.eps Graphic file (type eps
)
 <figures/eps/vio/chi/b8/e0.01/n00004096_fin_dip.eps>
File: figures/eps/vio/chi/b8/e0.01/n00004096_fin_dip_wovio.eps Graphic file (ty
pe eps)

<figures/eps/vio/chi/b8/e0.01/n00004096_fin_dip_wovio.eps>
File: figures/eps/vio/chi/b8/e0.01/n00040960_fin_dip.eps Graphic file (type eps
)

<figures/eps/vio/chi/b8/e0.01/n00040960_fin_dip.eps>
File: figures/eps/vio/chi/b8/e0.01/n00040960_fin_dip_wovio.eps Graphic file (ty
pe eps)

<figures/eps/vio/chi/b8/e0.01/n00040960_fin_dip_wovio.eps>
File: figures/eps/vio/chi/b8/e0.01/n00081920_fin_dip.eps Graphic file (type eps
)

<figures/eps/vio/chi/b8/e0.01/n00081920_fin_dip.eps>
File: figures/eps/vio/chi/b8/e0.01/n00081920_fin_dip_wovio.eps Graphic file (ty
pe eps)

<figures/eps/vio/chi/b8/e0.01/n00081920_fin_dip_wovio.eps>
File: figures/eps/vio/chi/b8/e0.01/inf_dip.eps Graphic file (type eps)

<figures/eps/vio/chi/b8/e0.01/inf_dip.eps>
File: figures/eps/vio/chi/b8/e0.01/inf_dip_wovio.eps Graphic file (type eps)

<figures/eps/vio/chi/b8/e0.01/inf_dip_wovio.eps>
Overfull \vbox (42.11111pt too high) has occurred while \output is active []


[74]
File: figures/eps/vio/chi/b8/e0.1/n00004096_fin_hap.eps Graphic file (type eps)

 <figures/eps/vio/chi/b8/e0.1/n00004096_fin_hap.eps>
File: figures/eps/vio/chi/b8/e0.1/n00004096_fin_hap_wovio.eps Graphic file (typ
e eps)

<figures/eps/vio/chi/b8/e0.1/n00004096_fin_hap_wovio.eps>
File: figures/eps/vio/chi/b8/e0.1/n00040960_fin_hap.eps Graphic file (type eps)


<figures/eps/vio/chi/b8/e0.1/n00040960_fin_hap.eps>
File: figures/eps/vio/chi/b8/e0.1/n00040960_fin_hap_wovio.eps Graphic file (typ
e eps)

<figures/eps/vio/chi/b8/e0.1/n00040960_fin_hap_wovio.eps>
File: figures/eps/vio/chi/b8/e0.1/n00081920_fin_hap.eps Graphic file (type eps)


<figures/eps/vio/chi/b8/e0.1/n00081920_fin_hap.eps>
File: figures/eps/vio/chi/b8/e0.1/n00081920_fin_hap_wovio.eps Graphic file (typ
e eps)

<figures/eps/vio/chi/b8/e0.1/n00081920_fin_hap_wovio.eps>
File: figures/eps/vio/chi/b8/e0.1/inf_hap.eps Graphic file (type eps)

<figures/eps/vio/chi/b8/e0.1/inf_hap.eps>
File: figures/eps/vio/chi/b8/e0.1/inf_hap_wovio.eps Graphic file (type eps)

<figures/eps/vio/chi/b8/e0.1/inf_hap_wovio.eps>
Overfull \vbox (42.11111pt too high) has occurred while \output is active []


[75]
File: figures/eps/vio/chi/b8/e0.1/n00004096_fin_dip.eps Graphic file (type eps)

 <figures/eps/vio/chi/b8/e0.1/n00004096_fin_dip.eps>
File: figures/eps/vio/chi/b8/e0.1/n00004096_fin_dip_wovio.eps Graphic file (typ
e eps)

<figures/eps/vio/chi/b8/e0.1/n00004096_fin_dip_wovio.eps>
File: figures/eps/vio/chi/b8/e0.1/n00040960_fin_dip.eps Graphic file (type eps)


<figures/eps/vio/chi/b8/e0.1/n00040960_fin_dip.eps>
File: figures/eps/vio/chi/b8/e0.1/n00040960_fin_dip_wovio.eps Graphic file (typ
e eps)

<figures/eps/vio/chi/b8/e0.1/n00040960_fin_dip_wovio.eps>
File: figures/eps/vio/chi/b8/e0.1/n00081920_fin_dip.eps Graphic file (type eps)


<figures/eps/vio/chi/b8/e0.1/n00081920_fin_dip.eps>
File: figures/eps/vio/chi/b8/e0.1/n00081920_fin_dip_wovio.eps Graphic file (typ
e eps)

<figures/eps/vio/chi/b8/e0.1/n00081920_fin_dip_wovio.eps>
File: figures/eps/vio/chi/b8/e0.1/inf_dip.eps Graphic file (type eps)

<figures/eps/vio/chi/b8/e0.1/inf_dip.eps>
File: figures/eps/vio/chi/b8/e0.1/inf_dip_wovio.eps Graphic file (type eps)

<figures/eps/vio/chi/b8/e0.1/inf_dip_wovio.eps>
Overfull \vbox (42.11111pt too high) has occurred while \output is active []


[76]
File: figures/eps/vio/chi/b8/e0.5/n00004096_fin_hap.eps Graphic file (type eps)

 <figures/eps/vio/chi/b8/e0.5/n00004096_fin_hap.eps>
File: figures/eps/vio/chi/b8/e0.5/n00004096_fin_hap_wovio.eps Graphic file (typ
e eps)

<figures/eps/vio/chi/b8/e0.5/n00004096_fin_hap_wovio.eps>
File: figures/eps/vio/chi/b8/e0.5/n00040960_fin_hap.eps Graphic file (type eps)


<figures/eps/vio/chi/b8/e0.5/n00040960_fin_hap.eps>
File: figures/eps/vio/chi/b8/e0.5/n00040960_fin_hap_wovio.eps Graphic file (typ
e eps)

<figures/eps/vio/chi/b8/e0.5/n00040960_fin_hap_wovio.eps>
File: figures/eps/vio/chi/b8/e0.5/n00081920_fin_hap.eps Graphic file (type eps)


<figures/eps/vio/chi/b8/e0.5/n00081920_fin_hap.eps>
File: figures/eps/vio/chi/b8/e0.5/n00081920_fin_hap_wovio.eps Graphic file (typ
e eps)

<figures/eps/vio/chi/b8/e0.5/n00081920_fin_hap_wovio.eps>
File: figures/eps/vio/chi/b8/e0.5/inf_hap.eps Graphic file (type eps)

<figures/eps/vio/chi/b8/e0.5/inf_hap.eps>
File: figures/eps/vio/chi/b8/e0.5/inf_hap_wovio.eps Graphic file (type eps)

<figures/eps/vio/chi/b8/e0.5/inf_hap_wovio.eps>
Overfull \vbox (42.11111pt too high) has occurred while \output is active []


[77]
File: figures/eps/vio/chi/b8/e0.5/n00004096_fin_dip.eps Graphic file (type eps)

 <figures/eps/vio/chi/b8/e0.5/n00004096_fin_dip.eps>
File: figures/eps/vio/chi/b8/e0.5/n00004096_fin_dip_wovio.eps Graphic file (typ
e eps)

<figures/eps/vio/chi/b8/e0.5/n00004096_fin_dip_wovio.eps>
File: figures/eps/vio/chi/b8/e0.5/n00040960_fin_dip.eps Graphic file (type eps)


<figures/eps/vio/chi/b8/e0.5/n00040960_fin_dip.eps>
File: figures/eps/vio/chi/b8/e0.5/n00040960_fin_dip_wovio.eps Graphic file (typ
e eps)

<figures/eps/vio/chi/b8/e0.5/n00040960_fin_dip_wovio.eps>
File: figures/eps/vio/chi/b8/e0.5/n00081920_fin_dip.eps Graphic file (type eps)


<figures/eps/vio/chi/b8/e0.5/n00081920_fin_dip.eps>
File: figures/eps/vio/chi/b8/e0.5/n00081920_fin_dip_wovio.eps Graphic file (typ
e eps)

<figures/eps/vio/chi/b8/e0.5/n00081920_fin_dip_wovio.eps>
File: figures/eps/vio/chi/b8/e0.5/inf_dip.eps Graphic file (type eps)

<figures/eps/vio/chi/b8/e0.5/inf_dip.eps>
File: figures/eps/vio/chi/b8/e0.5/inf_dip_wovio.eps Graphic file (type eps)

<figures/eps/vio/chi/b8/e0.5/inf_dip_wovio.eps>
Overfull \vbox (42.11111pt too high) has occurred while \output is active []


[78]
File: figures/eps/vio/chi/b10/e0.01/n00004096_fin_hap.eps Graphic file (type ep
s)
 <figures/eps/vio/chi/b10/e0.01/n00004096_fin_hap.eps>
File: figures/eps/vio/chi/b10/e0.01/n00004096_fin_hap_wovio.eps Graphic file (t
ype eps)

<figures/eps/vio/chi/b10/e0.01/n00004096_fin_hap_wovio.eps>
File: figures/eps/vio/chi/b10/e0.01/n00040960_fin_hap.eps Graphic file (type ep
s)

<figures/eps/vio/chi/b10/e0.01/n00040960_fin_hap.eps>
File: figures/eps/vio/chi/b10/e0.01/n00040960_fin_hap_wovio.eps Graphic file (t
ype eps)

<figures/eps/vio/chi/b10/e0.01/n00040960_fin_hap_wovio.eps>
File: figures/eps/vio/chi/b10/e0.01/n00081920_fin_hap.eps Graphic file (type ep
s)

<figures/eps/vio/chi/b10/e0.01/n00081920_fin_hap.eps>
File: figures/eps/vio/chi/b10/e0.01/n00081920_fin_hap_wovio.eps Graphic file (t
ype eps)

<figures/eps/vio/chi/b10/e0.01/n00081920_fin_hap_wovio.eps>
File: figures/eps/vio/chi/b10/e0.01/inf_hap.eps Graphic file (type eps)

<figures/eps/vio/chi/b10/e0.01/inf_hap.eps>
File: figures/eps/vio/chi/b10/e0.01/inf_hap_wovio.eps Graphic file (type eps)

<figures/eps/vio/chi/b10/e0.01/inf_hap_wovio.eps>
Overfull \vbox (42.11111pt too high) has occurred while \output is active []


[79]
File: figures/eps/vio/chi/b10/e0.01/n00004096_fin_dip.eps Graphic file (type ep
s)
 <figures/eps/vio/chi/b10/e0.01/n00004096_fin_dip.eps>
File: figures/eps/vio/chi/b10/e0.01/n00004096_fin_dip_wovio.eps Graphic file (t
ype eps)

<figures/eps/vio/chi/b10/e0.01/n00004096_fin_dip_wovio.eps>
File: figures/eps/vio/chi/b10/e0.01/n00040960_fin_dip.eps Graphic file (type ep
s)

<figures/eps/vio/chi/b10/e0.01/n00040960_fin_dip.eps>
File: figures/eps/vio/chi/b10/e0.01/n00040960_fin_dip_wovio.eps Graphic file (t
ype eps)

<figures/eps/vio/chi/b10/e0.01/n00040960_fin_dip_wovio.eps>
File: figures/eps/vio/chi/b10/e0.01/n00081920_fin_dip.eps Graphic file (type ep
s)

<figures/eps/vio/chi/b10/e0.01/n00081920_fin_dip.eps>
File: figures/eps/vio/chi/b10/e0.01/n00081920_fin_dip_wovio.eps Graphic file (t
ype eps)

<figures/eps/vio/chi/b10/e0.01/n00081920_fin_dip_wovio.eps>
File: figures/eps/vio/chi/b10/e0.01/inf_dip.eps Graphic file (type eps)

<figures/eps/vio/chi/b10/e0.01/inf_dip.eps>
File: figures/eps/vio/chi/b10/e0.01/inf_dip_wovio.eps Graphic file (type eps)

<figures/eps/vio/chi/b10/e0.01/inf_dip_wovio.eps>
Overfull \vbox (42.11111pt too high) has occurred while \output is active []


[80]
File: figures/eps/vio/chi/b10/e0.1/n00004096_fin_hap.eps Graphic file (type eps
)
 <figures/eps/vio/chi/b10/e0.1/n00004096_fin_hap.eps>
File: figures/eps/vio/chi/b10/e0.1/n00004096_fin_hap_wovio.eps Graphic file (ty
pe eps)

<figures/eps/vio/chi/b10/e0.1/n00004096_fin_hap_wovio.eps>
File: figures/eps/vio/chi/b10/e0.1/n00040960_fin_hap.eps Graphic file (type eps
)

<figures/eps/vio/chi/b10/e0.1/n00040960_fin_hap.eps>
File: figures/eps/vio/chi/b10/e0.1/n00040960_fin_hap_wovio.eps Graphic file (ty
pe eps)

<figures/eps/vio/chi/b10/e0.1/n00040960_fin_hap_wovio.eps>
File: figures/eps/vio/chi/b10/e0.1/n00081920_fin_hap.eps Graphic file (type eps
)

<figures/eps/vio/chi/b10/e0.1/n00081920_fin_hap.eps>
File: figures/eps/vio/chi/b10/e0.1/n00081920_fin_hap_wovio.eps Graphic file (ty
pe eps)

<figures/eps/vio/chi/b10/e0.1/n00081920_fin_hap_wovio.eps>
File: figures/eps/vio/chi/b10/e0.1/inf_hap.eps Graphic file (type eps)

<figures/eps/vio/chi/b10/e0.1/inf_hap.eps>
File: figures/eps/vio/chi/b10/e0.1/inf_hap_wovio.eps Graphic file (type eps)

<figures/eps/vio/chi/b10/e0.1/inf_hap_wovio.eps>
Overfull \vbox (42.11111pt too high) has occurred while \output is active []


[81]
File: figures/eps/vio/chi/b10/e0.1/n00004096_fin_dip.eps Graphic file (type eps
)
 <figures/eps/vio/chi/b10/e0.1/n00004096_fin_dip.eps>
File: figures/eps/vio/chi/b10/e0.1/n00004096_fin_dip_wovio.eps Graphic file (ty
pe eps)

<figures/eps/vio/chi/b10/e0.1/n00004096_fin_dip_wovio.eps>
File: figures/eps/vio/chi/b10/e0.1/n00040960_fin_dip.eps Graphic file (type eps
)

<figures/eps/vio/chi/b10/e0.1/n00040960_fin_dip.eps>
File: figures/eps/vio/chi/b10/e0.1/n00040960_fin_dip_wovio.eps Graphic file (ty
pe eps)

<figures/eps/vio/chi/b10/e0.1/n00040960_fin_dip_wovio.eps>
File: figures/eps/vio/chi/b10/e0.1/n00081920_fin_dip.eps Graphic file (type eps
)

<figures/eps/vio/chi/b10/e0.1/n00081920_fin_dip.eps>
File: figures/eps/vio/chi/b10/e0.1/n00081920_fin_dip_wovio.eps Graphic file (ty
pe eps)

<figures/eps/vio/chi/b10/e0.1/n00081920_fin_dip_wovio.eps>
File: figures/eps/vio/chi/b10/e0.1/inf_dip.eps Graphic file (type eps)

<figures/eps/vio/chi/b10/e0.1/inf_dip.eps>
File: figures/eps/vio/chi/b10/e0.1/inf_dip_wovio.eps Graphic file (type eps)

<figures/eps/vio/chi/b10/e0.1/inf_dip_wovio.eps>
Overfull \vbox (42.11111pt too high) has occurred while \output is active []


[82]
File: figures/eps/vio/chi/b10/e0.5/n00004096_fin_hap.eps Graphic file (type eps
)
 <figures/eps/vio/chi/b10/e0.5/n00004096_fin_hap.eps>
File: figures/eps/vio/chi/b10/e0.5/n00004096_fin_hap_wovio.eps Graphic file (ty
pe eps)

<figures/eps/vio/chi/b10/e0.5/n00004096_fin_hap_wovio.eps>
File: figures/eps/vio/chi/b10/e0.5/n00040960_fin_hap.eps Graphic file (type eps
)

<figures/eps/vio/chi/b10/e0.5/n00040960_fin_hap.eps>
File: figures/eps/vio/chi/b10/e0.5/n00040960_fin_hap_wovio.eps Graphic file (ty
pe eps)

<figures/eps/vio/chi/b10/e0.5/n00040960_fin_hap_wovio.eps>
File: figures/eps/vio/chi/b10/e0.5/n00081920_fin_hap.eps Graphic file (type eps
)

<figures/eps/vio/chi/b10/e0.5/n00081920_fin_hap.eps>
File: figures/eps/vio/chi/b10/e0.5/n00081920_fin_hap_wovio.eps Graphic file (ty
pe eps)

<figures/eps/vio/chi/b10/e0.5/n00081920_fin_hap_wovio.eps>
File: figures/eps/vio/chi/b10/e0.5/inf_hap.eps Graphic file (type eps)

<figures/eps/vio/chi/b10/e0.5/inf_hap.eps>
File: figures/eps/vio/chi/b10/e0.5/inf_hap_wovio.eps Graphic file (type eps)

<figures/eps/vio/chi/b10/e0.5/inf_hap_wovio.eps>
Overfull \vbox (42.11111pt too high) has occurred while \output is active []


[83]
File: figures/eps/vio/chi/b10/e0.5/n00004096_fin_dip.eps Graphic file (type eps
)
 <figures/eps/vio/chi/b10/e0.5/n00004096_fin_dip.eps>
File: figures/eps/vio/chi/b10/e0.5/n00004096_fin_dip_wovio.eps Graphic file (ty
pe eps)

<figures/eps/vio/chi/b10/e0.5/n00004096_fin_dip_wovio.eps>
File: figures/eps/vio/chi/b10/e0.5/n00040960_fin_dip.eps Graphic file (type eps
)

<figures/eps/vio/chi/b10/e0.5/n00040960_fin_dip.eps>
File: figures/eps/vio/chi/b10/e0.5/n00040960_fin_dip_wovio.eps Graphic file (ty
pe eps)

<figures/eps/vio/chi/b10/e0.5/n00040960_fin_dip_wovio.eps>
File: figures/eps/vio/chi/b10/e0.5/n00081920_fin_dip.eps Graphic file (type eps
)

<figures/eps/vio/chi/b10/e0.5/n00081920_fin_dip.eps>
File: figures/eps/vio/chi/b10/e0.5/n00081920_fin_dip_wovio.eps Graphic file (ty
pe eps)

<figures/eps/vio/chi/b10/e0.5/n00081920_fin_dip_wovio.eps>
File: figures/eps/vio/chi/b10/e0.5/inf_dip.eps Graphic file (type eps)

<figures/eps/vio/chi/b10/e0.5/inf_dip.eps>
File: figures/eps/vio/chi/b10/e0.5/inf_dip_wovio.eps Graphic file (type eps)

<figures/eps/vio/chi/b10/e0.5/inf_dip_wovio.eps>
Overfull \vbox (42.11111pt too high) has occurred while \output is active []


[84]
File: figures/eps/vio/chi/b12/e0.01/n00004096_fin_hap.eps Graphic file (type ep
s)
 <figures/eps/vio/chi/b12/e0.01/n00004096_fin_hap.eps>
File: figures/eps/vio/chi/b12/e0.01/n00004096_fin_hap_wovio.eps Graphic file (t
ype eps)

<figures/eps/vio/chi/b12/e0.01/n00004096_fin_hap_wovio.eps>
File: figures/eps/vio/chi/b12/e0.01/n00040960_fin_hap.eps Graphic file (type ep
s)

<figures/eps/vio/chi/b12/e0.01/n00040960_fin_hap.eps>
File: figures/eps/vio/chi/b12/e0.01/n00040960_fin_hap_wovio.eps Graphic file (t
ype eps)

<figures/eps/vio/chi/b12/e0.01/n00040960_fin_hap_wovio.eps>
File: figures/eps/vio/chi/b12/e0.01/n00081920_fin_hap.eps Graphic file (type ep
s)

<figures/eps/vio/chi/b12/e0.01/n00081920_fin_hap.eps>
File: figures/eps/vio/chi/b12/e0.01/n00081920_fin_hap_wovio.eps Graphic file (t
ype eps)

<figures/eps/vio/chi/b12/e0.01/n00081920_fin_hap_wovio.eps>
File: figures/eps/vio/chi/b12/e0.01/inf_hap.eps Graphic file (type eps)

<figures/eps/vio/chi/b12/e0.01/inf_hap.eps>
File: figures/eps/vio/chi/b12/e0.01/inf_hap_wovio.eps Graphic file (type eps)

<figures/eps/vio/chi/b12/e0.01/inf_hap_wovio.eps>
Overfull \vbox (42.11111pt too high) has occurred while \output is active []


[85]
File: figures/eps/vio/chi/b12/e0.01/n00004096_fin_dip.eps Graphic file (type ep
s)
 <figures/eps/vio/chi/b12/e0.01/n00004096_fin_dip.eps>
File: figures/eps/vio/chi/b12/e0.01/n00004096_fin_dip_wovio.eps Graphic file (t
ype eps)

<figures/eps/vio/chi/b12/e0.01/n00004096_fin_dip_wovio.eps>
File: figures/eps/vio/chi/b12/e0.01/n00040960_fin_dip.eps Graphic file (type ep
s)

<figures/eps/vio/chi/b12/e0.01/n00040960_fin_dip.eps>
File: figures/eps/vio/chi/b12/e0.01/n00040960_fin_dip_wovio.eps Graphic file (t
ype eps)

<figures/eps/vio/chi/b12/e0.01/n00040960_fin_dip_wovio.eps>
File: figures/eps/vio/chi/b12/e0.01/n00081920_fin_dip.eps Graphic file (type ep
s)

<figures/eps/vio/chi/b12/e0.01/n00081920_fin_dip.eps>
File: figures/eps/vio/chi/b12/e0.01/n00081920_fin_dip_wovio.eps Graphic file (t
ype eps)

<figures/eps/vio/chi/b12/e0.01/n00081920_fin_dip_wovio.eps>
File: figures/eps/vio/chi/b12/e0.01/inf_dip.eps Graphic file (type eps)

<figures/eps/vio/chi/b12/e0.01/inf_dip.eps>
File: figures/eps/vio/chi/b12/e0.01/inf_dip_wovio.eps Graphic file (type eps)

<figures/eps/vio/chi/b12/e0.01/inf_dip_wovio.eps>
Overfull \vbox (42.11111pt too high) has occurred while \output is active []


[86]
File: figures/eps/vio/chi/b12/e0.1/n00004096_fin_hap.eps Graphic file (type eps
)
 <figures/eps/vio/chi/b12/e0.1/n00004096_fin_hap.eps>
File: figures/eps/vio/chi/b12/e0.1/n00004096_fin_hap_wovio.eps Graphic file (ty
pe eps)

<figures/eps/vio/chi/b12/e0.1/n00004096_fin_hap_wovio.eps>
File: figures/eps/vio/chi/b12/e0.1/n00040960_fin_hap.eps Graphic file (type eps
)

<figures/eps/vio/chi/b12/e0.1/n00040960_fin_hap.eps>
File: figures/eps/vio/chi/b12/e0.1/n00040960_fin_hap_wovio.eps Graphic file (ty
pe eps)

<figures/eps/vio/chi/b12/e0.1/n00040960_fin_hap_wovio.eps>
File: figures/eps/vio/chi/b12/e0.1/n00081920_fin_hap.eps Graphic file (type eps
)

<figures/eps/vio/chi/b12/e0.1/n00081920_fin_hap.eps>
File: figures/eps/vio/chi/b12/e0.1/n00081920_fin_hap_wovio.eps Graphic file (ty
pe eps)

<figures/eps/vio/chi/b12/e0.1/n00081920_fin_hap_wovio.eps>
File: figures/eps/vio/chi/b12/e0.1/inf_hap.eps Graphic file (type eps)

<figures/eps/vio/chi/b12/e0.1/inf_hap.eps>
File: figures/eps/vio/chi/b12/e0.1/inf_hap_wovio.eps Graphic file (type eps)

<figures/eps/vio/chi/b12/e0.1/inf_hap_wovio.eps>
Overfull \vbox (42.11111pt too high) has occurred while \output is active []


[87]
File: figures/eps/vio/chi/b12/e0.1/n00004096_fin_dip.eps Graphic file (type eps
)
 <figures/eps/vio/chi/b12/e0.1/n00004096_fin_dip.eps>
File: figures/eps/vio/chi/b12/e0.1/n00004096_fin_dip_wovio.eps Graphic file (ty
pe eps)

<figures/eps/vio/chi/b12/e0.1/n00004096_fin_dip_wovio.eps>
File: figures/eps/vio/chi/b12/e0.1/n00040960_fin_dip.eps Graphic file (type eps
)

<figures/eps/vio/chi/b12/e0.1/n00040960_fin_dip.eps>
File: figures/eps/vio/chi/b12/e0.1/n00040960_fin_dip_wovio.eps Graphic file (ty
pe eps)

<figures/eps/vio/chi/b12/e0.1/n00040960_fin_dip_wovio.eps>
File: figures/eps/vio/chi/b12/e0.1/n00081920_fin_dip.eps Graphic file (type eps
)

<figures/eps/vio/chi/b12/e0.1/n00081920_fin_dip.eps>
File: figures/eps/vio/chi/b12/e0.1/n00081920_fin_dip_wovio.eps Graphic file (ty
pe eps)

<figures/eps/vio/chi/b12/e0.1/n00081920_fin_dip_wovio.eps>
File: figures/eps/vio/chi/b12/e0.1/inf_dip.eps Graphic file (type eps)

<figures/eps/vio/chi/b12/e0.1/inf_dip.eps>
File: figures/eps/vio/chi/b12/e0.1/inf_dip_wovio.eps Graphic file (type eps)

<figures/eps/vio/chi/b12/e0.1/inf_dip_wovio.eps>
Overfull \vbox (42.11111pt too high) has occurred while \output is active []


[88]
File: figures/eps/vio/chi/b12/e0.5/n00004096_fin_hap.eps Graphic file (type eps
)
 <figures/eps/vio/chi/b12/e0.5/n00004096_fin_hap.eps>
File: figures/eps/vio/chi/b12/e0.5/n00004096_fin_hap_wovio.eps Graphic file (ty
pe eps)

<figures/eps/vio/chi/b12/e0.5/n00004096_fin_hap_wovio.eps>
File: figures/eps/vio/chi/b12/e0.5/n00040960_fin_hap.eps Graphic file (type eps
)

<figures/eps/vio/chi/b12/e0.5/n00040960_fin_hap.eps>
File: figures/eps/vio/chi/b12/e0.5/n00040960_fin_hap_wovio.eps Graphic file (ty
pe eps)

<figures/eps/vio/chi/b12/e0.5/n00040960_fin_hap_wovio.eps>
File: figures/eps/vio/chi/b12/e0.5/n00081920_fin_hap.eps Graphic file (type eps
)

<figures/eps/vio/chi/b12/e0.5/n00081920_fin_hap.eps>
File: figures/eps/vio/chi/b12/e0.5/n00081920_fin_hap_wovio.eps Graphic file (ty
pe eps)

<figures/eps/vio/chi/b12/e0.5/n00081920_fin_hap_wovio.eps>
File: figures/eps/vio/chi/b12/e0.5/inf_hap.eps Graphic file (type eps)

<figures/eps/vio/chi/b12/e0.5/inf_hap.eps>
File: figures/eps/vio/chi/b12/e0.5/inf_hap_wovio.eps Graphic file (type eps)

<figures/eps/vio/chi/b12/e0.5/inf_hap_wovio.eps>
Overfull \vbox (42.11111pt too high) has occurred while \output is active []


[89]
File: figures/eps/vio/chi/b12/e0.5/n00004096_fin_dip.eps Graphic file (type eps
)
 <figures/eps/vio/chi/b12/e0.5/n00004096_fin_dip.eps>
File: figures/eps/vio/chi/b12/e0.5/n00004096_fin_dip_wovio.eps Graphic file (ty
pe eps)

<figures/eps/vio/chi/b12/e0.5/n00004096_fin_dip_wovio.eps>
File: figures/eps/vio/chi/b12/e0.5/n00040960_fin_dip.eps Graphic file (type eps
)

<figures/eps/vio/chi/b12/e0.5/n00040960_fin_dip.eps>
File: figures/eps/vio/chi/b12/e0.5/n00040960_fin_dip_wovio.eps Graphic file (ty
pe eps)

<figures/eps/vio/chi/b12/e0.5/n00040960_fin_dip_wovio.eps>
File: figures/eps/vio/chi/b12/e0.5/n00081920_fin_dip.eps Graphic file (type eps
)

<figures/eps/vio/chi/b12/e0.5/n00081920_fin_dip.eps>
File: figures/eps/vio/chi/b12/e0.5/n00081920_fin_dip_wovio.eps Graphic file (ty
pe eps)

<figures/eps/vio/chi/b12/e0.5/n00081920_fin_dip_wovio.eps>
File: figures/eps/vio/chi/b12/e0.5/inf_dip.eps Graphic file (type eps)

<figures/eps/vio/chi/b12/e0.5/inf_dip.eps>
File: figures/eps/vio/chi/b12/e0.5/inf_dip_wovio.eps Graphic file (type eps)

<figures/eps/vio/chi/b12/e0.5/inf_dip_wovio.eps>
Overfull \vbox (42.11111pt too high) has occurred while \output is active []


[90]
File: figures/eps/vio/chi/b14/e0.01/n00004096_fin_hap.eps Graphic file (type ep
s)
 <figures/eps/vio/chi/b14/e0.01/n00004096_fin_hap.eps>
File: figures/eps/vio/chi/b14/e0.01/n00004096_fin_hap_wovio.eps Graphic file (t
ype eps)

<figures/eps/vio/chi/b14/e0.01/n00004096_fin_hap_wovio.eps>
File: figures/eps/vio/chi/b14/e0.01/n00040960_fin_hap.eps Graphic file (type ep
s)

<figures/eps/vio/chi/b14/e0.01/n00040960_fin_hap.eps>
File: figures/eps/vio/chi/b14/e0.01/n00040960_fin_hap_wovio.eps Graphic file (t
ype eps)

<figures/eps/vio/chi/b14/e0.01/n00040960_fin_hap_wovio.eps>
File: figures/eps/vio/chi/b14/e0.01/n00081920_fin_hap.eps Graphic file (type ep
s)

<figures/eps/vio/chi/b14/e0.01/n00081920_fin_hap.eps>
File: figures/eps/vio/chi/b14/e0.01/n00081920_fin_hap_wovio.eps Graphic file (t
ype eps)

<figures/eps/vio/chi/b14/e0.01/n00081920_fin_hap_wovio.eps>
File: figures/eps/vio/chi/b14/e0.01/inf_hap.eps Graphic file (type eps)

<figures/eps/vio/chi/b14/e0.01/inf_hap.eps>
File: figures/eps/vio/chi/b14/e0.01/inf_hap_wovio.eps Graphic file (type eps)

<figures/eps/vio/chi/b14/e0.01/inf_hap_wovio.eps>
Overfull \vbox (42.11111pt too high) has occurred while \output is active []


[91]
File: figures/eps/vio/chi/b14/e0.01/n00004096_fin_dip.eps Graphic file (type ep
s)
 <figures/eps/vio/chi/b14/e0.01/n00004096_fin_dip.eps>
File: figures/eps/vio/chi/b14/e0.01/n00004096_fin_dip_wovio.eps Graphic file (t
ype eps)

<figures/eps/vio/chi/b14/e0.01/n00004096_fin_dip_wovio.eps>
File: figures/eps/vio/chi/b14/e0.01/n00040960_fin_dip.eps Graphic file (type ep
s)

<figures/eps/vio/chi/b14/e0.01/n00040960_fin_dip.eps>
File: figures/eps/vio/chi/b14/e0.01/n00040960_fin_dip_wovio.eps Graphic file (t
ype eps)

<figures/eps/vio/chi/b14/e0.01/n00040960_fin_dip_wovio.eps>
File: figures/eps/vio/chi/b14/e0.01/n00081920_fin_dip.eps Graphic file (type ep
s)

<figures/eps/vio/chi/b14/e0.01/n00081920_fin_dip.eps>
File: figures/eps/vio/chi/b14/e0.01/n00081920_fin_dip_wovio.eps Graphic file (t
ype eps)

<figures/eps/vio/chi/b14/e0.01/n00081920_fin_dip_wovio.eps>
File: figures/eps/vio/chi/b14/e0.01/inf_dip.eps Graphic file (type eps)

<figures/eps/vio/chi/b14/e0.01/inf_dip.eps>
File: figures/eps/vio/chi/b14/e0.01/inf_dip_wovio.eps Graphic file (type eps)

<figures/eps/vio/chi/b14/e0.01/inf_dip_wovio.eps>
Overfull \vbox (42.11111pt too high) has occurred while \output is active []


[92]
File: figures/eps/vio/chi/b14/e0.1/n00004096_fin_hap.eps Graphic file (type eps
)
 <figures/eps/vio/chi/b14/e0.1/n00004096_fin_hap.eps>
File: figures/eps/vio/chi/b14/e0.1/n00004096_fin_hap_wovio.eps Graphic file (ty
pe eps)

<figures/eps/vio/chi/b14/e0.1/n00004096_fin_hap_wovio.eps>
File: figures/eps/vio/chi/b14/e0.1/n00040960_fin_hap.eps Graphic file (type eps
)

<figures/eps/vio/chi/b14/e0.1/n00040960_fin_hap.eps>
File: figures/eps/vio/chi/b14/e0.1/n00040960_fin_hap_wovio.eps Graphic file (ty
pe eps)

<figures/eps/vio/chi/b14/e0.1/n00040960_fin_hap_wovio.eps>
File: figures/eps/vio/chi/b14/e0.1/n00081920_fin_hap.eps Graphic file (type eps
)

<figures/eps/vio/chi/b14/e0.1/n00081920_fin_hap.eps>
File: figures/eps/vio/chi/b14/e0.1/n00081920_fin_hap_wovio.eps Graphic file (ty
pe eps)

<figures/eps/vio/chi/b14/e0.1/n00081920_fin_hap_wovio.eps>
File: figures/eps/vio/chi/b14/e0.1/inf_hap.eps Graphic file (type eps)

<figures/eps/vio/chi/b14/e0.1/inf_hap.eps>
File: figures/eps/vio/chi/b14/e0.1/inf_hap_wovio.eps Graphic file (type eps)

<figures/eps/vio/chi/b14/e0.1/inf_hap_wovio.eps>
Overfull \vbox (42.11111pt too high) has occurred while \output is active []


[93]
File: figures/eps/vio/chi/b14/e0.1/n00004096_fin_dip.eps Graphic file (type eps
)
 <figures/eps/vio/chi/b14/e0.1/n00004096_fin_dip.eps>
File: figures/eps/vio/chi/b14/e0.1/n00004096_fin_dip_wovio.eps Graphic file (ty
pe eps)

<figures/eps/vio/chi/b14/e0.1/n00004096_fin_dip_wovio.eps>
File: figures/eps/vio/chi/b14/e0.1/n00040960_fin_dip.eps Graphic file (type eps
)

<figures/eps/vio/chi/b14/e0.1/n00040960_fin_dip.eps>
File: figures/eps/vio/chi/b14/e0.1/n00040960_fin_dip_wovio.eps Graphic file (ty
pe eps)

<figures/eps/vio/chi/b14/e0.1/n00040960_fin_dip_wovio.eps>
File: figures/eps/vio/chi/b14/e0.1/n00081920_fin_dip.eps Graphic file (type eps
)

<figures/eps/vio/chi/b14/e0.1/n00081920_fin_dip.eps>
File: figures/eps/vio/chi/b14/e0.1/n00081920_fin_dip_wovio.eps Graphic file (ty
pe eps)

<figures/eps/vio/chi/b14/e0.1/n00081920_fin_dip_wovio.eps>
File: figures/eps/vio/chi/b14/e0.1/inf_dip.eps Graphic file (type eps)

<figures/eps/vio/chi/b14/e0.1/inf_dip.eps>
File: figures/eps/vio/chi/b14/e0.1/inf_dip_wovio.eps Graphic file (type eps)

<figures/eps/vio/chi/b14/e0.1/inf_dip_wovio.eps>
Overfull \vbox (42.11111pt too high) has occurred while \output is active []


[94]
File: figures/eps/vio/chi/b14/e0.5/n00004096_fin_hap.eps Graphic file (type eps
)
 <figures/eps/vio/chi/b14/e0.5/n00004096_fin_hap.eps>
File: figures/eps/vio/chi/b14/e0.5/n00004096_fin_hap_wovio.eps Graphic file (ty
pe eps)

<figures/eps/vio/chi/b14/e0.5/n00004096_fin_hap_wovio.eps>
File: figures/eps/vio/chi/b14/e0.5/n00040960_fin_hap.eps Graphic file (type eps
)

<figures/eps/vio/chi/b14/e0.5/n00040960_fin_hap.eps>
File: figures/eps/vio/chi/b14/e0.5/n00040960_fin_hap_wovio.eps Graphic file (ty
pe eps)

<figures/eps/vio/chi/b14/e0.5/n00040960_fin_hap_wovio.eps>
File: figures/eps/vio/chi/b14/e0.5/n00081920_fin_hap.eps Graphic file (type eps
)

<figures/eps/vio/chi/b14/e0.5/n00081920_fin_hap.eps>
File: figures/eps/vio/chi/b14/e0.5/n00081920_fin_hap_wovio.eps Graphic file (ty
pe eps)

<figures/eps/vio/chi/b14/e0.5/n00081920_fin_hap_wovio.eps>
File: figures/eps/vio/chi/b14/e0.5/inf_hap.eps Graphic file (type eps)

<figures/eps/vio/chi/b14/e0.5/inf_hap.eps>
File: figures/eps/vio/chi/b14/e0.5/inf_hap_wovio.eps Graphic file (type eps)

<figures/eps/vio/chi/b14/e0.5/inf_hap_wovio.eps>
Overfull \vbox (42.11111pt too high) has occurred while \output is active []


[95]
File: figures/eps/vio/chi/b14/e0.5/n00004096_fin_dip.eps Graphic file (type eps
)
 <figures/eps/vio/chi/b14/e0.5/n00004096_fin_dip.eps>
File: figures/eps/vio/chi/b14/e0.5/n00004096_fin_dip_wovio.eps Graphic file (ty
pe eps)

<figures/eps/vio/chi/b14/e0.5/n00004096_fin_dip_wovio.eps>
File: figures/eps/vio/chi/b14/e0.5/n00040960_fin_dip.eps Graphic file (type eps
)

<figures/eps/vio/chi/b14/e0.5/n00040960_fin_dip.eps>
File: figures/eps/vio/chi/b14/e0.5/n00040960_fin_dip_wovio.eps Graphic file (ty
pe eps)

<figures/eps/vio/chi/b14/e0.5/n00040960_fin_dip_wovio.eps>
File: figures/eps/vio/chi/b14/e0.5/n00081920_fin_dip.eps Graphic file (type eps
)

<figures/eps/vio/chi/b14/e0.5/n00081920_fin_dip.eps>
File: figures/eps/vio/chi/b14/e0.5/n00081920_fin_dip_wovio.eps Graphic file (ty
pe eps)

<figures/eps/vio/chi/b14/e0.5/n00081920_fin_dip_wovio.eps>
File: figures/eps/vio/chi/b14/e0.5/inf_dip.eps Graphic file (type eps)

<figures/eps/vio/chi/b14/e0.5/inf_dip.eps>
File: figures/eps/vio/chi/b14/e0.5/inf_dip_wovio.eps Graphic file (type eps)

<figures/eps/vio/chi/b14/e0.5/inf_dip_wovio.eps>
Overfull \vbox (42.11111pt too high) has occurred while \output is active []


[96])
:<-
[97] [98]
Package srcltx Info: Expanded filename `chapters/vio-mu-table.tex' to `chapters
/vio-mu-table.tex' on input line 367.

:<+ chapters/vio-mu-table.tex
(./chapters/vio-mu-table.tex)
:<-
[99]
Package srcltx Info: Expanded filename `chapters/vio-chi-table.tex' to `chapter
s/vio-chi-table.tex' on input line 370.

:<+ chapters/vio-chi-table.tex
(./chapters/vio-chi-table.tex)
:<-
[100]) [101]
:<-
:<+ chapters/chapter-4.tex
\openout2 = `chapters/chapter-4.aux'.

(./chapters/chapter-4.tex
Chapter 4.
[102




]) [103]
:<-
:<+ my-dissertation.bbl
(./my-dissertation.bbl (./my-dissertation.brf)
\tf@brf=\write8
\openout8 = `my-dissertation.brf'.

 [104



] [105

]
Underfull \hbox (badness 1946) in paragraph at lines 71--71
[]\OT1/cmr/m/n/12 Mendel, G. (1865).  Ver-suche ^^?uber plflanzen-hy-bri-den.  
\OT1/cmr/m/it/12 Ver-hand-lun-gen des
 []

)
:<-
[106] [107]
:<+ back-matter/appendix-1.tex
\openout2 = `back-matter/appendix-1.aux'.

(./back-matter/appendix-1.tex)
:<-
:<+ back-matter/vita.tex
\openout2 = `back-matter/vita.aux'.

(./back-matter/vita.tex) [108








]
:<-

Package natbib Warning: There were undefined citations.

Package atveryend Info: Empty hook `BeforeClearDocument' on input line 138.
Package atveryend Info: Empty hook `AfterLastShipout' on input line 138.
(./my-dissertation.aux (./front-matter/dedication.aux)
(./front-matter/acknowledgements.aux) (./front-matter/quote.aux)
(./front-matter/abstract.aux) (./front-matter/nomenclature.aux)
(./chapters/chapter-1.aux) (./chapters/chapter-2.aux) (./chapters/chapter-3.aux
) (./chapters/chapter-4.aux) (./back-matter/appendix-1.aux)
(./back-matter/vita.aux))
Package atveryend Info: Empty hook `AtVeryEndDocument' on input line 138.
Package atveryend Info: Executing hook `AtEndAfterFileList' on input line 138.
Package rerunfilecheck Info: File `my-dissertation.out' has not changed.
(rerunfilecheck)             Checksum: 933784730F29F0CD3CCCF8E03AF01B40;2182.


Package rerunfilecheck Warning: File `my-dissertation.brf' has changed.
(rerunfilecheck)                Rerun to get bibliographical references right.

Package rerunfilecheck Info: Checksums for `my-dissertation.brf':
(rerunfilecheck)             Before: BC9B57CFC25840297FD5DA7AF1295466;1961
(rerunfilecheck)             After:  57AABD021759D5571457666C9E91B150;1961.

LaTeX Warning: Label(s) may have changed. Rerun to get cross-references right.

Package atveryend Info: Empty hook `AtVeryVeryEnd' on input line 138.
 ) 
Here is how much of TeX's memory you used:
 10076 strings out of 495029
 167366 string characters out of 6181524
 291235 words of memory out of 5000000
 12940 multiletter control sequences out of 15000+600000
 19479 words of font info for 74 fonts, out of 8000000 for 9000
 14 hyphenation exceptions out of 8191
 39i,13n,53p,821b,450s stack positions out of 5000i,500n,10000p,200000b,80000s

Output written on my-dissertation.dvi (133 pages, 586392 bytes).
